<?xml version="1.0" encoding="UTF-8"?>
<testsuites name="Regression" time="13.38" tests="2" failures="0" errors="0">
   <testsuite name="Regression" tests="2" failures="0" errors="0" time="13.38" skipped="0" timestamp="10-07-2024T05:04:03" hostname="usman - 192.168.0.125" id="Test Suites/Regression">
      <properties>
         <property name="deviceName" value=""/>
         <property name="devicePlatform"/>
         <property name="logFolder" value="C:\\Users\\usman\\Katalon Studio\\SauceDemo\\Reports\\20240710_050311\\Regression\\20240710_050314"/>
         <property name="logFiles" value="C:\\Users\\usman\\Katalon Studio\\SauceDemo\\Reports\\20240710_050311\\Regression\\20240710_050314\\execution0.log"/>
         <property name="attachments" value=""/>
         <property name="hostName" value="usman - 192.168.0.125"/>
         <property name="os" value="Windows 11 64bit"/>
         <property name="katalonVersion" value="9.5.0.217"/>
         <property name="browser" value="Chrome 126.0.0.0"/>
         <property name="hostAddress" value="192.168.0.125"/>
         <property name="sessionId" value="99dae28a9cd9cb79a05b2494d4812b3f"/>
         <property name="seleniumVersion" value="3.141.59"/>
         <property name="proxyInformation" value="ProxyInformation { proxyOption=USE_SYSTEM, proxyServerType=HTTP, username=, password=********, proxyServerAddress=, proxyServerPort=0, executionList=&quot;&quot;, isApplyToDesiredCapabilities=true }"/>
         <property name="platform" value="Windows 11"/>
      </properties>
      <testcase name="Test Cases/Login" time="6.362" classname="Test Cases/Login" status="PASSED">
         <system-out><![CDATA[10-07-2024T05:04:03 - [TEST_CASE][PASSED] - Test Cases/Login: Test Cases/Login

10-07-2024T05:04:03 - [TEST_STEP][PASSED] - openBrowser(""): Browser is opened with url: ''

10-07-2024T05:04:04 - [MESSAGE][INFO] - Starting 'Chrome' driver

10-07-2024T05:04:04 - [MESSAGE][INFO] - Action delay is set to 0 milliseconds

10-07-2024T05:04:05 - [MESSAGE][PASSED] - Browser is opened with url: ''

10-07-2024T05:04:05 - [TEST_STEP][PASSED] - navigateToUrl("https://www.saucedemo.com/"): Navigate to 'https://www.saucedemo.com/' successfully

10-07-2024T05:04:06 - [MESSAGE][PASSED] - Navigate to 'https://www.saucedemo.com/' successfully

10-07-2024T05:04:06 - [TEST_STEP][PASSED] - verifyElementPresent(findTestObject("Logo"), 0): Object 'Object Repository/Logo' is present

10-07-2024T05:04:06 - [MESSAGE][WARNING] - Timeout '0' is invalid. Using default page load timeout: '30'

10-07-2024T05:04:07 - [MESSAGE][PASSED] - Object 'Object Repository/Logo' is present

10-07-2024T05:04:07 - [TEST_STEP][PASSED] - setText(findTestObject("Object Repository/Page_Swag Labs/input_Swag Labs_user-name"), "standard_user"): Text 'standard_user' is set on object 'Object Repository/Page_Swag Labs/input_Swag Labs_user-name'

10-07-2024T05:04:08 - [MESSAGE][PASSED] - Text 'standard_user' is set on object 'Object Repository/Page_Swag Labs/input_Swag Labs_user-name'

10-07-2024T05:04:08 - [TEST_STEP][PASSED] - setEncryptedText(findTestObject("Object Repository/Page_Swag Labs/input_Swag Labs_password"), "qcu24s4901FyWDTwXGr6XA=="): Text ****** has been set on object 'Object Repository/Page_Swag Labs/input_Swag Labs_password'

10-07-2024T05:04:08 - [MESSAGE][PASSED] - Text ****** has been set on object 'Object Repository/Page_Swag Labs/input_Swag Labs_password'

10-07-2024T05:04:08 - [TEST_STEP][PASSED] - click(findTestObject("Object Repository/Page_Swag Labs/input_Swag Labs_login-button")): Object: 'Object Repository/Page_Swag Labs/input_Swag Labs_login-button' is clicked on

10-07-2024T05:04:09 - [MESSAGE][PASSED] - Object: 'Object Repository/Page_Swag Labs/input_Swag Labs_login-button' is clicked on

10-07-2024T05:04:09 - [TEST_STEP][PASSED] - click(findTestObject("Object Repository/Page_Swag Labs/div_Swag Labs")): Object: 'Object Repository/Page_Swag Labs/div_Swag Labs' is clicked on

10-07-2024T05:04:09 - [MESSAGE][PASSED] - Object: 'Object Repository/Page_Swag Labs/div_Swag Labs' is clicked on

10-07-2024T05:04:09 - [TEST_STEP][PASSED] - verifyElementText(findTestObject("Object Repository/Page_Swag Labs/div_Swag Labs"), "Swag Labs"): Actual text and expected text of test object 'Object Repository/Page_Swag Labs/div_Swag Labs' are matched.

10-07-2024T05:04:09 - [MESSAGE][PASSED] - Actual text and expected text of test object 'Object Repository/Page_Swag Labs/div_Swag Labs' are matched.]]></system-out>
         <system-err><![CDATA[]]></system-err>
      </testcase>
      <testcase name="Test Cases/SelectMenu" time="6.871" classname="Test Cases/SelectMenu" status="PASSED">
         <system-out><![CDATA[10-07-2024T05:04:09 - [TEST_CASE][PASSED] - Test Cases/SelectMenu: Test Cases/SelectMenu

10-07-2024T05:04:09 - [TEST_STEP][PASSED] - callTestCase(findTestCase("Login"), [:], STOP_ON_FAILURE): Call Test Case 'Test Cases/Login' successfully

10-07-2024T05:04:10 - [TEST_CASE][PASSED] - Test Cases/Login: Test Cases/Login

10-07-2024T05:04:10 - [TEST_STEP][PASSED] - openBrowser(""): Browser is opened with url: ''

10-07-2024T05:04:10 - [MESSAGE][WARNING] - A browser is already opened. Closing browser and opening a new one

10-07-2024T05:04:10 - [MESSAGE][INFO] - Starting 'Chrome' driver

10-07-2024T05:04:10 - [MESSAGE][INFO] - Action delay is set to 0 milliseconds

10-07-2024T05:04:11 - [MESSAGE][PASSED] - Browser is opened with url: ''

10-07-2024T05:04:11 - [TEST_STEP][PASSED] - navigateToUrl("https://www.saucedemo.com/"): Navigate to 'https://www.saucedemo.com/' successfully

10-07-2024T05:04:12 - [MESSAGE][PASSED] - Navigate to 'https://www.saucedemo.com/' successfully

10-07-2024T05:04:12 - [TEST_STEP][PASSED] - verifyElementPresent(findTestObject("Logo"), 0): Object 'Object Repository/Logo' is present

10-07-2024T05:04:12 - [MESSAGE][WARNING] - Timeout '0' is invalid. Using default page load timeout: '30'

10-07-2024T05:04:13 - [MESSAGE][PASSED] - Object 'Object Repository/Logo' is present

10-07-2024T05:04:13 - [TEST_STEP][PASSED] - setText(findTestObject("Object Repository/Page_Swag Labs/input_Swag Labs_user-name"), "standard_user"): Text 'standard_user' is set on object 'Object Repository/Page_Swag Labs/input_Swag Labs_user-name'

10-07-2024T05:04:13 - [MESSAGE][PASSED] - Text 'standard_user' is set on object 'Object Repository/Page_Swag Labs/input_Swag Labs_user-name'

10-07-2024T05:04:13 - [TEST_STEP][PASSED] - setEncryptedText(findTestObject("Object Repository/Page_Swag Labs/input_Swag Labs_password"), "qcu24s4901FyWDTwXGr6XA=="): Text ****** has been set on object 'Object Repository/Page_Swag Labs/input_Swag Labs_password'

10-07-2024T05:04:14 - [MESSAGE][PASSED] - Text ****** has been set on object 'Object Repository/Page_Swag Labs/input_Swag Labs_password'

10-07-2024T05:04:14 - [TEST_STEP][PASSED] - click(findTestObject("Object Repository/Page_Swag Labs/input_Swag Labs_login-button")): Object: 'Object Repository/Page_Swag Labs/input_Swag Labs_login-button' is clicked on

10-07-2024T05:04:14 - [MESSAGE][PASSED] - Object: 'Object Repository/Page_Swag Labs/input_Swag Labs_login-button' is clicked on

10-07-2024T05:04:14 - [TEST_STEP][PASSED] - click(findTestObject("Object Repository/Page_Swag Labs/div_Swag Labs")): Object: 'Object Repository/Page_Swag Labs/div_Swag Labs' is clicked on

10-07-2024T05:04:15 - [MESSAGE][PASSED] - Object: 'Object Repository/Page_Swag Labs/div_Swag Labs' is clicked on

10-07-2024T05:04:15 - [TEST_STEP][PASSED] - verifyElementText(findTestObject("Object Repository/Page_Swag Labs/div_Swag Labs"), "Swag Labs"): Actual text and expected text of test object 'Object Repository/Page_Swag Labs/div_Swag Labs' are matched.

10-07-2024T05:04:15 - [MESSAGE][PASSED] - Actual text and expected text of test object 'Object Repository/Page_Swag Labs/div_Swag Labs' are matched.

10-07-2024T05:04:15 - [MESSAGE][PASSED] - Call Test Case 'Test Cases/Login' successfully

10-07-2024T05:04:15 - [TEST_STEP][PASSED] - click(findTestObject("HomePage/MenuButton")): Object: 'Object Repository/HomePage/MenuButton' is clicked on

10-07-2024T05:04:15 - [MESSAGE][PASSED] - Object: 'Object Repository/HomePage/MenuButton' is clicked on

10-07-2024T05:04:15 - [TEST_STEP][PASSED] - click(findTestObject("HomePage/AllItems")): Object: 'Object Repository/HomePage/AllItems' is clicked on

10-07-2024T05:04:16 - [MESSAGE][PASSED] - Object: 'Object Repository/HomePage/AllItems' is clicked on

10-07-2024T05:04:16 - [TEST_STEP][PASSED] - click(findTestObject("HomePage/CloseMenu")): Object: 'Object Repository/HomePage/CloseMenu' is clicked on

10-07-2024T05:04:16 - [MESSAGE][PASSED] - Object: 'Object Repository/HomePage/CloseMenu' is clicked on]]></system-out>
         <system-err><![CDATA[]]></system-err>
      </testcase>
      <system-out><![CDATA[10-07-2024T05:04:03 - [TEST_SUITE][PASSED] - Regression: Test Cases/SelectMenu]]></system-out>
      <system-err><![CDATA[]]></system-err>
   </testsuite>
</testsuites>
