<?xml version="1.0" encoding="UTF-8"?>
<testsuites name="Full Regression" time="61.468" tests="7" failures="0" errors="0">
   <testsuite name="Data Driven" tests="5" failures="0" errors="0" time="37.96" skipped="0" timestamp="10-07-2024T05:03:19" hostname="usman - 192.168.0.125" id="Test Suites/Data Driven">
      <properties>
         <property name="deviceName" value=""/>
         <property name="devicePlatform"/>
         <property name="logFolder" value="C:\\Users\\usman\\Katalon Studio\\SauceDemo\\Reports\\20240710_050311\\Data Driven\\20240710_050312"/>
         <property name="logFiles" value="C:\\Users\\usman\\Katalon Studio\\SauceDemo\\Reports\\20240710_050311\\Data Driven\\20240710_050312\\execution0.log"/>
         <property name="attachments" value=""/>
         <property name="hostName" value="usman - 192.168.0.125"/>
         <property name="os" value="Windows 11 64bit"/>
         <property name="katalonVersion" value="9.5.0.217"/>
         <property name="browser" value="Chrome 126.0.0.0"/>
         <property name="hostAddress" value="192.168.0.125"/>
         <property name="sessionId" value="7e2c3b2fd4592330c1837bbf69426714"/>
         <property name="seleniumVersion" value="3.141.59"/>
         <property name="proxyInformation" value="ProxyInformation { proxyOption=USE_SYSTEM, proxyServerType=HTTP, username=, password=********, proxyServerAddress=, proxyServerPort=0, executionList=&quot;&quot;, isApplyToDesiredCapabilities=true }"/>
         <property name="platform" value="Windows 11"/>
      </properties>
      <testcase name="Test Cases/Data Driven/Login_DataDriven" time="7.797" classname="Test Cases/Data Driven/Login_DataDriven" status="PASSED">
         <system-out><![CDATA[10-07-2024T05:03:20 - [TEST_CASE][PASSED] - Test Cases/Data Driven/Login_DataDriven: Test Cases/Data Driven/Login_DataDriven

10-07-2024T05:03:20 - [TEST_STEP][PASSED] - openBrowser(""): Browser is opened with url: ''

10-07-2024T05:03:20 - [MESSAGE][INFO] - Starting 'Chrome' driver

10-07-2024T05:03:20 - [MESSAGE][INFO] - Action delay is set to 0 milliseconds

10-07-2024T05:03:22 - [MESSAGE][PASSED] - Browser is opened with url: ''

10-07-2024T05:03:22 - [TEST_STEP][PASSED] - navigateToUrl("https://www.saucedemo.com/"): Navigate to 'https://www.saucedemo.com/' successfully

10-07-2024T05:03:23 - [MESSAGE][PASSED] - Navigate to 'https://www.saucedemo.com/' successfully

10-07-2024T05:03:23 - [TEST_STEP][PASSED] - verifyElementPresent(findTestObject("Logo"), 0): Object 'Object Repository/Logo' is present

10-07-2024T05:03:23 - [MESSAGE][WARNING] - Timeout '0' is invalid. Using default page load timeout: '30'

10-07-2024T05:03:24 - [MESSAGE][PASSED] - Object 'Object Repository/Logo' is present

10-07-2024T05:03:24 - [TEST_STEP][PASSED] - setText(findTestObject("Object Repository/Page_Swag Labs/input_Swag Labs_user-name"), Username): Text 'standard_user' is set on object 'Object Repository/Page_Swag Labs/input_Swag Labs_user-name'

10-07-2024T05:03:25 - [MESSAGE][PASSED] - Text 'standard_user' is set on object 'Object Repository/Page_Swag Labs/input_Swag Labs_user-name'

10-07-2024T05:03:25 - [TEST_STEP][PASSED] - setText(findTestObject("Object Repository/Page_Swag Labs/input_Swag Labs_password"), Password): Text 'secret_sauce' is set on object 'Object Repository/Page_Swag Labs/input_Swag Labs_password'

10-07-2024T05:03:25 - [MESSAGE][PASSED] - Text 'secret_sauce' is set on object 'Object Repository/Page_Swag Labs/input_Swag Labs_password'

10-07-2024T05:03:25 - [TEST_STEP][PASSED] - click(findTestObject("Object Repository/Page_Swag Labs/input_Swag Labs_login-button")): Object: 'Object Repository/Page_Swag Labs/input_Swag Labs_login-button' is clicked on

10-07-2024T05:03:26 - [MESSAGE][PASSED] - Object: 'Object Repository/Page_Swag Labs/input_Swag Labs_login-button' is clicked on

10-07-2024T05:03:26 - [TEST_STEP][PASSED] - click(findTestObject("Object Repository/Page_Swag Labs/div_Swag Labs")): Object: 'Object Repository/Page_Swag Labs/div_Swag Labs' is clicked on

10-07-2024T05:03:26 - [MESSAGE][PASSED] - Object: 'Object Repository/Page_Swag Labs/div_Swag Labs' is clicked on

10-07-2024T05:03:26 - [TEST_STEP][PASSED] - verifyElementText(findTestObject("Object Repository/Page_Swag Labs/div_Swag Labs"), "Swag Labs"): Actual text and expected text of test object 'Object Repository/Page_Swag Labs/div_Swag Labs' are matched.

10-07-2024T05:03:27 - [MESSAGE][PASSED] - Actual text and expected text of test object 'Object Repository/Page_Swag Labs/div_Swag Labs' are matched.

10-07-2024T05:03:27 - [TEST_STEP][PASSED] - click(findTestObject("HomePage/MenuButton")): Object: 'Object Repository/HomePage/MenuButton' is clicked on

10-07-2024T05:03:27 - [MESSAGE][PASSED] - Object: 'Object Repository/HomePage/MenuButton' is clicked on

10-07-2024T05:03:27 - [TEST_STEP][PASSED] - click(findTestObject("HomePage/Logout")): Object: 'Object Repository/HomePage/Logout' is clicked on

10-07-2024T05:03:27 - [MESSAGE][PASSED] - Object: 'Object Repository/HomePage/Logout' is clicked on]]></system-out>
         <system-err><![CDATA[]]></system-err>
      </testcase>
      <testcase name="Test Cases/Data Driven/Login_DataDriven" time="5.815" classname="Test Cases/Data Driven/Login_DataDriven" status="PASSED">
         <system-out><![CDATA[10-07-2024T05:03:27 - [TEST_CASE][PASSED] - Test Cases/Data Driven/Login_DataDriven: Test Cases/Data Driven/Login_DataDriven

10-07-2024T05:03:27 - [TEST_STEP][PASSED] - openBrowser(""): Browser is opened with url: ''

10-07-2024T05:03:27 - [MESSAGE][WARNING] - A browser is already opened. Closing browser and opening a new one

10-07-2024T05:03:28 - [MESSAGE][INFO] - Starting 'Chrome' driver

10-07-2024T05:03:28 - [MESSAGE][INFO] - Action delay is set to 0 milliseconds

10-07-2024T05:03:28 - [MESSAGE][PASSED] - Browser is opened with url: ''

10-07-2024T05:03:28 - [TEST_STEP][PASSED] - navigateToUrl("https://www.saucedemo.com/"): Navigate to 'https://www.saucedemo.com/' successfully

10-07-2024T05:03:29 - [MESSAGE][PASSED] - Navigate to 'https://www.saucedemo.com/' successfully

10-07-2024T05:03:29 - [TEST_STEP][PASSED] - verifyElementPresent(findTestObject("Logo"), 0): Object 'Object Repository/Logo' is present

10-07-2024T05:03:29 - [MESSAGE][WARNING] - Timeout '0' is invalid. Using default page load timeout: '30'

10-07-2024T05:03:30 - [MESSAGE][PASSED] - Object 'Object Repository/Logo' is present

10-07-2024T05:03:30 - [TEST_STEP][PASSED] - setText(findTestObject("Object Repository/Page_Swag Labs/input_Swag Labs_user-name"), Username): Text 'problem_user' is set on object 'Object Repository/Page_Swag Labs/input_Swag Labs_user-name'

10-07-2024T05:03:31 - [MESSAGE][PASSED] - Text 'problem_user' is set on object 'Object Repository/Page_Swag Labs/input_Swag Labs_user-name'

10-07-2024T05:03:31 - [TEST_STEP][PASSED] - setText(findTestObject("Object Repository/Page_Swag Labs/input_Swag Labs_password"), Password): Text 'secret_sauce' is set on object 'Object Repository/Page_Swag Labs/input_Swag Labs_password'

10-07-2024T05:03:31 - [MESSAGE][PASSED] - Text 'secret_sauce' is set on object 'Object Repository/Page_Swag Labs/input_Swag Labs_password'

10-07-2024T05:03:31 - [TEST_STEP][PASSED] - click(findTestObject("Object Repository/Page_Swag Labs/input_Swag Labs_login-button")): Object: 'Object Repository/Page_Swag Labs/input_Swag Labs_login-button' is clicked on

10-07-2024T05:03:32 - [MESSAGE][PASSED] - Object: 'Object Repository/Page_Swag Labs/input_Swag Labs_login-button' is clicked on

10-07-2024T05:03:32 - [TEST_STEP][PASSED] - click(findTestObject("Object Repository/Page_Swag Labs/div_Swag Labs")): Object: 'Object Repository/Page_Swag Labs/div_Swag Labs' is clicked on

10-07-2024T05:03:32 - [MESSAGE][PASSED] - Object: 'Object Repository/Page_Swag Labs/div_Swag Labs' is clicked on

10-07-2024T05:03:32 - [TEST_STEP][PASSED] - verifyElementText(findTestObject("Object Repository/Page_Swag Labs/div_Swag Labs"), "Swag Labs"): Actual text and expected text of test object 'Object Repository/Page_Swag Labs/div_Swag Labs' are matched.

10-07-2024T05:03:33 - [MESSAGE][PASSED] - Actual text and expected text of test object 'Object Repository/Page_Swag Labs/div_Swag Labs' are matched.

10-07-2024T05:03:33 - [TEST_STEP][PASSED] - click(findTestObject("HomePage/MenuButton")): Object: 'Object Repository/HomePage/MenuButton' is clicked on

10-07-2024T05:03:33 - [MESSAGE][PASSED] - Object: 'Object Repository/HomePage/MenuButton' is clicked on

10-07-2024T05:03:33 - [TEST_STEP][PASSED] - click(findTestObject("HomePage/Logout")): Object: 'Object Repository/HomePage/Logout' is clicked on

10-07-2024T05:03:33 - [MESSAGE][PASSED] - Object: 'Object Repository/HomePage/Logout' is clicked on]]></system-out>
         <system-err><![CDATA[]]></system-err>
      </testcase>
      <testcase name="Test Cases/Data Driven/Login_DataDriven" time="11.319" classname="Test Cases/Data Driven/Login_DataDriven" status="PASSED">
         <system-out><![CDATA[10-07-2024T05:03:33 - [TEST_CASE][PASSED] - Test Cases/Data Driven/Login_DataDriven: Test Cases/Data Driven/Login_DataDriven

10-07-2024T05:03:33 - [TEST_STEP][PASSED] - openBrowser(""): Browser is opened with url: ''

10-07-2024T05:03:33 - [MESSAGE][WARNING] - A browser is already opened. Closing browser and opening a new one

10-07-2024T05:03:33 - [MESSAGE][INFO] - Starting 'Chrome' driver

10-07-2024T05:03:33 - [MESSAGE][INFO] - Action delay is set to 0 milliseconds

10-07-2024T05:03:34 - [MESSAGE][PASSED] - Browser is opened with url: ''

10-07-2024T05:03:34 - [TEST_STEP][PASSED] - navigateToUrl("https://www.saucedemo.com/"): Navigate to 'https://www.saucedemo.com/' successfully

10-07-2024T05:03:35 - [MESSAGE][PASSED] - Navigate to 'https://www.saucedemo.com/' successfully

10-07-2024T05:03:35 - [TEST_STEP][PASSED] - verifyElementPresent(findTestObject("Logo"), 0): Object 'Object Repository/Logo' is present

10-07-2024T05:03:35 - [MESSAGE][WARNING] - Timeout '0' is invalid. Using default page load timeout: '30'

10-07-2024T05:03:36 - [MESSAGE][PASSED] - Object 'Object Repository/Logo' is present

10-07-2024T05:03:36 - [TEST_STEP][PASSED] - setText(findTestObject("Object Repository/Page_Swag Labs/input_Swag Labs_user-name"), Username): Text 'performance_glitch_user' is set on object 'Object Repository/Page_Swag Labs/input_Swag Labs_user-name'

10-07-2024T05:03:37 - [MESSAGE][PASSED] - Text 'performance_glitch_user' is set on object 'Object Repository/Page_Swag Labs/input_Swag Labs_user-name'

10-07-2024T05:03:37 - [TEST_STEP][PASSED] - setText(findTestObject("Object Repository/Page_Swag Labs/input_Swag Labs_password"), Password): Text 'secret_sauce' is set on object 'Object Repository/Page_Swag Labs/input_Swag Labs_password'

10-07-2024T05:03:38 - [MESSAGE][PASSED] - Text 'secret_sauce' is set on object 'Object Repository/Page_Swag Labs/input_Swag Labs_password'

10-07-2024T05:03:38 - [TEST_STEP][PASSED] - click(findTestObject("Object Repository/Page_Swag Labs/input_Swag Labs_login-button")): Object: 'Object Repository/Page_Swag Labs/input_Swag Labs_login-button' is clicked on

10-07-2024T05:03:43 - [MESSAGE][PASSED] - Object: 'Object Repository/Page_Swag Labs/input_Swag Labs_login-button' is clicked on

10-07-2024T05:03:43 - [TEST_STEP][PASSED] - click(findTestObject("Object Repository/Page_Swag Labs/div_Swag Labs")): Object: 'Object Repository/Page_Swag Labs/div_Swag Labs' is clicked on

10-07-2024T05:03:44 - [MESSAGE][PASSED] - Object: 'Object Repository/Page_Swag Labs/div_Swag Labs' is clicked on

10-07-2024T05:03:44 - [TEST_STEP][PASSED] - verifyElementText(findTestObject("Object Repository/Page_Swag Labs/div_Swag Labs"), "Swag Labs"): Actual text and expected text of test object 'Object Repository/Page_Swag Labs/div_Swag Labs' are matched.

10-07-2024T05:03:44 - [MESSAGE][PASSED] - Actual text and expected text of test object 'Object Repository/Page_Swag Labs/div_Swag Labs' are matched.

10-07-2024T05:03:44 - [TEST_STEP][PASSED] - click(findTestObject("HomePage/MenuButton")): Object: 'Object Repository/HomePage/MenuButton' is clicked on

10-07-2024T05:03:44 - [MESSAGE][PASSED] - Object: 'Object Repository/HomePage/MenuButton' is clicked on

10-07-2024T05:03:44 - [TEST_STEP][PASSED] - click(findTestObject("HomePage/Logout")): Object: 'Object Repository/HomePage/Logout' is clicked on

10-07-2024T05:03:45 - [MESSAGE][PASSED] - Object: 'Object Repository/HomePage/Logout' is clicked on]]></system-out>
         <system-err><![CDATA[]]></system-err>
      </testcase>
      <testcase name="Test Cases/Data Driven/Login_DataDriven" time="6.258" classname="Test Cases/Data Driven/Login_DataDriven" status="PASSED">
         <system-out><![CDATA[10-07-2024T05:03:45 - [TEST_CASE][PASSED] - Test Cases/Data Driven/Login_DataDriven: Test Cases/Data Driven/Login_DataDriven

10-07-2024T05:03:45 - [TEST_STEP][PASSED] - openBrowser(""): Browser is opened with url: ''

10-07-2024T05:03:45 - [MESSAGE][WARNING] - A browser is already opened. Closing browser and opening a new one

10-07-2024T05:03:45 - [MESSAGE][INFO] - Starting 'Chrome' driver

10-07-2024T05:03:45 - [MESSAGE][INFO] - Action delay is set to 0 milliseconds

10-07-2024T05:03:46 - [MESSAGE][PASSED] - Browser is opened with url: ''

10-07-2024T05:03:46 - [TEST_STEP][PASSED] - navigateToUrl("https://www.saucedemo.com/"): Navigate to 'https://www.saucedemo.com/' successfully

10-07-2024T05:03:47 - [MESSAGE][PASSED] - Navigate to 'https://www.saucedemo.com/' successfully

10-07-2024T05:03:47 - [TEST_STEP][PASSED] - verifyElementPresent(findTestObject("Logo"), 0): Object 'Object Repository/Logo' is present

10-07-2024T05:03:47 - [MESSAGE][WARNING] - Timeout '0' is invalid. Using default page load timeout: '30'

10-07-2024T05:03:48 - [MESSAGE][PASSED] - Object 'Object Repository/Logo' is present

10-07-2024T05:03:48 - [TEST_STEP][PASSED] - setText(findTestObject("Object Repository/Page_Swag Labs/input_Swag Labs_user-name"), Username): Text 'error_user' is set on object 'Object Repository/Page_Swag Labs/input_Swag Labs_user-name'

10-07-2024T05:03:48 - [MESSAGE][PASSED] - Text 'error_user' is set on object 'Object Repository/Page_Swag Labs/input_Swag Labs_user-name'

10-07-2024T05:03:48 - [TEST_STEP][PASSED] - setText(findTestObject("Object Repository/Page_Swag Labs/input_Swag Labs_password"), Password): Text 'secret_sauce' is set on object 'Object Repository/Page_Swag Labs/input_Swag Labs_password'

10-07-2024T05:03:49 - [MESSAGE][PASSED] - Text 'secret_sauce' is set on object 'Object Repository/Page_Swag Labs/input_Swag Labs_password'

10-07-2024T05:03:49 - [TEST_STEP][PASSED] - click(findTestObject("Object Repository/Page_Swag Labs/input_Swag Labs_login-button")): Object: 'Object Repository/Page_Swag Labs/input_Swag Labs_login-button' is clicked on

10-07-2024T05:03:49 - [MESSAGE][PASSED] - Object: 'Object Repository/Page_Swag Labs/input_Swag Labs_login-button' is clicked on

10-07-2024T05:03:49 - [TEST_STEP][PASSED] - click(findTestObject("Object Repository/Page_Swag Labs/div_Swag Labs")): Object: 'Object Repository/Page_Swag Labs/div_Swag Labs' is clicked on

10-07-2024T05:03:50 - [MESSAGE][PASSED] - Object: 'Object Repository/Page_Swag Labs/div_Swag Labs' is clicked on

10-07-2024T05:03:50 - [TEST_STEP][PASSED] - verifyElementText(findTestObject("Object Repository/Page_Swag Labs/div_Swag Labs"), "Swag Labs"): Actual text and expected text of test object 'Object Repository/Page_Swag Labs/div_Swag Labs' are matched.

10-07-2024T05:03:50 - [MESSAGE][PASSED] - Actual text and expected text of test object 'Object Repository/Page_Swag Labs/div_Swag Labs' are matched.

10-07-2024T05:03:50 - [TEST_STEP][PASSED] - click(findTestObject("HomePage/MenuButton")): Object: 'Object Repository/HomePage/MenuButton' is clicked on

10-07-2024T05:03:50 - [MESSAGE][PASSED] - Object: 'Object Repository/HomePage/MenuButton' is clicked on

10-07-2024T05:03:50 - [TEST_STEP][PASSED] - click(findTestObject("HomePage/Logout")): Object: 'Object Repository/HomePage/Logout' is clicked on

10-07-2024T05:03:51 - [MESSAGE][PASSED] - Object: 'Object Repository/HomePage/Logout' is clicked on]]></system-out>
         <system-err><![CDATA[]]></system-err>
      </testcase>
      <testcase name="Test Cases/Data Driven/Login_DataDriven" time="6.471" classname="Test Cases/Data Driven/Login_DataDriven" status="PASSED">
         <system-out><![CDATA[10-07-2024T05:03:51 - [TEST_CASE][PASSED] - Test Cases/Data Driven/Login_DataDriven: Test Cases/Data Driven/Login_DataDriven

10-07-2024T05:03:51 - [TEST_STEP][PASSED] - openBrowser(""): Browser is opened with url: ''

10-07-2024T05:03:51 - [MESSAGE][WARNING] - A browser is already opened. Closing browser and opening a new one

10-07-2024T05:03:51 - [MESSAGE][INFO] - Starting 'Chrome' driver

10-07-2024T05:03:51 - [MESSAGE][INFO] - Action delay is set to 0 milliseconds

10-07-2024T05:03:52 - [MESSAGE][PASSED] - Browser is opened with url: ''

10-07-2024T05:03:52 - [TEST_STEP][PASSED] - navigateToUrl("https://www.saucedemo.com/"): Navigate to 'https://www.saucedemo.com/' successfully

10-07-2024T05:03:53 - [MESSAGE][PASSED] - Navigate to 'https://www.saucedemo.com/' successfully

10-07-2024T05:03:53 - [TEST_STEP][PASSED] - verifyElementPresent(findTestObject("Logo"), 0): Object 'Object Repository/Logo' is present

10-07-2024T05:03:53 - [MESSAGE][WARNING] - Timeout '0' is invalid. Using default page load timeout: '30'

10-07-2024T05:03:54 - [MESSAGE][PASSED] - Object 'Object Repository/Logo' is present

10-07-2024T05:03:54 - [TEST_STEP][PASSED] - setText(findTestObject("Object Repository/Page_Swag Labs/input_Swag Labs_user-name"), Username): Text 'visual_user' is set on object 'Object Repository/Page_Swag Labs/input_Swag Labs_user-name'

10-07-2024T05:03:55 - [MESSAGE][PASSED] - Text 'visual_user' is set on object 'Object Repository/Page_Swag Labs/input_Swag Labs_user-name'

10-07-2024T05:03:55 - [TEST_STEP][PASSED] - setText(findTestObject("Object Repository/Page_Swag Labs/input_Swag Labs_password"), Password): Text 'secret_sauce' is set on object 'Object Repository/Page_Swag Labs/input_Swag Labs_password'

10-07-2024T05:03:55 - [MESSAGE][PASSED] - Text 'secret_sauce' is set on object 'Object Repository/Page_Swag Labs/input_Swag Labs_password'

10-07-2024T05:03:55 - [TEST_STEP][PASSED] - click(findTestObject("Object Repository/Page_Swag Labs/input_Swag Labs_login-button")): Object: 'Object Repository/Page_Swag Labs/input_Swag Labs_login-button' is clicked on

10-07-2024T05:03:56 - [MESSAGE][PASSED] - Object: 'Object Repository/Page_Swag Labs/input_Swag Labs_login-button' is clicked on

10-07-2024T05:03:56 - [TEST_STEP][PASSED] - click(findTestObject("Object Repository/Page_Swag Labs/div_Swag Labs")): Object: 'Object Repository/Page_Swag Labs/div_Swag Labs' is clicked on

10-07-2024T05:03:56 - [MESSAGE][PASSED] - Object: 'Object Repository/Page_Swag Labs/div_Swag Labs' is clicked on

10-07-2024T05:03:56 - [TEST_STEP][PASSED] - verifyElementText(findTestObject("Object Repository/Page_Swag Labs/div_Swag Labs"), "Swag Labs"): Actual text and expected text of test object 'Object Repository/Page_Swag Labs/div_Swag Labs' are matched.

10-07-2024T05:03:57 - [MESSAGE][PASSED] - Actual text and expected text of test object 'Object Repository/Page_Swag Labs/div_Swag Labs' are matched.

10-07-2024T05:03:57 - [TEST_STEP][PASSED] - click(findTestObject("HomePage/MenuButton")): Object: 'Object Repository/HomePage/MenuButton' is clicked on

10-07-2024T05:03:57 - [MESSAGE][PASSED] - Object: 'Object Repository/HomePage/MenuButton' is clicked on

10-07-2024T05:03:57 - [TEST_STEP][PASSED] - click(findTestObject("HomePage/Logout")): Object: 'Object Repository/HomePage/Logout' is clicked on

10-07-2024T05:03:57 - [MESSAGE][PASSED] - Object: 'Object Repository/HomePage/Logout' is clicked on]]></system-out>
         <system-err><![CDATA[]]></system-err>
      </testcase>
      <system-out><![CDATA[10-07-2024T05:03:19 - [TEST_SUITE][PASSED] - Data Driven: Test Cases/Data Driven/Login_DataDriven]]></system-out>
      <system-err><![CDATA[]]></system-err>
   </testsuite>
   <testsuite name="Regression" tests="2" failures="0" errors="0" time="13.38" skipped="0" timestamp="10-07-2024T05:04:03" hostname="usman - 192.168.0.125" id="Test Suites/Regression">
      <properties>
         <property name="deviceName" value=""/>
         <property name="devicePlatform"/>
         <property name="logFolder" value="C:\\Users\\usman\\Katalon Studio\\SauceDemo\\Reports\\20240710_050311\\Regression\\20240710_050314"/>
         <property name="logFiles" value="C:\\Users\\usman\\Katalon Studio\\SauceDemo\\Reports\\20240710_050311\\Regression\\20240710_050314\\execution0.log"/>
         <property name="attachments" value=""/>
         <property name="hostName" value="usman - 192.168.0.125"/>
         <property name="os" value="Windows 11 64bit"/>
         <property name="katalonVersion" value="9.5.0.217"/>
         <property name="browser" value="Chrome 126.0.0.0"/>
         <property name="hostAddress" value="192.168.0.125"/>
         <property name="sessionId" value="99dae28a9cd9cb79a05b2494d4812b3f"/>
         <property name="seleniumVersion" value="3.141.59"/>
         <property name="proxyInformation" value="ProxyInformation { proxyOption=USE_SYSTEM, proxyServerType=HTTP, username=, password=********, proxyServerAddress=, proxyServerPort=0, executionList=&quot;&quot;, isApplyToDesiredCapabilities=true }"/>
         <property name="platform" value="Windows 11"/>
      </properties>
      <testcase name="Test Cases/Login" time="6.362" classname="Test Cases/Login" status="PASSED">
         <system-out><![CDATA[10-07-2024T05:04:03 - [TEST_CASE][PASSED] - Test Cases/Login: Test Cases/Login

10-07-2024T05:04:03 - [TEST_STEP][PASSED] - openBrowser(""): Browser is opened with url: ''

10-07-2024T05:04:04 - [MESSAGE][INFO] - Starting 'Chrome' driver

10-07-2024T05:04:04 - [MESSAGE][INFO] - Action delay is set to 0 milliseconds

10-07-2024T05:04:05 - [MESSAGE][PASSED] - Browser is opened with url: ''

10-07-2024T05:04:05 - [TEST_STEP][PASSED] - navigateToUrl("https://www.saucedemo.com/"): Navigate to 'https://www.saucedemo.com/' successfully

10-07-2024T05:04:06 - [MESSAGE][PASSED] - Navigate to 'https://www.saucedemo.com/' successfully

10-07-2024T05:04:06 - [TEST_STEP][PASSED] - verifyElementPresent(findTestObject("Logo"), 0): Object 'Object Repository/Logo' is present

10-07-2024T05:04:06 - [MESSAGE][WARNING] - Timeout '0' is invalid. Using default page load timeout: '30'

10-07-2024T05:04:07 - [MESSAGE][PASSED] - Object 'Object Repository/Logo' is present

10-07-2024T05:04:07 - [TEST_STEP][PASSED] - setText(findTestObject("Object Repository/Page_Swag Labs/input_Swag Labs_user-name"), "standard_user"): Text 'standard_user' is set on object 'Object Repository/Page_Swag Labs/input_Swag Labs_user-name'

10-07-2024T05:04:08 - [MESSAGE][PASSED] - Text 'standard_user' is set on object 'Object Repository/Page_Swag Labs/input_Swag Labs_user-name'

10-07-2024T05:04:08 - [TEST_STEP][PASSED] - setEncryptedText(findTestObject("Object Repository/Page_Swag Labs/input_Swag Labs_password"), "qcu24s4901FyWDTwXGr6XA=="): Text ****** has been set on object 'Object Repository/Page_Swag Labs/input_Swag Labs_password'

10-07-2024T05:04:08 - [MESSAGE][PASSED] - Text ****** has been set on object 'Object Repository/Page_Swag Labs/input_Swag Labs_password'

10-07-2024T05:04:08 - [TEST_STEP][PASSED] - click(findTestObject("Object Repository/Page_Swag Labs/input_Swag Labs_login-button")): Object: 'Object Repository/Page_Swag Labs/input_Swag Labs_login-button' is clicked on

10-07-2024T05:04:09 - [MESSAGE][PASSED] - Object: 'Object Repository/Page_Swag Labs/input_Swag Labs_login-button' is clicked on

10-07-2024T05:04:09 - [TEST_STEP][PASSED] - click(findTestObject("Object Repository/Page_Swag Labs/div_Swag Labs")): Object: 'Object Repository/Page_Swag Labs/div_Swag Labs' is clicked on

10-07-2024T05:04:09 - [MESSAGE][PASSED] - Object: 'Object Repository/Page_Swag Labs/div_Swag Labs' is clicked on

10-07-2024T05:04:09 - [TEST_STEP][PASSED] - verifyElementText(findTestObject("Object Repository/Page_Swag Labs/div_Swag Labs"), "Swag Labs"): Actual text and expected text of test object 'Object Repository/Page_Swag Labs/div_Swag Labs' are matched.

10-07-2024T05:04:09 - [MESSAGE][PASSED] - Actual text and expected text of test object 'Object Repository/Page_Swag Labs/div_Swag Labs' are matched.]]></system-out>
         <system-err><![CDATA[]]></system-err>
      </testcase>
      <testcase name="Test Cases/SelectMenu" time="6.871" classname="Test Cases/SelectMenu" status="PASSED">
         <system-out><![CDATA[10-07-2024T05:04:09 - [TEST_CASE][PASSED] - Test Cases/SelectMenu: Test Cases/SelectMenu

10-07-2024T05:04:09 - [TEST_STEP][PASSED] - callTestCase(findTestCase("Login"), [:], STOP_ON_FAILURE): Call Test Case 'Test Cases/Login' successfully

10-07-2024T05:04:10 - [TEST_CASE][PASSED] - Test Cases/Login: Test Cases/Login

10-07-2024T05:04:10 - [TEST_STEP][PASSED] - openBrowser(""): Browser is opened with url: ''

10-07-2024T05:04:10 - [MESSAGE][WARNING] - A browser is already opened. Closing browser and opening a new one

10-07-2024T05:04:10 - [MESSAGE][INFO] - Starting 'Chrome' driver

10-07-2024T05:04:10 - [MESSAGE][INFO] - Action delay is set to 0 milliseconds

10-07-2024T05:04:11 - [MESSAGE][PASSED] - Browser is opened with url: ''

10-07-2024T05:04:11 - [TEST_STEP][PASSED] - navigateToUrl("https://www.saucedemo.com/"): Navigate to 'https://www.saucedemo.com/' successfully

10-07-2024T05:04:12 - [MESSAGE][PASSED] - Navigate to 'https://www.saucedemo.com/' successfully

10-07-2024T05:04:12 - [TEST_STEP][PASSED] - verifyElementPresent(findTestObject("Logo"), 0): Object 'Object Repository/Logo' is present

10-07-2024T05:04:12 - [MESSAGE][WARNING] - Timeout '0' is invalid. Using default page load timeout: '30'

10-07-2024T05:04:13 - [MESSAGE][PASSED] - Object 'Object Repository/Logo' is present

10-07-2024T05:04:13 - [TEST_STEP][PASSED] - setText(findTestObject("Object Repository/Page_Swag Labs/input_Swag Labs_user-name"), "standard_user"): Text 'standard_user' is set on object 'Object Repository/Page_Swag Labs/input_Swag Labs_user-name'

10-07-2024T05:04:13 - [MESSAGE][PASSED] - Text 'standard_user' is set on object 'Object Repository/Page_Swag Labs/input_Swag Labs_user-name'

10-07-2024T05:04:13 - [TEST_STEP][PASSED] - setEncryptedText(findTestObject("Object Repository/Page_Swag Labs/input_Swag Labs_password"), "qcu24s4901FyWDTwXGr6XA=="): Text ****** has been set on object 'Object Repository/Page_Swag Labs/input_Swag Labs_password'

10-07-2024T05:04:14 - [MESSAGE][PASSED] - Text ****** has been set on object 'Object Repository/Page_Swag Labs/input_Swag Labs_password'

10-07-2024T05:04:14 - [TEST_STEP][PASSED] - click(findTestObject("Object Repository/Page_Swag Labs/input_Swag Labs_login-button")): Object: 'Object Repository/Page_Swag Labs/input_Swag Labs_login-button' is clicked on

10-07-2024T05:04:14 - [MESSAGE][PASSED] - Object: 'Object Repository/Page_Swag Labs/input_Swag Labs_login-button' is clicked on

10-07-2024T05:04:14 - [TEST_STEP][PASSED] - click(findTestObject("Object Repository/Page_Swag Labs/div_Swag Labs")): Object: 'Object Repository/Page_Swag Labs/div_Swag Labs' is clicked on

10-07-2024T05:04:15 - [MESSAGE][PASSED] - Object: 'Object Repository/Page_Swag Labs/div_Swag Labs' is clicked on

10-07-2024T05:04:15 - [TEST_STEP][PASSED] - verifyElementText(findTestObject("Object Repository/Page_Swag Labs/div_Swag Labs"), "Swag Labs"): Actual text and expected text of test object 'Object Repository/Page_Swag Labs/div_Swag Labs' are matched.

10-07-2024T05:04:15 - [MESSAGE][PASSED] - Actual text and expected text of test object 'Object Repository/Page_Swag Labs/div_Swag Labs' are matched.

10-07-2024T05:04:15 - [MESSAGE][PASSED] - Call Test Case 'Test Cases/Login' successfully

10-07-2024T05:04:15 - [TEST_STEP][PASSED] - click(findTestObject("HomePage/MenuButton")): Object: 'Object Repository/HomePage/MenuButton' is clicked on

10-07-2024T05:04:15 - [MESSAGE][PASSED] - Object: 'Object Repository/HomePage/MenuButton' is clicked on

10-07-2024T05:04:15 - [TEST_STEP][PASSED] - click(findTestObject("HomePage/AllItems")): Object: 'Object Repository/HomePage/AllItems' is clicked on

10-07-2024T05:04:16 - [MESSAGE][PASSED] - Object: 'Object Repository/HomePage/AllItems' is clicked on

10-07-2024T05:04:16 - [TEST_STEP][PASSED] - click(findTestObject("HomePage/CloseMenu")): Object: 'Object Repository/HomePage/CloseMenu' is clicked on

10-07-2024T05:04:16 - [MESSAGE][PASSED] - Object: 'Object Repository/HomePage/CloseMenu' is clicked on]]></system-out>
         <system-err><![CDATA[]]></system-err>
      </testcase>
      <system-out><![CDATA[10-07-2024T05:04:03 - [TEST_SUITE][PASSED] - Regression: Test Cases/SelectMenu]]></system-out>
      <system-err><![CDATA[]]></system-err>
   </testsuite>
</testsuites>
