<?xml version="1.0" encoding="UTF-8"?>
<testsuites name="All_Projects" time="174.536" tests="14" failures="0" errors="0">
   <testsuite name="CURAHealthcareServices" tests="5" failures="0" errors="0" time="67.8" skipped="0" timestamp="17-07-2024T21:43:32" hostname="usman - 192.168.0.125" id="Test Suites/CURAHealthcareServices">
      <properties>
         <property name="deviceName" value=""/>
         <property name="devicePlatform"/>
         <property name="logFolder" value="C:\\Users\\usman\\Katalon Studio\\SauceDemo\\Reports\\20240717_214316\\CURAHealthcareServices\\20240717_214318"/>
         <property name="logFiles" value="C:\\Users\\usman\\Katalon Studio\\SauceDemo\\Reports\\20240717_214316\\CURAHealthcareServices\\20240717_214318\\execution0.log"/>
         <property name="attachments" value=""/>
         <property name="hostName" value="usman - 192.168.0.125"/>
         <property name="os" value="Windows 11 64bit"/>
         <property name="katalonVersion" value="9.5.0.217"/>
         <property name="browser" value="Chrome 126.0.0.0"/>
         <property name="hostAddress" value="192.168.0.125"/>
         <property name="sessionId" value="d8b30e0f5c72284b6798ba29b8efe448"/>
         <property name="seleniumVersion" value="3.141.59"/>
         <property name="proxyInformation" value="ProxyInformation { proxyOption=NO_PROXY, proxyServerType=HTTP, username=, password=********, proxyServerAddress=, proxyServerPort=0, executionList=&quot;&quot;, isApplyToDesiredCapabilities=true }"/>
         <property name="platform" value="Windows 11"/>
      </properties>
      <testcase name="Test Cases/CURAHealthcareService/Appontment_TestCases/Book_Appointment_Medicare_Basic" time="15.65" classname="Test Cases/CURAHealthcareService/Appontment_TestCases/Book_Appointment_Medicare_Basic" status="PASSED">
         <system-out><![CDATA[17-07-2024T21:43:32 - [TEST_CASE][PASSED] - Test Cases/CURAHealthcareService/Appontment_TestCases/Book_Appointment_Medicare_Basic: Test Cases/CURAHealthcareService/Appontment_TestCases/Book_Appointment_Medicare_Basic

17-07-2024T21:43:33 - [TEST_STEP][PASSED] - callTestCase(findTestCase("CURAHealthcareService/Login"), [:], STOP_ON_FAILURE): Call Test Case 'Test Cases/CURAHealthcareService/Login' successfully

17-07-2024T21:43:34 - [TEST_CASE][PASSED] - Test Cases/CURAHealthcareService/Login: Test Cases/CURAHealthcareService/Login

17-07-2024T21:43:34 - [TEST_STEP][PASSED] - openBrowser("https://katalon-demo-cura.herokuapp.com/"): Browser is opened with url: 'https://katalon-demo-cura.herokuapp.com/'

17-07-2024T21:43:34 - [MESSAGE][INFO] - Starting 'Chrome' driver

17-07-2024T21:43:34 - [MESSAGE][INFO] - Action delay is set to 0 milliseconds

17-07-2024T21:43:39 - [MESSAGE][PASSED] - Browser is opened with url: 'https://katalon-demo-cura.herokuapp.com/'

17-07-2024T21:43:39 - [TEST_STEP][PASSED] - click(findTestObject("CURAHealthcareService/Page_CURA Healthcare Service/MakeAppointment_button")): Object: 'Object Repository/CURAHealthcareService/Page_CURA Healthcare Service/MakeAppointment_button' is clicked on

17-07-2024T21:43:40 - [MESSAGE][PASSED] - Object: 'Object Repository/CURAHealthcareService/Page_CURA Healthcare Service/MakeAppointment_button' is clicked on

17-07-2024T21:43:40 - [TEST_STEP][PASSED] - setText(findTestObject("CURAHealthcareService/Page_CURA Healthcare Service/input_Username_username"), "John Doe"): Text 'John Doe' is set on object 'Object Repository/CURAHealthcareService/Page_CURA Healthcare Service/input_Username_username'

17-07-2024T21:43:41 - [MESSAGE][PASSED] - Text 'John Doe' is set on object 'Object Repository/CURAHealthcareService/Page_CURA Healthcare Service/input_Username_username'

17-07-2024T21:43:41 - [TEST_STEP][PASSED] - setText(findTestObject("CURAHealthcareService/Page_CURA Healthcare Service/input_Password_password"), "ThisIsNotAPassword"): Text 'ThisIsNotAPassword' is set on object 'Object Repository/CURAHealthcareService/Page_CURA Healthcare Service/input_Password_password'

17-07-2024T21:43:43 - [MESSAGE][PASSED] - Text 'ThisIsNotAPassword' is set on object 'Object Repository/CURAHealthcareService/Page_CURA Healthcare Service/input_Password_password'

17-07-2024T21:43:43 - [TEST_STEP][PASSED] - click(findTestObject("CURAHealthcareService/Page_CURA Healthcare Service/button_Login")): Object: 'Object Repository/CURAHealthcareService/Page_CURA Healthcare Service/button_Login' is clicked on

17-07-2024T21:43:43 - [MESSAGE][PASSED] - Object: 'Object Repository/CURAHealthcareService/Page_CURA Healthcare Service/button_Login' is clicked on

17-07-2024T21:43:43 - [MESSAGE][PASSED] - Call Test Case 'Test Cases/CURAHealthcareService/Login' successfully

17-07-2024T21:43:43 - [TEST_STEP][PASSED] - selectOptionByValue(findTestObject("CURAHealthcareService/AppointmentPageObjects/Select_Facility"), "Hongkong CURA Healthcare Center", false): All options with value 'Hongkong CURA Healthcare Center' are selected in object 'Object Repository/CURAHealthcareService/AppointmentPageObjects/Select_Facility' 

17-07-2024T21:43:44 - [MESSAGE][PASSED] - All options with value 'Hongkong CURA Healthcare Center' are selected in object 'Object Repository/CURAHealthcareService/AppointmentPageObjects/Select_Facility' 

17-07-2024T21:43:44 - [TEST_STEP][PASSED] - click(findTestObject("CURAHealthcareService/AppointmentPageObjects/Select_Healthcare_Program_Medicare")): Object: 'Object Repository/CURAHealthcareService/AppointmentPageObjects/Select_Healthcare_Program_Medicare' is clicked on

17-07-2024T21:43:45 - [MESSAGE][PASSED] - Object: 'Object Repository/CURAHealthcareService/AppointmentPageObjects/Select_Healthcare_Program_Medicare' is clicked on

17-07-2024T21:43:45 - [TEST_STEP][PASSED] - setText(findTestObject("CURAHealthcareService/AppointmentPageObjects/Visit_Date"), "20/07/2024"): Text '20/07/2024' is set on object 'Object Repository/CURAHealthcareService/AppointmentPageObjects/Visit_Date'

17-07-2024T21:43:46 - [MESSAGE][PASSED] - Text '20/07/2024' is set on object 'Object Repository/CURAHealthcareService/AppointmentPageObjects/Visit_Date'

17-07-2024T21:43:46 - [TEST_STEP][PASSED] - click(findTestObject("CURAHealthcareService/AppointmentPageObjects/Comment")): Object: 'Object Repository/CURAHealthcareService/AppointmentPageObjects/Comment' is clicked on

17-07-2024T21:43:46 - [MESSAGE][PASSED] - Object: 'Object Repository/CURAHealthcareService/AppointmentPageObjects/Comment' is clicked on

17-07-2024T21:43:46 - [TEST_STEP][PASSED] - setText(findTestObject("CURAHealthcareService/AppointmentPageObjects/Comment"), "Test Apppointment"): Text 'Test Apppointment' is set on object 'Object Repository/CURAHealthcareService/AppointmentPageObjects/Comment'

17-07-2024T21:43:47 - [MESSAGE][PASSED] - Text 'Test Apppointment' is set on object 'Object Repository/CURAHealthcareService/AppointmentPageObjects/Comment'

17-07-2024T21:43:47 - [TEST_STEP][PASSED] - click(findTestObject("CURAHealthcareService/AppointmentPageObjects/Book_Appointment_Button")): Object: 'Object Repository/CURAHealthcareService/AppointmentPageObjects/Book_Appointment_Button' is clicked on

17-07-2024T21:43:48 - [MESSAGE][PASSED] - Object: 'Object Repository/CURAHealthcareService/AppointmentPageObjects/Book_Appointment_Button' is clicked on]]></system-out>
         <system-err><![CDATA[]]></system-err>
      </testcase>
      <testcase name="Test Cases/CURAHealthcareService/Appontment_TestCases/Book_Appointment_Medicare_DataDriven" time="16.269" classname="Test Cases/CURAHealthcareService/Appontment_TestCases/Book_Appointment_Medicare_DataDriven" status="PASSED">
         <system-out><![CDATA[17-07-2024T21:43:48 - [TEST_CASE][PASSED] - Test Cases/CURAHealthcareService/Appontment_TestCases/Book_Appointment_Medicare_DataDriven: Test Cases/CURAHealthcareService/Appontment_TestCases/Book_Appointment_Medicare_DataDriven

17-07-2024T21:43:49 - [TEST_STEP][PASSED] - callTestCase(findTestCase("CURAHealthcareService/Login"), [:], STOP_ON_FAILURE): Call Test Case 'Test Cases/CURAHealthcareService/Login' successfully

17-07-2024T21:43:49 - [TEST_CASE][PASSED] - Test Cases/CURAHealthcareService/Login: Test Cases/CURAHealthcareService/Login

17-07-2024T21:43:49 - [TEST_STEP][PASSED] - openBrowser("https://katalon-demo-cura.herokuapp.com/"): Browser is opened with url: 'https://katalon-demo-cura.herokuapp.com/'

17-07-2024T21:43:49 - [MESSAGE][WARNING] - A browser is already opened. Closing browser and opening a new one

17-07-2024T21:43:50 - [MESSAGE][INFO] - Starting 'Chrome' driver

17-07-2024T21:43:50 - [MESSAGE][INFO] - Action delay is set to 0 milliseconds

17-07-2024T21:43:53 - [MESSAGE][PASSED] - Browser is opened with url: 'https://katalon-demo-cura.herokuapp.com/'

17-07-2024T21:43:53 - [TEST_STEP][PASSED] - click(findTestObject("CURAHealthcareService/Page_CURA Healthcare Service/MakeAppointment_button")): Object: 'Object Repository/CURAHealthcareService/Page_CURA Healthcare Service/MakeAppointment_button' is clicked on

17-07-2024T21:43:54 - [MESSAGE][PASSED] - Object: 'Object Repository/CURAHealthcareService/Page_CURA Healthcare Service/MakeAppointment_button' is clicked on

17-07-2024T21:43:54 - [TEST_STEP][PASSED] - setText(findTestObject("CURAHealthcareService/Page_CURA Healthcare Service/input_Username_username"), "John Doe"): Text 'John Doe' is set on object 'Object Repository/CURAHealthcareService/Page_CURA Healthcare Service/input_Username_username'

17-07-2024T21:43:55 - [MESSAGE][PASSED] - Text 'John Doe' is set on object 'Object Repository/CURAHealthcareService/Page_CURA Healthcare Service/input_Username_username'

17-07-2024T21:43:55 - [TEST_STEP][PASSED] - setText(findTestObject("CURAHealthcareService/Page_CURA Healthcare Service/input_Password_password"), "ThisIsNotAPassword"): Text 'ThisIsNotAPassword' is set on object 'Object Repository/CURAHealthcareService/Page_CURA Healthcare Service/input_Password_password'

17-07-2024T21:43:56 - [MESSAGE][PASSED] - Text 'ThisIsNotAPassword' is set on object 'Object Repository/CURAHealthcareService/Page_CURA Healthcare Service/input_Password_password'

17-07-2024T21:43:56 - [TEST_STEP][PASSED] - click(findTestObject("CURAHealthcareService/Page_CURA Healthcare Service/button_Login")): Object: 'Object Repository/CURAHealthcareService/Page_CURA Healthcare Service/button_Login' is clicked on

17-07-2024T21:43:57 - [MESSAGE][PASSED] - Object: 'Object Repository/CURAHealthcareService/Page_CURA Healthcare Service/button_Login' is clicked on

17-07-2024T21:43:57 - [MESSAGE][PASSED] - Call Test Case 'Test Cases/CURAHealthcareService/Login' successfully

17-07-2024T21:43:57 - [TEST_STEP][PASSED] - selectOptionByValue(findTestObject("CURAHealthcareService/AppointmentPageObjects/Select_Facility"), "Hongkong CURA Healthcare Center", false): All options with value 'Hongkong CURA Healthcare Center' are selected in object 'Object Repository/CURAHealthcareService/AppointmentPageObjects/Select_Facility' 

17-07-2024T21:43:58 - [MESSAGE][PASSED] - All options with value 'Hongkong CURA Healthcare Center' are selected in object 'Object Repository/CURAHealthcareService/AppointmentPageObjects/Select_Facility' 

17-07-2024T21:43:58 - [TEST_STEP][PASSED] - click(findTestObject("CURAHealthcareService/AppointmentPageObjects/Select_Healthcare_Program_Medicare")): Object: 'Object Repository/CURAHealthcareService/AppointmentPageObjects/Select_Healthcare_Program_Medicare' is clicked on

17-07-2024T21:43:58 - [MESSAGE][PASSED] - Object: 'Object Repository/CURAHealthcareService/AppointmentPageObjects/Select_Healthcare_Program_Medicare' is clicked on

17-07-2024T21:43:58 - [TEST_STEP][PASSED] - setText(findTestObject("CURAHealthcareService/AppointmentPageObjects/Visit_Date"), "20/07/2024"): Text '20/07/2024' is set on object 'Object Repository/CURAHealthcareService/AppointmentPageObjects/Visit_Date'

17-07-2024T21:43:59 - [MESSAGE][PASSED] - Text '20/07/2024' is set on object 'Object Repository/CURAHealthcareService/AppointmentPageObjects/Visit_Date'

17-07-2024T21:43:59 - [TEST_STEP][PASSED] - click(findTestObject("CURAHealthcareService/AppointmentPageObjects/Comment")): Object: 'Object Repository/CURAHealthcareService/AppointmentPageObjects/Comment' is clicked on

17-07-2024T21:44:00 - [MESSAGE][PASSED] - Object: 'Object Repository/CURAHealthcareService/AppointmentPageObjects/Comment' is clicked on

17-07-2024T21:44:00 - [TEST_STEP][PASSED] - setText(findTestObject("CURAHealthcareService/AppointmentPageObjects/Comment"), Comments): Text 'My Second Appointment' is set on object 'Object Repository/CURAHealthcareService/AppointmentPageObjects/Comment'

17-07-2024T21:44:01 - [MESSAGE][PASSED] - Text 'My Second Appointment' is set on object 'Object Repository/CURAHealthcareService/AppointmentPageObjects/Comment'

17-07-2024T21:44:01 - [TEST_STEP][PASSED] - click(findTestObject("CURAHealthcareService/AppointmentPageObjects/Book_Appointment_Button")): Object: 'Object Repository/CURAHealthcareService/AppointmentPageObjects/Book_Appointment_Button' is clicked on

17-07-2024T21:44:02 - [MESSAGE][PASSED] - Object: 'Object Repository/CURAHealthcareService/AppointmentPageObjects/Book_Appointment_Button' is clicked on

17-07-2024T21:44:02 - [TEST_STEP][PASSED] - click(findTestObject("CURAHealthcareService/AppointmentPageObjects/Menu_Button")): Object: 'Object Repository/CURAHealthcareService/AppointmentPageObjects/Menu_Button' is clicked on

17-07-2024T21:44:02 - [MESSAGE][PASSED] - Object: 'Object Repository/CURAHealthcareService/AppointmentPageObjects/Menu_Button' is clicked on

17-07-2024T21:44:02 - [TEST_STEP][PASSED] - click(findTestObject("CURAHealthcareService/AppointmentPageObjects/Logout")): Object: 'Object Repository/CURAHealthcareService/AppointmentPageObjects/Logout' is clicked on

17-07-2024T21:44:03 - [MESSAGE][PASSED] - Object: 'Object Repository/CURAHealthcareService/AppointmentPageObjects/Logout' is clicked on

17-07-2024T21:44:03 - [TEST_STEP][PASSED] - closeBrowser(): Browser is closed

17-07-2024T21:44:04 - [MESSAGE][PASSED] - Browser is closed]]></system-out>
         <system-err><![CDATA[]]></system-err>
      </testcase>
      <testcase name="Test Cases/CURAHealthcareService/Appontment_TestCases/Book_Appointment_Medicare_DataDriven" time="13.498" classname="Test Cases/CURAHealthcareService/Appontment_TestCases/Book_Appointment_Medicare_DataDriven" status="PASSED">
         <system-out><![CDATA[17-07-2024T21:44:04 - [TEST_CASE][PASSED] - Test Cases/CURAHealthcareService/Appontment_TestCases/Book_Appointment_Medicare_DataDriven: Test Cases/CURAHealthcareService/Appontment_TestCases/Book_Appointment_Medicare_DataDriven

17-07-2024T21:44:04 - [TEST_STEP][PASSED] - callTestCase(findTestCase("CURAHealthcareService/Login"), [:], STOP_ON_FAILURE): Call Test Case 'Test Cases/CURAHealthcareService/Login' successfully

17-07-2024T21:44:04 - [TEST_CASE][PASSED] - Test Cases/CURAHealthcareService/Login: Test Cases/CURAHealthcareService/Login

17-07-2024T21:44:05 - [TEST_STEP][PASSED] - openBrowser("https://katalon-demo-cura.herokuapp.com/"): Browser is opened with url: 'https://katalon-demo-cura.herokuapp.com/'

17-07-2024T21:44:05 - [MESSAGE][INFO] - Starting 'Chrome' driver

17-07-2024T21:44:05 - [MESSAGE][INFO] - Action delay is set to 0 milliseconds

17-07-2024T21:44:08 - [MESSAGE][PASSED] - Browser is opened with url: 'https://katalon-demo-cura.herokuapp.com/'

17-07-2024T21:44:08 - [TEST_STEP][PASSED] - click(findTestObject("CURAHealthcareService/Page_CURA Healthcare Service/MakeAppointment_button")): Object: 'Object Repository/CURAHealthcareService/Page_CURA Healthcare Service/MakeAppointment_button' is clicked on

17-07-2024T21:44:09 - [MESSAGE][PASSED] - Object: 'Object Repository/CURAHealthcareService/Page_CURA Healthcare Service/MakeAppointment_button' is clicked on

17-07-2024T21:44:09 - [TEST_STEP][PASSED] - setText(findTestObject("CURAHealthcareService/Page_CURA Healthcare Service/input_Username_username"), "John Doe"): Text 'John Doe' is set on object 'Object Repository/CURAHealthcareService/Page_CURA Healthcare Service/input_Username_username'

17-07-2024T21:44:10 - [MESSAGE][PASSED] - Text 'John Doe' is set on object 'Object Repository/CURAHealthcareService/Page_CURA Healthcare Service/input_Username_username'

17-07-2024T21:44:10 - [TEST_STEP][PASSED] - setText(findTestObject("CURAHealthcareService/Page_CURA Healthcare Service/input_Password_password"), "ThisIsNotAPassword"): Text 'ThisIsNotAPassword' is set on object 'Object Repository/CURAHealthcareService/Page_CURA Healthcare Service/input_Password_password'

17-07-2024T21:44:11 - [MESSAGE][PASSED] - Text 'ThisIsNotAPassword' is set on object 'Object Repository/CURAHealthcareService/Page_CURA Healthcare Service/input_Password_password'

17-07-2024T21:44:11 - [TEST_STEP][PASSED] - click(findTestObject("CURAHealthcareService/Page_CURA Healthcare Service/button_Login")): Object: 'Object Repository/CURAHealthcareService/Page_CURA Healthcare Service/button_Login' is clicked on

17-07-2024T21:44:11 - [MESSAGE][PASSED] - Object: 'Object Repository/CURAHealthcareService/Page_CURA Healthcare Service/button_Login' is clicked on

17-07-2024T21:44:11 - [MESSAGE][PASSED] - Call Test Case 'Test Cases/CURAHealthcareService/Login' successfully

17-07-2024T21:44:11 - [TEST_STEP][PASSED] - selectOptionByValue(findTestObject("CURAHealthcareService/AppointmentPageObjects/Select_Facility"), "Hongkong CURA Healthcare Center", false): All options with value 'Hongkong CURA Healthcare Center' are selected in object 'Object Repository/CURAHealthcareService/AppointmentPageObjects/Select_Facility' 

17-07-2024T21:44:12 - [MESSAGE][PASSED] - All options with value 'Hongkong CURA Healthcare Center' are selected in object 'Object Repository/CURAHealthcareService/AppointmentPageObjects/Select_Facility' 

17-07-2024T21:44:12 - [TEST_STEP][PASSED] - click(findTestObject("CURAHealthcareService/AppointmentPageObjects/Select_Healthcare_Program_Medicare")): Object: 'Object Repository/CURAHealthcareService/AppointmentPageObjects/Select_Healthcare_Program_Medicare' is clicked on

17-07-2024T21:44:12 - [MESSAGE][PASSED] - Object: 'Object Repository/CURAHealthcareService/AppointmentPageObjects/Select_Healthcare_Program_Medicare' is clicked on

17-07-2024T21:44:12 - [TEST_STEP][PASSED] - setText(findTestObject("CURAHealthcareService/AppointmentPageObjects/Visit_Date"), "20/07/2024"): Text '20/07/2024' is set on object 'Object Repository/CURAHealthcareService/AppointmentPageObjects/Visit_Date'

17-07-2024T21:44:13 - [MESSAGE][PASSED] - Text '20/07/2024' is set on object 'Object Repository/CURAHealthcareService/AppointmentPageObjects/Visit_Date'

17-07-2024T21:44:13 - [TEST_STEP][PASSED] - click(findTestObject("CURAHealthcareService/AppointmentPageObjects/Comment")): Object: 'Object Repository/CURAHealthcareService/AppointmentPageObjects/Comment' is clicked on

17-07-2024T21:44:14 - [MESSAGE][PASSED] - Object: 'Object Repository/CURAHealthcareService/AppointmentPageObjects/Comment' is clicked on

17-07-2024T21:44:14 - [TEST_STEP][PASSED] - setText(findTestObject("CURAHealthcareService/AppointmentPageObjects/Comment"), Comments): Text 'My Third Appointment' is set on object 'Object Repository/CURAHealthcareService/AppointmentPageObjects/Comment'

17-07-2024T21:44:15 - [MESSAGE][PASSED] - Text 'My Third Appointment' is set on object 'Object Repository/CURAHealthcareService/AppointmentPageObjects/Comment'

17-07-2024T21:44:15 - [TEST_STEP][PASSED] - click(findTestObject("CURAHealthcareService/AppointmentPageObjects/Book_Appointment_Button")): Object: 'Object Repository/CURAHealthcareService/AppointmentPageObjects/Book_Appointment_Button' is clicked on

17-07-2024T21:44:16 - [MESSAGE][PASSED] - Object: 'Object Repository/CURAHealthcareService/AppointmentPageObjects/Book_Appointment_Button' is clicked on

17-07-2024T21:44:16 - [TEST_STEP][PASSED] - click(findTestObject("CURAHealthcareService/AppointmentPageObjects/Menu_Button")): Object: 'Object Repository/CURAHealthcareService/AppointmentPageObjects/Menu_Button' is clicked on

17-07-2024T21:44:16 - [MESSAGE][PASSED] - Object: 'Object Repository/CURAHealthcareService/AppointmentPageObjects/Menu_Button' is clicked on

17-07-2024T21:44:16 - [TEST_STEP][PASSED] - click(findTestObject("CURAHealthcareService/AppointmentPageObjects/Logout")): Object: 'Object Repository/CURAHealthcareService/AppointmentPageObjects/Logout' is clicked on

17-07-2024T21:44:17 - [MESSAGE][PASSED] - Object: 'Object Repository/CURAHealthcareService/AppointmentPageObjects/Logout' is clicked on

17-07-2024T21:44:17 - [TEST_STEP][PASSED] - closeBrowser(): Browser is closed

17-07-2024T21:44:18 - [MESSAGE][PASSED] - Browser is closed]]></system-out>
         <system-err><![CDATA[]]></system-err>
      </testcase>
      <testcase name="Test Cases/CURAHealthcareService/Appontment_TestCases/ViewAppointmentHistory" time="13.921" classname="Test Cases/CURAHealthcareService/Appontment_TestCases/ViewAppointmentHistory" status="PASSED">
         <system-out><![CDATA[17-07-2024T21:44:18 - [TEST_CASE][PASSED] - Test Cases/CURAHealthcareService/Appontment_TestCases/ViewAppointmentHistory: Test Cases/CURAHealthcareService/Appontment_TestCases/ViewAppointmentHistory

17-07-2024T21:44:18 - [TEST_STEP][PASSED] - callTestCase(findTestCase("CURAHealthcareService/Appontment_TestCases/Book_Appointment_Medicare_Basic"), [:], STOP_ON_FAILURE): Call Test Case 'Test Cases/CURAHealthcareService/Appontment_TestCases/Book_Appointment_Medicare_Basic' successfully

17-07-2024T21:44:18 - [TEST_CASE][PASSED] - Test Cases/CURAHealthcareService/Appontment_TestCases/Book_Appointment_Medicare_Basic: Test Cases/CURAHealthcareService/Appontment_TestCases/Book_Appointment_Medicare_Basic

17-07-2024T21:44:18 - [TEST_STEP][PASSED] - callTestCase(findTestCase("CURAHealthcareService/Login"), [:], STOP_ON_FAILURE): Call Test Case 'Test Cases/CURAHealthcareService/Login' successfully

17-07-2024T21:44:18 - [TEST_CASE][PASSED] - Test Cases/CURAHealthcareService/Login: Test Cases/CURAHealthcareService/Login

17-07-2024T21:44:18 - [TEST_STEP][PASSED] - openBrowser("https://katalon-demo-cura.herokuapp.com/"): Browser is opened with url: 'https://katalon-demo-cura.herokuapp.com/'

17-07-2024T21:44:18 - [MESSAGE][INFO] - Starting 'Chrome' driver

17-07-2024T21:44:18 - [MESSAGE][INFO] - Action delay is set to 0 milliseconds

17-07-2024T21:44:22 - [MESSAGE][PASSED] - Browser is opened with url: 'https://katalon-demo-cura.herokuapp.com/'

17-07-2024T21:44:22 - [TEST_STEP][PASSED] - click(findTestObject("CURAHealthcareService/Page_CURA Healthcare Service/MakeAppointment_button")): Object: 'Object Repository/CURAHealthcareService/Page_CURA Healthcare Service/MakeAppointment_button' is clicked on

17-07-2024T21:44:22 - [MESSAGE][PASSED] - Object: 'Object Repository/CURAHealthcareService/Page_CURA Healthcare Service/MakeAppointment_button' is clicked on

17-07-2024T21:44:22 - [TEST_STEP][PASSED] - setText(findTestObject("CURAHealthcareService/Page_CURA Healthcare Service/input_Username_username"), "John Doe"): Text 'John Doe' is set on object 'Object Repository/CURAHealthcareService/Page_CURA Healthcare Service/input_Username_username'

17-07-2024T21:44:23 - [MESSAGE][PASSED] - Text 'John Doe' is set on object 'Object Repository/CURAHealthcareService/Page_CURA Healthcare Service/input_Username_username'

17-07-2024T21:44:23 - [TEST_STEP][PASSED] - setText(findTestObject("CURAHealthcareService/Page_CURA Healthcare Service/input_Password_password"), "ThisIsNotAPassword"): Text 'ThisIsNotAPassword' is set on object 'Object Repository/CURAHealthcareService/Page_CURA Healthcare Service/input_Password_password'

17-07-2024T21:44:24 - [MESSAGE][PASSED] - Text 'ThisIsNotAPassword' is set on object 'Object Repository/CURAHealthcareService/Page_CURA Healthcare Service/input_Password_password'

17-07-2024T21:44:24 - [TEST_STEP][PASSED] - click(findTestObject("CURAHealthcareService/Page_CURA Healthcare Service/button_Login")): Object: 'Object Repository/CURAHealthcareService/Page_CURA Healthcare Service/button_Login' is clicked on

17-07-2024T21:44:25 - [MESSAGE][PASSED] - Object: 'Object Repository/CURAHealthcareService/Page_CURA Healthcare Service/button_Login' is clicked on

17-07-2024T21:44:25 - [MESSAGE][PASSED] - Call Test Case 'Test Cases/CURAHealthcareService/Login' successfully

17-07-2024T21:44:25 - [TEST_STEP][PASSED] - selectOptionByValue(findTestObject("CURAHealthcareService/AppointmentPageObjects/Select_Facility"), "Hongkong CURA Healthcare Center", false): All options with value 'Hongkong CURA Healthcare Center' are selected in object 'Object Repository/CURAHealthcareService/AppointmentPageObjects/Select_Facility' 

17-07-2024T21:44:26 - [MESSAGE][PASSED] - All options with value 'Hongkong CURA Healthcare Center' are selected in object 'Object Repository/CURAHealthcareService/AppointmentPageObjects/Select_Facility' 

17-07-2024T21:44:26 - [TEST_STEP][PASSED] - click(findTestObject("CURAHealthcareService/AppointmentPageObjects/Select_Healthcare_Program_Medicare")): Object: 'Object Repository/CURAHealthcareService/AppointmentPageObjects/Select_Healthcare_Program_Medicare' is clicked on

17-07-2024T21:44:26 - [MESSAGE][PASSED] - Object: 'Object Repository/CURAHealthcareService/AppointmentPageObjects/Select_Healthcare_Program_Medicare' is clicked on

17-07-2024T21:44:26 - [TEST_STEP][PASSED] - setText(findTestObject("CURAHealthcareService/AppointmentPageObjects/Visit_Date"), "20/07/2024"): Text '20/07/2024' is set on object 'Object Repository/CURAHealthcareService/AppointmentPageObjects/Visit_Date'

17-07-2024T21:44:27 - [MESSAGE][PASSED] - Text '20/07/2024' is set on object 'Object Repository/CURAHealthcareService/AppointmentPageObjects/Visit_Date'

17-07-2024T21:44:27 - [TEST_STEP][PASSED] - click(findTestObject("CURAHealthcareService/AppointmentPageObjects/Comment")): Object: 'Object Repository/CURAHealthcareService/AppointmentPageObjects/Comment' is clicked on

17-07-2024T21:44:28 - [MESSAGE][PASSED] - Object: 'Object Repository/CURAHealthcareService/AppointmentPageObjects/Comment' is clicked on

17-07-2024T21:44:28 - [TEST_STEP][PASSED] - setText(findTestObject("CURAHealthcareService/AppointmentPageObjects/Comment"), "Test Apppointment"): Text 'Test Apppointment' is set on object 'Object Repository/CURAHealthcareService/AppointmentPageObjects/Comment'

17-07-2024T21:44:29 - [MESSAGE][PASSED] - Text 'Test Apppointment' is set on object 'Object Repository/CURAHealthcareService/AppointmentPageObjects/Comment'

17-07-2024T21:44:29 - [TEST_STEP][PASSED] - click(findTestObject("CURAHealthcareService/AppointmentPageObjects/Book_Appointment_Button")): Object: 'Object Repository/CURAHealthcareService/AppointmentPageObjects/Book_Appointment_Button' is clicked on

17-07-2024T21:44:29 - [MESSAGE][PASSED] - Object: 'Object Repository/CURAHealthcareService/AppointmentPageObjects/Book_Appointment_Button' is clicked on

17-07-2024T21:44:29 - [MESSAGE][PASSED] - Call Test Case 'Test Cases/CURAHealthcareService/Appontment_TestCases/Book_Appointment_Medicare_Basic' successfully

17-07-2024T21:44:29 - [TEST_STEP][PASSED] - click(findTestObject("CURAHealthcareService/AppointmentPageObjects/Menu_Button")): Object: 'Object Repository/CURAHealthcareService/AppointmentPageObjects/Menu_Button' is clicked on

17-07-2024T21:44:30 - [MESSAGE][PASSED] - Object: 'Object Repository/CURAHealthcareService/AppointmentPageObjects/Menu_Button' is clicked on

17-07-2024T21:44:30 - [TEST_STEP][PASSED] - click(findTestObject("CURAHealthcareService/AppointmentPageObjects/History")): Object: 'Object Repository/CURAHealthcareService/AppointmentPageObjects/History' is clicked on

17-07-2024T21:44:31 - [MESSAGE][PASSED] - Object: 'Object Repository/CURAHealthcareService/AppointmentPageObjects/History' is clicked on

17-07-2024T21:44:31 - [TEST_STEP][PASSED] - click(findTestObject("CURAHealthcareService/AppointmentPageObjects/Menu_Button")): Object: 'Object Repository/CURAHealthcareService/AppointmentPageObjects/Menu_Button' is clicked on

17-07-2024T21:44:31 - [MESSAGE][PASSED] - Object: 'Object Repository/CURAHealthcareService/AppointmentPageObjects/Menu_Button' is clicked on

17-07-2024T21:44:31 - [TEST_STEP][PASSED] - click(findTestObject("CURAHealthcareService/AppointmentPageObjects/Logout")): Object: 'Object Repository/CURAHealthcareService/AppointmentPageObjects/Logout' is clicked on

17-07-2024T21:44:32 - [MESSAGE][PASSED] - Object: 'Object Repository/CURAHealthcareService/AppointmentPageObjects/Logout' is clicked on]]></system-out>
         <system-err><![CDATA[]]></system-err>
      </testcase>
      <testcase name="Test Cases/CURAHealthcareService/Login" time="7.834" classname="Test Cases/CURAHealthcareService/Login" status="PASSED">
         <system-out><![CDATA[17-07-2024T21:44:32 - [TEST_CASE][PASSED] - Test Cases/CURAHealthcareService/Login: Test Cases/CURAHealthcareService/Login

17-07-2024T21:44:32 - [TEST_STEP][PASSED] - openBrowser("https://katalon-demo-cura.herokuapp.com/"): Browser is opened with url: 'https://katalon-demo-cura.herokuapp.com/'

17-07-2024T21:44:32 - [MESSAGE][WARNING] - A browser is already opened. Closing browser and opening a new one

17-07-2024T21:44:33 - [MESSAGE][INFO] - Starting 'Chrome' driver

17-07-2024T21:44:33 - [MESSAGE][INFO] - Action delay is set to 0 milliseconds

17-07-2024T21:44:36 - [MESSAGE][PASSED] - Browser is opened with url: 'https://katalon-demo-cura.herokuapp.com/'

17-07-2024T21:44:36 - [TEST_STEP][PASSED] - click(findTestObject("CURAHealthcareService/Page_CURA Healthcare Service/MakeAppointment_button")): Object: 'Object Repository/CURAHealthcareService/Page_CURA Healthcare Service/MakeAppointment_button' is clicked on

17-07-2024T21:44:37 - [MESSAGE][PASSED] - Object: 'Object Repository/CURAHealthcareService/Page_CURA Healthcare Service/MakeAppointment_button' is clicked on

17-07-2024T21:44:37 - [TEST_STEP][PASSED] - setText(findTestObject("CURAHealthcareService/Page_CURA Healthcare Service/input_Username_username"), "John Doe"): Text 'John Doe' is set on object 'Object Repository/CURAHealthcareService/Page_CURA Healthcare Service/input_Username_username'

17-07-2024T21:44:38 - [MESSAGE][PASSED] - Text 'John Doe' is set on object 'Object Repository/CURAHealthcareService/Page_CURA Healthcare Service/input_Username_username'

17-07-2024T21:44:38 - [TEST_STEP][PASSED] - setText(findTestObject("CURAHealthcareService/Page_CURA Healthcare Service/input_Password_password"), "ThisIsNotAPassword"): Text 'ThisIsNotAPassword' is set on object 'Object Repository/CURAHealthcareService/Page_CURA Healthcare Service/input_Password_password'

17-07-2024T21:44:39 - [MESSAGE][PASSED] - Text 'ThisIsNotAPassword' is set on object 'Object Repository/CURAHealthcareService/Page_CURA Healthcare Service/input_Password_password'

17-07-2024T21:44:39 - [TEST_STEP][PASSED] - click(findTestObject("CURAHealthcareService/Page_CURA Healthcare Service/button_Login")): Object: 'Object Repository/CURAHealthcareService/Page_CURA Healthcare Service/button_Login' is clicked on

17-07-2024T21:44:40 - [MESSAGE][PASSED] - Object: 'Object Repository/CURAHealthcareService/Page_CURA Healthcare Service/button_Login' is clicked on]]></system-out>
         <system-err><![CDATA[]]></system-err>
      </testcase>
      <system-out><![CDATA[17-07-2024T21:43:32 - [TEST_SUITE][PASSED] - CURAHealthcareServices: Test Cases/CURAHealthcareService/Login]]></system-out>
      <system-err><![CDATA[]]></system-err>
   </testsuite>
   <testsuite name="SauceDemo" tests="9" failures="0" errors="0" time="83.652" skipped="0" timestamp="17-07-2024T21:44:51" hostname="usman - 192.168.0.125" id="Test Suites/SauceDemo">
      <properties>
         <property name="deviceName" value=""/>
         <property name="devicePlatform"/>
         <property name="logFolder" value="C:\\Users\\usman\\Katalon Studio\\SauceDemo\\Reports\\20240717_214316\\SauceDemo\\20240717_214320"/>
         <property name="logFiles" value="C:\\Users\\usman\\Katalon Studio\\SauceDemo\\Reports\\20240717_214316\\SauceDemo\\20240717_214320\\execution0.log"/>
         <property name="attachments" value=""/>
         <property name="hostName" value="usman - 192.168.0.125"/>
         <property name="os" value="Windows 11 64bit"/>
         <property name="katalonVersion" value="9.5.0.217"/>
         <property name="browser" value="Chrome 126.0.0.0"/>
         <property name="hostAddress" value="192.168.0.125"/>
         <property name="sessionId" value="46b61c8225c15c4aba01ba86e139b626"/>
         <property name="seleniumVersion" value="3.141.59"/>
         <property name="proxyInformation" value="ProxyInformation { proxyOption=NO_PROXY, proxyServerType=HTTP, username=, password=********, proxyServerAddress=, proxyServerPort=0, executionList=&quot;&quot;, isApplyToDesiredCapabilities=true }"/>
         <property name="platform" value="Windows 11"/>
      </properties>
      <testcase name="Test Cases/SauceDemo/Data Driven/Login_DataDriven" time="10.834" classname="Test Cases/SauceDemo/Data Driven/Login_DataDriven" status="PASSED">
         <system-out><![CDATA[17-07-2024T21:44:52 - [TEST_CASE][PASSED] - Test Cases/SauceDemo/Data Driven/Login_DataDriven: Test Cases/SauceDemo/Data Driven/Login_DataDriven

17-07-2024T21:44:52 - [TEST_STEP][PASSED] - openBrowser(""): Browser is opened with url: ''

17-07-2024T21:44:53 - [MESSAGE][INFO] - Starting 'Chrome' driver

17-07-2024T21:44:53 - [MESSAGE][INFO] - Action delay is set to 0 milliseconds

17-07-2024T21:44:56 - [MESSAGE][PASSED] - Browser is opened with url: ''

17-07-2024T21:44:56 - [TEST_STEP][PASSED] - navigateToUrl("https://www.saucedemo.com/"): Navigate to 'https://www.saucedemo.com/' successfully

17-07-2024T21:44:58 - [MESSAGE][PASSED] - Navigate to 'https://www.saucedemo.com/' successfully

17-07-2024T21:44:58 - [TEST_STEP][PASSED] - verifyElementPresent(findTestObject("SauceDemo/Logo"), 0): Object 'Object Repository/SauceDemo/Logo' is present

17-07-2024T21:44:58 - [MESSAGE][WARNING] - Timeout '0' is invalid. Using default page load timeout: '30'

17-07-2024T21:44:58 - [MESSAGE][PASSED] - Object 'Object Repository/SauceDemo/Logo' is present

17-07-2024T21:44:58 - [TEST_STEP][PASSED] - setText(findTestObject("Object Repository/SauceDemo/Page_Swag Labs/input_Swag Labs_user-name"), Username): Text 'standard_user' is set on object 'Object Repository/SauceDemo/Page_Swag Labs/input_Swag Labs_user-name'

17-07-2024T21:44:59 - [MESSAGE][PASSED] - Text 'standard_user' is set on object 'Object Repository/SauceDemo/Page_Swag Labs/input_Swag Labs_user-name'

17-07-2024T21:44:59 - [TEST_STEP][PASSED] - setText(findTestObject("Object Repository/SauceDemo/Page_Swag Labs/input_Swag Labs_password"), Password): Text 'secret_sauce' is set on object 'Object Repository/SauceDemo/Page_Swag Labs/input_Swag Labs_password'

17-07-2024T21:45:00 - [MESSAGE][PASSED] - Text 'secret_sauce' is set on object 'Object Repository/SauceDemo/Page_Swag Labs/input_Swag Labs_password'

17-07-2024T21:45:00 - [TEST_STEP][PASSED] - click(findTestObject("Object Repository/SauceDemo/Page_Swag Labs/input_Swag Labs_login-button")): Object: 'Object Repository/SauceDemo/Page_Swag Labs/input_Swag Labs_login-button' is clicked on

17-07-2024T21:45:01 - [MESSAGE][PASSED] - Object: 'Object Repository/SauceDemo/Page_Swag Labs/input_Swag Labs_login-button' is clicked on

17-07-2024T21:45:01 - [TEST_STEP][PASSED] - click(findTestObject("Object Repository/SauceDemo/Page_Swag Labs/div_Swag Labs")): Object: 'Object Repository/SauceDemo/Page_Swag Labs/div_Swag Labs' is clicked on

17-07-2024T21:45:01 - [MESSAGE][PASSED] - Object: 'Object Repository/SauceDemo/Page_Swag Labs/div_Swag Labs' is clicked on

17-07-2024T21:45:01 - [TEST_STEP][PASSED] - verifyElementText(findTestObject("Object Repository/SauceDemo/Page_Swag Labs/div_Swag Labs"), "Swag Labs"): Actual text and expected text of test object 'Object Repository/SauceDemo/Page_Swag Labs/div_Swag Labs' are matched.

17-07-2024T21:45:02 - [MESSAGE][PASSED] - Actual text and expected text of test object 'Object Repository/SauceDemo/Page_Swag Labs/div_Swag Labs' are matched.

17-07-2024T21:45:02 - [TEST_STEP][PASSED] - click(findTestObject("SauceDemo/HomePage/MenuButton")): Object: 'Object Repository/SauceDemo/HomePage/MenuButton' is clicked on

17-07-2024T21:45:02 - [MESSAGE][PASSED] - Object: 'Object Repository/SauceDemo/HomePage/MenuButton' is clicked on

17-07-2024T21:45:02 - [TEST_STEP][PASSED] - click(findTestObject("SauceDemo/HomePage/Logout")): Object: 'Object Repository/SauceDemo/HomePage/Logout' is clicked on

17-07-2024T21:45:02 - [MESSAGE][PASSED] - Object: 'Object Repository/SauceDemo/HomePage/Logout' is clicked on]]></system-out>
         <system-err><![CDATA[]]></system-err>
      </testcase>
      <testcase name="Test Cases/SauceDemo/Data Driven/Login_DataDriven" time="7.907" classname="Test Cases/SauceDemo/Data Driven/Login_DataDriven" status="PASSED">
         <system-out><![CDATA[17-07-2024T21:45:02 - [TEST_CASE][PASSED] - Test Cases/SauceDemo/Data Driven/Login_DataDriven: Test Cases/SauceDemo/Data Driven/Login_DataDriven

17-07-2024T21:45:03 - [TEST_STEP][PASSED] - openBrowser(""): Browser is opened with url: ''

17-07-2024T21:45:03 - [MESSAGE][WARNING] - A browser is already opened. Closing browser and opening a new one

17-07-2024T21:45:03 - [MESSAGE][INFO] - Starting 'Chrome' driver

17-07-2024T21:45:03 - [MESSAGE][INFO] - Action delay is set to 0 milliseconds

17-07-2024T21:45:04 - [MESSAGE][PASSED] - Browser is opened with url: ''

17-07-2024T21:45:04 - [TEST_STEP][PASSED] - navigateToUrl("https://www.saucedemo.com/"): Navigate to 'https://www.saucedemo.com/' successfully

17-07-2024T21:45:05 - [MESSAGE][PASSED] - Navigate to 'https://www.saucedemo.com/' successfully

17-07-2024T21:45:05 - [TEST_STEP][PASSED] - verifyElementPresent(findTestObject("SauceDemo/Logo"), 0): Object 'Object Repository/SauceDemo/Logo' is present

17-07-2024T21:45:05 - [MESSAGE][WARNING] - Timeout '0' is invalid. Using default page load timeout: '30'

17-07-2024T21:45:06 - [MESSAGE][PASSED] - Object 'Object Repository/SauceDemo/Logo' is present

17-07-2024T21:45:06 - [TEST_STEP][PASSED] - setText(findTestObject("Object Repository/SauceDemo/Page_Swag Labs/input_Swag Labs_user-name"), Username): Text 'problem_user' is set on object 'Object Repository/SauceDemo/Page_Swag Labs/input_Swag Labs_user-name'

17-07-2024T21:45:07 - [MESSAGE][PASSED] - Text 'problem_user' is set on object 'Object Repository/SauceDemo/Page_Swag Labs/input_Swag Labs_user-name'

17-07-2024T21:45:07 - [TEST_STEP][PASSED] - setText(findTestObject("Object Repository/SauceDemo/Page_Swag Labs/input_Swag Labs_password"), Password): Text 'secret_sauce' is set on object 'Object Repository/SauceDemo/Page_Swag Labs/input_Swag Labs_password'

17-07-2024T21:45:08 - [MESSAGE][PASSED] - Text 'secret_sauce' is set on object 'Object Repository/SauceDemo/Page_Swag Labs/input_Swag Labs_password'

17-07-2024T21:45:08 - [TEST_STEP][PASSED] - click(findTestObject("Object Repository/SauceDemo/Page_Swag Labs/input_Swag Labs_login-button")): Object: 'Object Repository/SauceDemo/Page_Swag Labs/input_Swag Labs_login-button' is clicked on

17-07-2024T21:45:09 - [MESSAGE][PASSED] - Object: 'Object Repository/SauceDemo/Page_Swag Labs/input_Swag Labs_login-button' is clicked on

17-07-2024T21:45:09 - [TEST_STEP][PASSED] - click(findTestObject("Object Repository/SauceDemo/Page_Swag Labs/div_Swag Labs")): Object: 'Object Repository/SauceDemo/Page_Swag Labs/div_Swag Labs' is clicked on

17-07-2024T21:45:09 - [MESSAGE][PASSED] - Object: 'Object Repository/SauceDemo/Page_Swag Labs/div_Swag Labs' is clicked on

17-07-2024T21:45:09 - [TEST_STEP][PASSED] - verifyElementText(findTestObject("Object Repository/SauceDemo/Page_Swag Labs/div_Swag Labs"), "Swag Labs"): Actual text and expected text of test object 'Object Repository/SauceDemo/Page_Swag Labs/div_Swag Labs' are matched.

17-07-2024T21:45:10 - [MESSAGE][PASSED] - Actual text and expected text of test object 'Object Repository/SauceDemo/Page_Swag Labs/div_Swag Labs' are matched.

17-07-2024T21:45:10 - [TEST_STEP][PASSED] - click(findTestObject("SauceDemo/HomePage/MenuButton")): Object: 'Object Repository/SauceDemo/HomePage/MenuButton' is clicked on

17-07-2024T21:45:10 - [MESSAGE][PASSED] - Object: 'Object Repository/SauceDemo/HomePage/MenuButton' is clicked on

17-07-2024T21:45:10 - [TEST_STEP][PASSED] - click(findTestObject("SauceDemo/HomePage/Logout")): Object: 'Object Repository/SauceDemo/HomePage/Logout' is clicked on

17-07-2024T21:45:10 - [MESSAGE][PASSED] - Object: 'Object Repository/SauceDemo/HomePage/Logout' is clicked on]]></system-out>
         <system-err><![CDATA[]]></system-err>
      </testcase>
      <testcase name="Test Cases/SauceDemo/Data Driven/Login_DataDriven" time="13.637" classname="Test Cases/SauceDemo/Data Driven/Login_DataDriven" status="PASSED">
         <system-out><![CDATA[17-07-2024T21:45:10 - [TEST_CASE][PASSED] - Test Cases/SauceDemo/Data Driven/Login_DataDriven: Test Cases/SauceDemo/Data Driven/Login_DataDriven

17-07-2024T21:45:10 - [TEST_STEP][PASSED] - openBrowser(""): Browser is opened with url: ''

17-07-2024T21:45:10 - [MESSAGE][WARNING] - A browser is already opened. Closing browser and opening a new one

17-07-2024T21:45:11 - [MESSAGE][INFO] - Starting 'Chrome' driver

17-07-2024T21:45:11 - [MESSAGE][INFO] - Action delay is set to 0 milliseconds

17-07-2024T21:45:13 - [MESSAGE][PASSED] - Browser is opened with url: ''

17-07-2024T21:45:13 - [TEST_STEP][PASSED] - navigateToUrl("https://www.saucedemo.com/"): Navigate to 'https://www.saucedemo.com/' successfully

17-07-2024T21:45:14 - [MESSAGE][PASSED] - Navigate to 'https://www.saucedemo.com/' successfully

17-07-2024T21:45:14 - [TEST_STEP][PASSED] - verifyElementPresent(findTestObject("SauceDemo/Logo"), 0): Object 'Object Repository/SauceDemo/Logo' is present

17-07-2024T21:45:14 - [MESSAGE][WARNING] - Timeout '0' is invalid. Using default page load timeout: '30'

17-07-2024T21:45:15 - [MESSAGE][PASSED] - Object 'Object Repository/SauceDemo/Logo' is present

17-07-2024T21:45:15 - [TEST_STEP][PASSED] - setText(findTestObject("Object Repository/SauceDemo/Page_Swag Labs/input_Swag Labs_user-name"), Username): Text 'performance_glitch_user' is set on object 'Object Repository/SauceDemo/Page_Swag Labs/input_Swag Labs_user-name'

17-07-2024T21:45:16 - [MESSAGE][PASSED] - Text 'performance_glitch_user' is set on object 'Object Repository/SauceDemo/Page_Swag Labs/input_Swag Labs_user-name'

17-07-2024T21:45:16 - [TEST_STEP][PASSED] - setText(findTestObject("Object Repository/SauceDemo/Page_Swag Labs/input_Swag Labs_password"), Password): Text 'secret_sauce' is set on object 'Object Repository/SauceDemo/Page_Swag Labs/input_Swag Labs_password'

17-07-2024T21:45:17 - [MESSAGE][PASSED] - Text 'secret_sauce' is set on object 'Object Repository/SauceDemo/Page_Swag Labs/input_Swag Labs_password'

17-07-2024T21:45:17 - [TEST_STEP][PASSED] - click(findTestObject("Object Repository/SauceDemo/Page_Swag Labs/input_Swag Labs_login-button")): Object: 'Object Repository/SauceDemo/Page_Swag Labs/input_Swag Labs_login-button' is clicked on

17-07-2024T21:45:22 - [MESSAGE][PASSED] - Object: 'Object Repository/SauceDemo/Page_Swag Labs/input_Swag Labs_login-button' is clicked on

17-07-2024T21:45:22 - [TEST_STEP][PASSED] - click(findTestObject("Object Repository/SauceDemo/Page_Swag Labs/div_Swag Labs")): Object: 'Object Repository/SauceDemo/Page_Swag Labs/div_Swag Labs' is clicked on

17-07-2024T21:45:23 - [MESSAGE][PASSED] - Object: 'Object Repository/SauceDemo/Page_Swag Labs/div_Swag Labs' is clicked on

17-07-2024T21:45:23 - [TEST_STEP][PASSED] - verifyElementText(findTestObject("Object Repository/SauceDemo/Page_Swag Labs/div_Swag Labs"), "Swag Labs"): Actual text and expected text of test object 'Object Repository/SauceDemo/Page_Swag Labs/div_Swag Labs' are matched.

17-07-2024T21:45:23 - [MESSAGE][PASSED] - Actual text and expected text of test object 'Object Repository/SauceDemo/Page_Swag Labs/div_Swag Labs' are matched.

17-07-2024T21:45:23 - [TEST_STEP][PASSED] - click(findTestObject("SauceDemo/HomePage/MenuButton")): Object: 'Object Repository/SauceDemo/HomePage/MenuButton' is clicked on

17-07-2024T21:45:24 - [MESSAGE][PASSED] - Object: 'Object Repository/SauceDemo/HomePage/MenuButton' is clicked on

17-07-2024T21:45:24 - [TEST_STEP][PASSED] - click(findTestObject("SauceDemo/HomePage/Logout")): Object: 'Object Repository/SauceDemo/HomePage/Logout' is clicked on

17-07-2024T21:45:24 - [MESSAGE][PASSED] - Object: 'Object Repository/SauceDemo/HomePage/Logout' is clicked on]]></system-out>
         <system-err><![CDATA[]]></system-err>
      </testcase>
      <testcase name="Test Cases/SauceDemo/Data Driven/Login_DataDriven" time="7.654" classname="Test Cases/SauceDemo/Data Driven/Login_DataDriven" status="PASSED">
         <system-out><![CDATA[17-07-2024T21:45:24 - [TEST_CASE][PASSED] - Test Cases/SauceDemo/Data Driven/Login_DataDriven: Test Cases/SauceDemo/Data Driven/Login_DataDriven

17-07-2024T21:45:24 - [TEST_STEP][PASSED] - openBrowser(""): Browser is opened with url: ''

17-07-2024T21:45:24 - [MESSAGE][WARNING] - A browser is already opened. Closing browser and opening a new one

17-07-2024T21:45:25 - [MESSAGE][INFO] - Starting 'Chrome' driver

17-07-2024T21:45:25 - [MESSAGE][INFO] - Action delay is set to 0 milliseconds

17-07-2024T21:45:26 - [MESSAGE][PASSED] - Browser is opened with url: ''

17-07-2024T21:45:26 - [TEST_STEP][PASSED] - navigateToUrl("https://www.saucedemo.com/"): Navigate to 'https://www.saucedemo.com/' successfully

17-07-2024T21:45:27 - [MESSAGE][PASSED] - Navigate to 'https://www.saucedemo.com/' successfully

17-07-2024T21:45:27 - [TEST_STEP][PASSED] - verifyElementPresent(findTestObject("SauceDemo/Logo"), 0): Object 'Object Repository/SauceDemo/Logo' is present

17-07-2024T21:45:27 - [MESSAGE][WARNING] - Timeout '0' is invalid. Using default page load timeout: '30'

17-07-2024T21:45:28 - [MESSAGE][PASSED] - Object 'Object Repository/SauceDemo/Logo' is present

17-07-2024T21:45:28 - [TEST_STEP][PASSED] - setText(findTestObject("Object Repository/SauceDemo/Page_Swag Labs/input_Swag Labs_user-name"), Username): Text 'error_user' is set on object 'Object Repository/SauceDemo/Page_Swag Labs/input_Swag Labs_user-name'

17-07-2024T21:45:29 - [MESSAGE][PASSED] - Text 'error_user' is set on object 'Object Repository/SauceDemo/Page_Swag Labs/input_Swag Labs_user-name'

17-07-2024T21:45:29 - [TEST_STEP][PASSED] - setText(findTestObject("Object Repository/SauceDemo/Page_Swag Labs/input_Swag Labs_password"), Password): Text 'secret_sauce' is set on object 'Object Repository/SauceDemo/Page_Swag Labs/input_Swag Labs_password'

17-07-2024T21:45:30 - [MESSAGE][PASSED] - Text 'secret_sauce' is set on object 'Object Repository/SauceDemo/Page_Swag Labs/input_Swag Labs_password'

17-07-2024T21:45:30 - [TEST_STEP][PASSED] - click(findTestObject("Object Repository/SauceDemo/Page_Swag Labs/input_Swag Labs_login-button")): Object: 'Object Repository/SauceDemo/Page_Swag Labs/input_Swag Labs_login-button' is clicked on

17-07-2024T21:45:30 - [MESSAGE][PASSED] - Object: 'Object Repository/SauceDemo/Page_Swag Labs/input_Swag Labs_login-button' is clicked on

17-07-2024T21:45:30 - [TEST_STEP][PASSED] - click(findTestObject("Object Repository/SauceDemo/Page_Swag Labs/div_Swag Labs")): Object: 'Object Repository/SauceDemo/Page_Swag Labs/div_Swag Labs' is clicked on

17-07-2024T21:45:31 - [MESSAGE][PASSED] - Object: 'Object Repository/SauceDemo/Page_Swag Labs/div_Swag Labs' is clicked on

17-07-2024T21:45:31 - [TEST_STEP][PASSED] - verifyElementText(findTestObject("Object Repository/SauceDemo/Page_Swag Labs/div_Swag Labs"), "Swag Labs"): Actual text and expected text of test object 'Object Repository/SauceDemo/Page_Swag Labs/div_Swag Labs' are matched.

17-07-2024T21:45:31 - [MESSAGE][PASSED] - Actual text and expected text of test object 'Object Repository/SauceDemo/Page_Swag Labs/div_Swag Labs' are matched.

17-07-2024T21:45:31 - [TEST_STEP][PASSED] - click(findTestObject("SauceDemo/HomePage/MenuButton")): Object: 'Object Repository/SauceDemo/HomePage/MenuButton' is clicked on

17-07-2024T21:45:31 - [MESSAGE][PASSED] - Object: 'Object Repository/SauceDemo/HomePage/MenuButton' is clicked on

17-07-2024T21:45:31 - [TEST_STEP][PASSED] - click(findTestObject("SauceDemo/HomePage/Logout")): Object: 'Object Repository/SauceDemo/HomePage/Logout' is clicked on

17-07-2024T21:45:32 - [MESSAGE][PASSED] - Object: 'Object Repository/SauceDemo/HomePage/Logout' is clicked on]]></system-out>
         <system-err><![CDATA[]]></system-err>
      </testcase>
      <testcase name="Test Cases/SauceDemo/Data Driven/Login_DataDriven" time="8.153" classname="Test Cases/SauceDemo/Data Driven/Login_DataDriven" status="PASSED">
         <system-out><![CDATA[17-07-2024T21:45:32 - [TEST_CASE][PASSED] - Test Cases/SauceDemo/Data Driven/Login_DataDriven: Test Cases/SauceDemo/Data Driven/Login_DataDriven

17-07-2024T21:45:32 - [TEST_STEP][PASSED] - openBrowser(""): Browser is opened with url: ''

17-07-2024T21:45:32 - [MESSAGE][WARNING] - A browser is already opened. Closing browser and opening a new one

17-07-2024T21:45:32 - [MESSAGE][INFO] - Starting 'Chrome' driver

17-07-2024T21:45:32 - [MESSAGE][INFO] - Action delay is set to 0 milliseconds

17-07-2024T21:45:34 - [MESSAGE][PASSED] - Browser is opened with url: ''

17-07-2024T21:45:34 - [TEST_STEP][PASSED] - navigateToUrl("https://www.saucedemo.com/"): Navigate to 'https://www.saucedemo.com/' successfully

17-07-2024T21:45:35 - [MESSAGE][PASSED] - Navigate to 'https://www.saucedemo.com/' successfully

17-07-2024T21:45:35 - [TEST_STEP][PASSED] - verifyElementPresent(findTestObject("SauceDemo/Logo"), 0): Object 'Object Repository/SauceDemo/Logo' is present

17-07-2024T21:45:35 - [MESSAGE][WARNING] - Timeout '0' is invalid. Using default page load timeout: '30'

17-07-2024T21:45:36 - [MESSAGE][PASSED] - Object 'Object Repository/SauceDemo/Logo' is present

17-07-2024T21:45:36 - [TEST_STEP][PASSED] - setText(findTestObject("Object Repository/SauceDemo/Page_Swag Labs/input_Swag Labs_user-name"), Username): Text 'visual_user' is set on object 'Object Repository/SauceDemo/Page_Swag Labs/input_Swag Labs_user-name'

17-07-2024T21:45:37 - [MESSAGE][PASSED] - Text 'visual_user' is set on object 'Object Repository/SauceDemo/Page_Swag Labs/input_Swag Labs_user-name'

17-07-2024T21:45:37 - [TEST_STEP][PASSED] - setText(findTestObject("Object Repository/SauceDemo/Page_Swag Labs/input_Swag Labs_password"), Password): Text 'secret_sauce' is set on object 'Object Repository/SauceDemo/Page_Swag Labs/input_Swag Labs_password'

17-07-2024T21:45:38 - [MESSAGE][PASSED] - Text 'secret_sauce' is set on object 'Object Repository/SauceDemo/Page_Swag Labs/input_Swag Labs_password'

17-07-2024T21:45:38 - [TEST_STEP][PASSED] - click(findTestObject("Object Repository/SauceDemo/Page_Swag Labs/input_Swag Labs_login-button")): Object: 'Object Repository/SauceDemo/Page_Swag Labs/input_Swag Labs_login-button' is clicked on

17-07-2024T21:45:38 - [MESSAGE][PASSED] - Object: 'Object Repository/SauceDemo/Page_Swag Labs/input_Swag Labs_login-button' is clicked on

17-07-2024T21:45:38 - [TEST_STEP][PASSED] - click(findTestObject("Object Repository/SauceDemo/Page_Swag Labs/div_Swag Labs")): Object: 'Object Repository/SauceDemo/Page_Swag Labs/div_Swag Labs' is clicked on

17-07-2024T21:45:39 - [MESSAGE][PASSED] - Object: 'Object Repository/SauceDemo/Page_Swag Labs/div_Swag Labs' is clicked on

17-07-2024T21:45:39 - [TEST_STEP][PASSED] - verifyElementText(findTestObject("Object Repository/SauceDemo/Page_Swag Labs/div_Swag Labs"), "Swag Labs"): Actual text and expected text of test object 'Object Repository/SauceDemo/Page_Swag Labs/div_Swag Labs' are matched.

17-07-2024T21:45:39 - [MESSAGE][PASSED] - Actual text and expected text of test object 'Object Repository/SauceDemo/Page_Swag Labs/div_Swag Labs' are matched.

17-07-2024T21:45:39 - [TEST_STEP][PASSED] - click(findTestObject("SauceDemo/HomePage/MenuButton")): Object: 'Object Repository/SauceDemo/HomePage/MenuButton' is clicked on

17-07-2024T21:45:39 - [MESSAGE][PASSED] - Object: 'Object Repository/SauceDemo/HomePage/MenuButton' is clicked on

17-07-2024T21:45:39 - [TEST_STEP][PASSED] - click(findTestObject("SauceDemo/HomePage/Logout")): Object: 'Object Repository/SauceDemo/HomePage/Logout' is clicked on

17-07-2024T21:45:40 - [MESSAGE][PASSED] - Object: 'Object Repository/SauceDemo/HomePage/Logout' is clicked on]]></system-out>
         <system-err><![CDATA[]]></system-err>
      </testcase>
      <testcase name="Test Cases/SauceDemo/Login" time="7.038" classname="Test Cases/SauceDemo/Login" status="PASSED">
         <system-out><![CDATA[17-07-2024T21:45:40 - [TEST_CASE][PASSED] - Test Cases/SauceDemo/Login: Test Cases/SauceDemo/Login

17-07-2024T21:45:40 - [TEST_STEP][PASSED] - openBrowser(""): Browser is opened with url: ''

17-07-2024T21:45:40 - [MESSAGE][WARNING] - A browser is already opened. Closing browser and opening a new one

17-07-2024T21:45:41 - [MESSAGE][INFO] - Starting 'Chrome' driver

17-07-2024T21:45:41 - [MESSAGE][INFO] - Action delay is set to 0 milliseconds

17-07-2024T21:45:42 - [MESSAGE][PASSED] - Browser is opened with url: ''

17-07-2024T21:45:42 - [TEST_STEP][PASSED] - navigateToUrl("https://www.saucedemo.com/"): Navigate to 'https://www.saucedemo.com/' successfully

17-07-2024T21:45:43 - [MESSAGE][PASSED] - Navigate to 'https://www.saucedemo.com/' successfully

17-07-2024T21:45:43 - [TEST_STEP][PASSED] - verifyElementPresent(findTestObject("SauceDemo/Logo"), 0): Object 'Object Repository/SauceDemo/Logo' is present

17-07-2024T21:45:43 - [MESSAGE][WARNING] - Timeout '0' is invalid. Using default page load timeout: '30'

17-07-2024T21:45:44 - [MESSAGE][PASSED] - Object 'Object Repository/SauceDemo/Logo' is present

17-07-2024T21:45:44 - [TEST_STEP][PASSED] - setText(findTestObject("Object Repository/SauceDemo/Page_Swag Labs/input_Swag Labs_user-name"), "standard_user"): Text 'standard_user' is set on object 'Object Repository/SauceDemo/Page_Swag Labs/input_Swag Labs_user-name'

17-07-2024T21:45:45 - [MESSAGE][PASSED] - Text 'standard_user' is set on object 'Object Repository/SauceDemo/Page_Swag Labs/input_Swag Labs_user-name'

17-07-2024T21:45:45 - [TEST_STEP][PASSED] - setEncryptedText(findTestObject("Object Repository/SauceDemo/Page_Swag Labs/input_Swag Labs_password"), "qcu24s4901FyWDTwXGr6XA=="): Text ****** has been set on object 'Object Repository/SauceDemo/Page_Swag Labs/input_Swag Labs_password'

17-07-2024T21:45:46 - [MESSAGE][PASSED] - Text ****** has been set on object 'Object Repository/SauceDemo/Page_Swag Labs/input_Swag Labs_password'

17-07-2024T21:45:46 - [TEST_STEP][PASSED] - click(findTestObject("Object Repository/SauceDemo/Page_Swag Labs/input_Swag Labs_login-button")): Object: 'Object Repository/SauceDemo/Page_Swag Labs/input_Swag Labs_login-button' is clicked on

17-07-2024T21:45:46 - [MESSAGE][PASSED] - Object: 'Object Repository/SauceDemo/Page_Swag Labs/input_Swag Labs_login-button' is clicked on

17-07-2024T21:45:46 - [TEST_STEP][PASSED] - click(findTestObject("Object Repository/SauceDemo/Page_Swag Labs/div_Swag Labs")): Object: 'Object Repository/SauceDemo/Page_Swag Labs/div_Swag Labs' is clicked on

17-07-2024T21:45:47 - [MESSAGE][PASSED] - Object: 'Object Repository/SauceDemo/Page_Swag Labs/div_Swag Labs' is clicked on

17-07-2024T21:45:47 - [TEST_STEP][PASSED] - verifyElementText(findTestObject("Object Repository/SauceDemo/Page_Swag Labs/div_Swag Labs"), "Swag Labs"): Actual text and expected text of test object 'Object Repository/SauceDemo/Page_Swag Labs/div_Swag Labs' are matched.

17-07-2024T21:45:47 - [MESSAGE][PASSED] - Actual text and expected text of test object 'Object Repository/SauceDemo/Page_Swag Labs/div_Swag Labs' are matched.]]></system-out>
         <system-err><![CDATA[]]></system-err>
      </testcase>
      <testcase name="Test Cases/SauceDemo/ProductsPage/SelectMenu" time="8.224" classname="Test Cases/SauceDemo/ProductsPage/SelectMenu" status="PASSED">
         <system-out><![CDATA[17-07-2024T21:45:47 - [TEST_CASE][PASSED] - Test Cases/SauceDemo/ProductsPage/SelectMenu: Test Cases/SauceDemo/ProductsPage/SelectMenu

17-07-2024T21:45:47 - [TEST_STEP][PASSED] - callTestCase(findTestCase("SauceDemo/Login"), [:], STOP_ON_FAILURE): Call Test Case 'Test Cases/SauceDemo/Login' successfully

17-07-2024T21:45:47 - [TEST_CASE][PASSED] - Test Cases/SauceDemo/Login: Test Cases/SauceDemo/Login

17-07-2024T21:45:47 - [TEST_STEP][PASSED] - openBrowser(""): Browser is opened with url: ''

17-07-2024T21:45:47 - [MESSAGE][WARNING] - A browser is already opened. Closing browser and opening a new one

17-07-2024T21:45:48 - [MESSAGE][INFO] - Starting 'Chrome' driver

17-07-2024T21:45:48 - [MESSAGE][INFO] - Action delay is set to 0 milliseconds

17-07-2024T21:45:49 - [MESSAGE][PASSED] - Browser is opened with url: ''

17-07-2024T21:45:49 - [TEST_STEP][PASSED] - navigateToUrl("https://www.saucedemo.com/"): Navigate to 'https://www.saucedemo.com/' successfully

17-07-2024T21:45:50 - [MESSAGE][PASSED] - Navigate to 'https://www.saucedemo.com/' successfully

17-07-2024T21:45:50 - [TEST_STEP][PASSED] - verifyElementPresent(findTestObject("SauceDemo/Logo"), 0): Object 'Object Repository/SauceDemo/Logo' is present

17-07-2024T21:45:50 - [MESSAGE][WARNING] - Timeout '0' is invalid. Using default page load timeout: '30'

17-07-2024T21:45:51 - [MESSAGE][PASSED] - Object 'Object Repository/SauceDemo/Logo' is present

17-07-2024T21:45:51 - [TEST_STEP][PASSED] - setText(findTestObject("Object Repository/SauceDemo/Page_Swag Labs/input_Swag Labs_user-name"), "standard_user"): Text 'standard_user' is set on object 'Object Repository/SauceDemo/Page_Swag Labs/input_Swag Labs_user-name'

17-07-2024T21:45:52 - [MESSAGE][PASSED] - Text 'standard_user' is set on object 'Object Repository/SauceDemo/Page_Swag Labs/input_Swag Labs_user-name'

17-07-2024T21:45:52 - [TEST_STEP][PASSED] - setEncryptedText(findTestObject("Object Repository/SauceDemo/Page_Swag Labs/input_Swag Labs_password"), "qcu24s4901FyWDTwXGr6XA=="): Text ****** has been set on object 'Object Repository/SauceDemo/Page_Swag Labs/input_Swag Labs_password'

17-07-2024T21:45:53 - [MESSAGE][PASSED] - Text ****** has been set on object 'Object Repository/SauceDemo/Page_Swag Labs/input_Swag Labs_password'

17-07-2024T21:45:53 - [TEST_STEP][PASSED] - click(findTestObject("Object Repository/SauceDemo/Page_Swag Labs/input_Swag Labs_login-button")): Object: 'Object Repository/SauceDemo/Page_Swag Labs/input_Swag Labs_login-button' is clicked on

17-07-2024T21:45:53 - [MESSAGE][PASSED] - Object: 'Object Repository/SauceDemo/Page_Swag Labs/input_Swag Labs_login-button' is clicked on

17-07-2024T21:45:53 - [TEST_STEP][PASSED] - click(findTestObject("Object Repository/SauceDemo/Page_Swag Labs/div_Swag Labs")): Object: 'Object Repository/SauceDemo/Page_Swag Labs/div_Swag Labs' is clicked on

17-07-2024T21:45:54 - [MESSAGE][PASSED] - Object: 'Object Repository/SauceDemo/Page_Swag Labs/div_Swag Labs' is clicked on

17-07-2024T21:45:54 - [TEST_STEP][PASSED] - verifyElementText(findTestObject("Object Repository/SauceDemo/Page_Swag Labs/div_Swag Labs"), "Swag Labs"): Actual text and expected text of test object 'Object Repository/SauceDemo/Page_Swag Labs/div_Swag Labs' are matched.

17-07-2024T21:45:54 - [MESSAGE][PASSED] - Actual text and expected text of test object 'Object Repository/SauceDemo/Page_Swag Labs/div_Swag Labs' are matched.

17-07-2024T21:45:54 - [MESSAGE][PASSED] - Call Test Case 'Test Cases/SauceDemo/Login' successfully

17-07-2024T21:45:54 - [TEST_STEP][PASSED] - click(findTestObject("SauceDemo/HomePage/MenuButton")): Object: 'Object Repository/SauceDemo/HomePage/MenuButton' is clicked on

17-07-2024T21:45:54 - [MESSAGE][PASSED] - Object: 'Object Repository/SauceDemo/HomePage/MenuButton' is clicked on

17-07-2024T21:45:54 - [TEST_STEP][PASSED] - click(findTestObject("SauceDemo/HomePage/AllItems")): Object: 'Object Repository/SauceDemo/HomePage/AllItems' is clicked on

17-07-2024T21:45:55 - [MESSAGE][PASSED] - Object: 'Object Repository/SauceDemo/HomePage/AllItems' is clicked on

17-07-2024T21:45:55 - [TEST_STEP][PASSED] - click(findTestObject("SauceDemo/HomePage/CloseMenu")): Object: 'Object Repository/SauceDemo/HomePage/CloseMenu' is clicked on

17-07-2024T21:45:55 - [MESSAGE][PASSED] - Object: 'Object Repository/SauceDemo/HomePage/CloseMenu' is clicked on]]></system-out>
         <system-err><![CDATA[]]></system-err>
      </testcase>
      <testcase name="Test Cases/SauceDemo/ProductsPage/SelectProduct" time="9.844" classname="Test Cases/SauceDemo/ProductsPage/SelectProduct" status="PASSED">
         <system-out><![CDATA[17-07-2024T21:45:55 - [TEST_CASE][PASSED] - Test Cases/SauceDemo/ProductsPage/SelectProduct: Test Cases/SauceDemo/ProductsPage/SelectProduct

17-07-2024T21:45:55 - [TEST_STEP][PASSED] - openBrowser(""): Browser is opened with url: ''

17-07-2024T21:45:55 - [MESSAGE][WARNING] - A browser is already opened. Closing browser and opening a new one

17-07-2024T21:45:56 - [MESSAGE][INFO] - Starting 'Chrome' driver

17-07-2024T21:45:56 - [MESSAGE][INFO] - Action delay is set to 0 milliseconds

17-07-2024T21:45:58 - [MESSAGE][PASSED] - Browser is opened with url: ''

17-07-2024T21:45:58 - [TEST_STEP][PASSED] - navigateToUrl("https://www.saucedemo.com/"): Navigate to 'https://www.saucedemo.com/' successfully

17-07-2024T21:45:59 - [MESSAGE][PASSED] - Navigate to 'https://www.saucedemo.com/' successfully

17-07-2024T21:45:59 - [TEST_STEP][PASSED] - setText(findTestObject("Object Repository/Page_Swag Labs/input_Swag Labs_user-name"), "standard_user"): Text 'standard_user' is set on object 'Object Repository/Page_Swag Labs/input_Swag Labs_user-name'

17-07-2024T21:46:01 - [MESSAGE][PASSED] - Text 'standard_user' is set on object 'Object Repository/Page_Swag Labs/input_Swag Labs_user-name'

17-07-2024T21:46:01 - [TEST_STEP][PASSED] - setEncryptedText(findTestObject("Object Repository/Page_Swag Labs/input_Swag Labs_password"), "qcu24s4901FyWDTwXGr6XA=="): Text ****** has been set on object 'Object Repository/Page_Swag Labs/input_Swag Labs_password'

17-07-2024T21:46:01 - [MESSAGE][PASSED] - Text ****** has been set on object 'Object Repository/Page_Swag Labs/input_Swag Labs_password'

17-07-2024T21:46:01 - [TEST_STEP][PASSED] - click(findTestObject("Object Repository/Page_Swag Labs/input_Swag Labs_login-button")): Object: 'Object Repository/Page_Swag Labs/input_Swag Labs_login-button' is clicked on

17-07-2024T21:46:02 - [MESSAGE][PASSED] - Object: 'Object Repository/Page_Swag Labs/input_Swag Labs_login-button' is clicked on

17-07-2024T21:46:02 - [TEST_STEP][PASSED] - click(findTestObject("Object Repository/Page_Swag Labs/div_Sauce Labs Backpack")): Object: 'Object Repository/Page_Swag Labs/div_Sauce Labs Backpack' is clicked on

17-07-2024T21:46:02 - [MESSAGE][PASSED] - Object: 'Object Repository/Page_Swag Labs/div_Sauce Labs Backpack' is clicked on

17-07-2024T21:46:02 - [TEST_STEP][PASSED] - click(findTestObject("Object Repository/Page_Swag Labs/button_Add to cart")): Object: 'Object Repository/Page_Swag Labs/button_Add to cart' is clicked on

17-07-2024T21:46:03 - [MESSAGE][PASSED] - Object: 'Object Repository/Page_Swag Labs/button_Add to cart' is clicked on

17-07-2024T21:46:03 - [TEST_STEP][PASSED] - click(findTestObject("Object Repository/Page_Swag Labs/a_1")): Object: 'Object Repository/Page_Swag Labs/a_1' is clicked on

17-07-2024T21:46:03 - [MESSAGE][PASSED] - Object: 'Object Repository/Page_Swag Labs/a_1' is clicked on

17-07-2024T21:46:03 - [TEST_STEP][PASSED] - verifyElementText(findTestObject("Object Repository/Page_Swag Labs/div_Sauce Labs Backpack"), "Sauce Labs Backpack"): Actual text and expected text of test object 'Object Repository/Page_Swag Labs/div_Sauce Labs Backpack' are matched.

17-07-2024T21:46:04 - [MESSAGE][PASSED] - Actual text and expected text of test object 'Object Repository/Page_Swag Labs/div_Sauce Labs Backpack' are matched.

17-07-2024T21:46:04 - [TEST_STEP][PASSED] - click(findTestObject("Object Repository/Page_Swag Labs/button_Open Menu")): Object: 'Object Repository/Page_Swag Labs/button_Open Menu' is clicked on

17-07-2024T21:46:04 - [MESSAGE][PASSED] - Object: 'Object Repository/Page_Swag Labs/button_Open Menu' is clicked on

17-07-2024T21:46:04 - [TEST_STEP][PASSED] - click(findTestObject("Object Repository/Page_Swag Labs/a_Logout")): Object: 'Object Repository/Page_Swag Labs/a_Logout' is clicked on

17-07-2024T21:46:05 - [MESSAGE][PASSED] - Object: 'Object Repository/Page_Swag Labs/a_Logout' is clicked on

17-07-2024T21:46:05 - [TEST_STEP][PASSED] - closeBrowser(): Browser is closed

17-07-2024T21:46:05 - [MESSAGE][PASSED] - Browser is closed]]></system-out>
         <system-err><![CDATA[]]></system-err>
      </testcase>
      <testcase name="Test Cases/SauceDemo/ProductsPage/AddProductToCart" time="9.738" classname="Test Cases/SauceDemo/ProductsPage/AddProductToCart" status="PASSED">
         <system-out><![CDATA[17-07-2024T21:46:05 - [TEST_CASE][PASSED] - Test Cases/SauceDemo/ProductsPage/AddProductToCart: Test Cases/SauceDemo/ProductsPage/AddProductToCart

17-07-2024T21:46:05 - [TEST_STEP][PASSED] - callTestCase(findTestCase("SauceDemo/Login"), [:], STOP_ON_FAILURE): Call Test Case 'Test Cases/SauceDemo/Login' successfully

17-07-2024T21:46:05 - [TEST_CASE][PASSED] - Test Cases/SauceDemo/Login: Test Cases/SauceDemo/Login

17-07-2024T21:46:05 - [TEST_STEP][PASSED] - openBrowser(""): Browser is opened with url: ''

17-07-2024T21:46:05 - [MESSAGE][INFO] - Starting 'Chrome' driver

17-07-2024T21:46:05 - [MESSAGE][INFO] - Action delay is set to 0 milliseconds

17-07-2024T21:46:07 - [MESSAGE][PASSED] - Browser is opened with url: ''

17-07-2024T21:46:07 - [TEST_STEP][PASSED] - navigateToUrl("https://www.saucedemo.com/"): Navigate to 'https://www.saucedemo.com/' successfully

17-07-2024T21:46:08 - [MESSAGE][PASSED] - Navigate to 'https://www.saucedemo.com/' successfully

17-07-2024T21:46:08 - [TEST_STEP][PASSED] - verifyElementPresent(findTestObject("SauceDemo/Logo"), 0): Object 'Object Repository/SauceDemo/Logo' is present

17-07-2024T21:46:08 - [MESSAGE][WARNING] - Timeout '0' is invalid. Using default page load timeout: '30'

17-07-2024T21:46:09 - [MESSAGE][PASSED] - Object 'Object Repository/SauceDemo/Logo' is present

17-07-2024T21:46:09 - [TEST_STEP][PASSED] - setText(findTestObject("Object Repository/SauceDemo/Page_Swag Labs/input_Swag Labs_user-name"), "standard_user"): Text 'standard_user' is set on object 'Object Repository/SauceDemo/Page_Swag Labs/input_Swag Labs_user-name'

17-07-2024T21:46:10 - [MESSAGE][PASSED] - Text 'standard_user' is set on object 'Object Repository/SauceDemo/Page_Swag Labs/input_Swag Labs_user-name'

17-07-2024T21:46:10 - [TEST_STEP][PASSED] - setEncryptedText(findTestObject("Object Repository/SauceDemo/Page_Swag Labs/input_Swag Labs_password"), "qcu24s4901FyWDTwXGr6XA=="): Text ****** has been set on object 'Object Repository/SauceDemo/Page_Swag Labs/input_Swag Labs_password'

17-07-2024T21:46:10 - [MESSAGE][PASSED] - Text ****** has been set on object 'Object Repository/SauceDemo/Page_Swag Labs/input_Swag Labs_password'

17-07-2024T21:46:10 - [TEST_STEP][PASSED] - click(findTestObject("Object Repository/SauceDemo/Page_Swag Labs/input_Swag Labs_login-button")): Object: 'Object Repository/SauceDemo/Page_Swag Labs/input_Swag Labs_login-button' is clicked on

17-07-2024T21:46:11 - [MESSAGE][PASSED] - Object: 'Object Repository/SauceDemo/Page_Swag Labs/input_Swag Labs_login-button' is clicked on

17-07-2024T21:46:11 - [TEST_STEP][PASSED] - click(findTestObject("Object Repository/SauceDemo/Page_Swag Labs/div_Swag Labs")): Object: 'Object Repository/SauceDemo/Page_Swag Labs/div_Swag Labs' is clicked on

17-07-2024T21:46:11 - [MESSAGE][PASSED] - Object: 'Object Repository/SauceDemo/Page_Swag Labs/div_Swag Labs' is clicked on

17-07-2024T21:46:11 - [TEST_STEP][PASSED] - verifyElementText(findTestObject("Object Repository/SauceDemo/Page_Swag Labs/div_Swag Labs"), "Swag Labs"): Actual text and expected text of test object 'Object Repository/SauceDemo/Page_Swag Labs/div_Swag Labs' are matched.

17-07-2024T21:46:12 - [MESSAGE][PASSED] - Actual text and expected text of test object 'Object Repository/SauceDemo/Page_Swag Labs/div_Swag Labs' are matched.

17-07-2024T21:46:12 - [MESSAGE][PASSED] - Call Test Case 'Test Cases/SauceDemo/Login' successfully

17-07-2024T21:46:12 - [TEST_STEP][PASSED] - click(findTestObject("SauceDemo/ProductsPage/Selected_Product")): Object: 'Object Repository/SauceDemo/ProductsPage/Selected_Product' is clicked on

17-07-2024T21:46:12 - [MESSAGE][PASSED] - Object: 'Object Repository/SauceDemo/ProductsPage/Selected_Product' is clicked on

17-07-2024T21:46:12 - [TEST_STEP][PASSED] - click(findTestObject("Object Repository/Page_Swag Labs/button_Add to cart")): Object: 'Object Repository/Page_Swag Labs/button_Add to cart' is clicked on

17-07-2024T21:46:12 - [MESSAGE][PASSED] - Object: 'Object Repository/Page_Swag Labs/button_Add to cart' is clicked on

17-07-2024T21:46:12 - [TEST_STEP][PASSED] - click(findTestObject("SauceDemo/ProductsPage/Your_Cart")): Object: 'Object Repository/SauceDemo/ProductsPage/Your_Cart' is clicked on

17-07-2024T21:46:13 - [MESSAGE][PASSED] - Object: 'Object Repository/SauceDemo/ProductsPage/Your_Cart' is clicked on

17-07-2024T21:46:13 - [TEST_STEP][PASSED] - verifyElementText(findTestObject("SauceDemo/ProductsPage/Selected_Product"), "Sauce Labs Backpack"): Actual text and expected text of test object 'Object Repository/SauceDemo/ProductsPage/Selected_Product' are matched.

17-07-2024T21:46:14 - [MESSAGE][PASSED] - Actual text and expected text of test object 'Object Repository/SauceDemo/ProductsPage/Selected_Product' are matched.

17-07-2024T21:46:14 - [TEST_STEP][PASSED] - click(findTestObject("SauceDemo/HomePage/MenuButton")): Object: 'Object Repository/SauceDemo/HomePage/MenuButton' is clicked on

17-07-2024T21:46:14 - [MESSAGE][PASSED] - Object: 'Object Repository/SauceDemo/HomePage/MenuButton' is clicked on

17-07-2024T21:46:14 - [TEST_STEP][PASSED] - click(findTestObject("SauceDemo/HomePage/Logout")): Object: 'Object Repository/SauceDemo/HomePage/Logout' is clicked on

17-07-2024T21:46:14 - [MESSAGE][PASSED] - Object: 'Object Repository/SauceDemo/HomePage/Logout' is clicked on

17-07-2024T21:46:14 - [TEST_STEP][PASSED] - closeBrowser(): Browser is closed

17-07-2024T21:46:15 - [MESSAGE][PASSED] - Browser is closed]]></system-out>
         <system-err><![CDATA[]]></system-err>
      </testcase>
      <system-out><![CDATA[17-07-2024T21:44:51 - [TEST_SUITE][PASSED] - SauceDemo: Test Cases/SauceDemo/ProductsPage/AddProductToCart]]></system-out>
      <system-err><![CDATA[]]></system-err>
   </testsuite>
</testsuites>
