<?xml version="1.0" encoding="UTF-8"?>
<testsuites name="CURAHealthcareServices" time="52.476" tests="5" failures="0" errors="0">
   <testsuite name="CURAHealthcareServices" tests="5" failures="0" errors="0" time="52.476" skipped="0" timestamp="12-07-2024T21:24:21" hostname="usman - 192.168.0.125" id="Test Suites/CURAHealthcareServices">
      <properties>
         <property name="deviceName" value=""/>
         <property name="devicePlatform"/>
         <property name="logFolder" value="C:\\Users\\usman\\Katalon Studio\\SauceDemo\\Reports\\20240712_212412\\CURAHealthcareServices\\20240712_212413"/>
         <property name="logFiles" value="C:\\Users\\usman\\Katalon Studio\\SauceDemo\\Reports\\20240712_212412\\CURAHealthcareServices\\20240712_212413\\execution0.log"/>
         <property name="attachments" value=""/>
         <property name="hostName" value="usman - 192.168.0.125"/>
         <property name="os" value="Windows 11 64bit"/>
         <property name="katalonVersion" value="9.5.0.217"/>
         <property name="browser" value="Chrome 126.0.0.0"/>
         <property name="hostAddress" value="192.168.0.125"/>
         <property name="sessionId" value="b1d84eafa9fc22f0ec6224ef65fa3df4"/>
         <property name="seleniumVersion" value="3.141.59"/>
         <property name="proxyInformation" value="ProxyInformation { proxyOption=USE_SYSTEM, proxyServerType=HTTP, username=, password=********, proxyServerAddress=, proxyServerPort=0, executionList=&quot;&quot;, isApplyToDesiredCapabilities=true }"/>
         <property name="platform" value="Windows 11"/>
      </properties>
      <testcase name="Test Cases/CURAHealthcareService/Appontment_TestCases/Book_Appointment_Medicare_Basic" time="11.174" classname="Test Cases/CURAHealthcareService/Appontment_TestCases/Book_Appointment_Medicare_Basic" status="PASSED">
         <system-out><![CDATA[12-07-2024T21:24:21 - [TEST_CASE][PASSED] - Test Cases/CURAHealthcareService/Appontment_TestCases/Book_Appointment_Medicare_Basic: Test Cases/CURAHealthcareService/Appontment_TestCases/Book_Appointment_Medicare_Basic

12-07-2024T21:24:21 - [TEST_STEP][PASSED] - callTestCase(findTestCase("CURAHealthcareService/Login"), [:], STOP_ON_FAILURE): Call Test Case 'Test Cases/CURAHealthcareService/Login' successfully

12-07-2024T21:24:21 - [TEST_CASE][PASSED] - Test Cases/CURAHealthcareService/Login: Test Cases/CURAHealthcareService/Login

12-07-2024T21:24:21 - [TEST_STEP][PASSED] - openBrowser("https://katalon-demo-cura.herokuapp.com/"): Browser is opened with url: 'https://katalon-demo-cura.herokuapp.com/'

12-07-2024T21:24:22 - [MESSAGE][INFO] - Starting 'Chrome' driver

12-07-2024T21:24:22 - [MESSAGE][INFO] - Action delay is set to 0 milliseconds

12-07-2024T21:24:25 - [MESSAGE][PASSED] - Browser is opened with url: 'https://katalon-demo-cura.herokuapp.com/'

12-07-2024T21:24:25 - [TEST_STEP][PASSED] - click(findTestObject("CURAHealthcareService/Page_CURA Healthcare Service/MakeAppointment_button")): Object: 'Object Repository/CURAHealthcareService/Page_CURA Healthcare Service/MakeAppointment_button' is clicked on

12-07-2024T21:24:26 - [MESSAGE][PASSED] - Object: 'Object Repository/CURAHealthcareService/Page_CURA Healthcare Service/MakeAppointment_button' is clicked on

12-07-2024T21:24:26 - [TEST_STEP][PASSED] - setText(findTestObject("CURAHealthcareService/Page_CURA Healthcare Service/input_Username_username"), "John Doe"): Text 'John Doe' is set on object 'Object Repository/CURAHealthcareService/Page_CURA Healthcare Service/input_Username_username'

12-07-2024T21:24:27 - [MESSAGE][PASSED] - Text 'John Doe' is set on object 'Object Repository/CURAHealthcareService/Page_CURA Healthcare Service/input_Username_username'

12-07-2024T21:24:27 - [TEST_STEP][PASSED] - setText(findTestObject("CURAHealthcareService/Page_CURA Healthcare Service/input_Password_password"), "ThisIsNotAPassword"): Text 'ThisIsNotAPassword' is set on object 'Object Repository/CURAHealthcareService/Page_CURA Healthcare Service/input_Password_password'

12-07-2024T21:24:28 - [MESSAGE][PASSED] - Text 'ThisIsNotAPassword' is set on object 'Object Repository/CURAHealthcareService/Page_CURA Healthcare Service/input_Password_password'

12-07-2024T21:24:28 - [TEST_STEP][PASSED] - click(findTestObject("CURAHealthcareService/Page_CURA Healthcare Service/button_Login")): Object: 'Object Repository/CURAHealthcareService/Page_CURA Healthcare Service/button_Login' is clicked on

12-07-2024T21:24:28 - [MESSAGE][PASSED] - Object: 'Object Repository/CURAHealthcareService/Page_CURA Healthcare Service/button_Login' is clicked on

12-07-2024T21:24:28 - [MESSAGE][PASSED] - Call Test Case 'Test Cases/CURAHealthcareService/Login' successfully

12-07-2024T21:24:28 - [TEST_STEP][PASSED] - selectOptionByValue(findTestObject("CURAHealthcareService/AppointmentPageObjects/Select_Facility"), "Hongkong CURA Healthcare Center", false): All options with value 'Hongkong CURA Healthcare Center' are selected in object 'Object Repository/CURAHealthcareService/AppointmentPageObjects/Select_Facility' 

12-07-2024T21:24:29 - [MESSAGE][PASSED] - All options with value 'Hongkong CURA Healthcare Center' are selected in object 'Object Repository/CURAHealthcareService/AppointmentPageObjects/Select_Facility' 

12-07-2024T21:24:29 - [TEST_STEP][PASSED] - click(findTestObject("CURAHealthcareService/AppointmentPageObjects/Select_Healthcare_Program_Medicare")): Object: 'Object Repository/CURAHealthcareService/AppointmentPageObjects/Select_Healthcare_Program_Medicare' is clicked on

12-07-2024T21:24:29 - [MESSAGE][PASSED] - Object: 'Object Repository/CURAHealthcareService/AppointmentPageObjects/Select_Healthcare_Program_Medicare' is clicked on

12-07-2024T21:24:29 - [TEST_STEP][PASSED] - setText(findTestObject("CURAHealthcareService/AppointmentPageObjects/Visit_Date"), "20/07/2024"): Text '20/07/2024' is set on object 'Object Repository/CURAHealthcareService/AppointmentPageObjects/Visit_Date'

12-07-2024T21:24:30 - [MESSAGE][PASSED] - Text '20/07/2024' is set on object 'Object Repository/CURAHealthcareService/AppointmentPageObjects/Visit_Date'

12-07-2024T21:24:30 - [TEST_STEP][PASSED] - click(findTestObject("CURAHealthcareService/AppointmentPageObjects/Comment")): Object: 'Object Repository/CURAHealthcareService/AppointmentPageObjects/Comment' is clicked on

12-07-2024T21:24:31 - [MESSAGE][PASSED] - Object: 'Object Repository/CURAHealthcareService/AppointmentPageObjects/Comment' is clicked on

12-07-2024T21:24:31 - [TEST_STEP][PASSED] - setText(findTestObject("CURAHealthcareService/AppointmentPageObjects/Comment"), "Test Apppointment"): Text 'Test Apppointment' is set on object 'Object Repository/CURAHealthcareService/AppointmentPageObjects/Comment'

12-07-2024T21:24:31 - [MESSAGE][PASSED] - Text 'Test Apppointment' is set on object 'Object Repository/CURAHealthcareService/AppointmentPageObjects/Comment'

12-07-2024T21:24:31 - [TEST_STEP][PASSED] - click(findTestObject("CURAHealthcareService/AppointmentPageObjects/Book_Appointment_Button")): Object: 'Object Repository/CURAHealthcareService/AppointmentPageObjects/Book_Appointment_Button' is clicked on

12-07-2024T21:24:32 - [MESSAGE][PASSED] - Object: 'Object Repository/CURAHealthcareService/AppointmentPageObjects/Book_Appointment_Button' is clicked on]]></system-out>
         <system-err><![CDATA[]]></system-err>
      </testcase>
      <testcase name="Test Cases/CURAHealthcareService/Appontment_TestCases/Book_Appointment_Medicare_DataDriven" time="12.281" classname="Test Cases/CURAHealthcareService/Appontment_TestCases/Book_Appointment_Medicare_DataDriven" status="PASSED">
         <system-out><![CDATA[12-07-2024T21:24:32 - [TEST_CASE][PASSED] - Test Cases/CURAHealthcareService/Appontment_TestCases/Book_Appointment_Medicare_DataDriven: Test Cases/CURAHealthcareService/Appontment_TestCases/Book_Appointment_Medicare_DataDriven

12-07-2024T21:24:32 - [TEST_STEP][PASSED] - callTestCase(findTestCase("CURAHealthcareService/Login"), [:], STOP_ON_FAILURE): Call Test Case 'Test Cases/CURAHealthcareService/Login' successfully

12-07-2024T21:24:32 - [TEST_CASE][PASSED] - Test Cases/CURAHealthcareService/Login: Test Cases/CURAHealthcareService/Login

12-07-2024T21:24:32 - [TEST_STEP][PASSED] - openBrowser("https://katalon-demo-cura.herokuapp.com/"): Browser is opened with url: 'https://katalon-demo-cura.herokuapp.com/'

12-07-2024T21:24:32 - [MESSAGE][WARNING] - A browser is already opened. Closing browser and opening a new one

12-07-2024T21:24:33 - [MESSAGE][INFO] - Starting 'Chrome' driver

12-07-2024T21:24:33 - [MESSAGE][INFO] - Action delay is set to 0 milliseconds

12-07-2024T21:24:35 - [MESSAGE][PASSED] - Browser is opened with url: 'https://katalon-demo-cura.herokuapp.com/'

12-07-2024T21:24:35 - [TEST_STEP][PASSED] - click(findTestObject("CURAHealthcareService/Page_CURA Healthcare Service/MakeAppointment_button")): Object: 'Object Repository/CURAHealthcareService/Page_CURA Healthcare Service/MakeAppointment_button' is clicked on

12-07-2024T21:24:36 - [MESSAGE][PASSED] - Object: 'Object Repository/CURAHealthcareService/Page_CURA Healthcare Service/MakeAppointment_button' is clicked on

12-07-2024T21:24:36 - [TEST_STEP][PASSED] - setText(findTestObject("CURAHealthcareService/Page_CURA Healthcare Service/input_Username_username"), "John Doe"): Text 'John Doe' is set on object 'Object Repository/CURAHealthcareService/Page_CURA Healthcare Service/input_Username_username'

12-07-2024T21:24:37 - [MESSAGE][PASSED] - Text 'John Doe' is set on object 'Object Repository/CURAHealthcareService/Page_CURA Healthcare Service/input_Username_username'

12-07-2024T21:24:37 - [TEST_STEP][PASSED] - setText(findTestObject("CURAHealthcareService/Page_CURA Healthcare Service/input_Password_password"), "ThisIsNotAPassword"): Text 'ThisIsNotAPassword' is set on object 'Object Repository/CURAHealthcareService/Page_CURA Healthcare Service/input_Password_password'

12-07-2024T21:24:38 - [MESSAGE][PASSED] - Text 'ThisIsNotAPassword' is set on object 'Object Repository/CURAHealthcareService/Page_CURA Healthcare Service/input_Password_password'

12-07-2024T21:24:38 - [TEST_STEP][PASSED] - click(findTestObject("CURAHealthcareService/Page_CURA Healthcare Service/button_Login")): Object: 'Object Repository/CURAHealthcareService/Page_CURA Healthcare Service/button_Login' is clicked on

12-07-2024T21:24:38 - [MESSAGE][PASSED] - Object: 'Object Repository/CURAHealthcareService/Page_CURA Healthcare Service/button_Login' is clicked on

12-07-2024T21:24:38 - [MESSAGE][PASSED] - Call Test Case 'Test Cases/CURAHealthcareService/Login' successfully

12-07-2024T21:24:38 - [TEST_STEP][PASSED] - selectOptionByValue(findTestObject("CURAHealthcareService/AppointmentPageObjects/Select_Facility"), "Hongkong CURA Healthcare Center", false): All options with value 'Hongkong CURA Healthcare Center' are selected in object 'Object Repository/CURAHealthcareService/AppointmentPageObjects/Select_Facility' 

12-07-2024T21:24:39 - [MESSAGE][PASSED] - All options with value 'Hongkong CURA Healthcare Center' are selected in object 'Object Repository/CURAHealthcareService/AppointmentPageObjects/Select_Facility' 

12-07-2024T21:24:39 - [TEST_STEP][PASSED] - click(findTestObject("CURAHealthcareService/AppointmentPageObjects/Select_Healthcare_Program_Medicare")): Object: 'Object Repository/CURAHealthcareService/AppointmentPageObjects/Select_Healthcare_Program_Medicare' is clicked on

12-07-2024T21:24:39 - [MESSAGE][PASSED] - Object: 'Object Repository/CURAHealthcareService/AppointmentPageObjects/Select_Healthcare_Program_Medicare' is clicked on

12-07-2024T21:24:39 - [TEST_STEP][PASSED] - setText(findTestObject("CURAHealthcareService/AppointmentPageObjects/Visit_Date"), "20/07/2024"): Text '20/07/2024' is set on object 'Object Repository/CURAHealthcareService/AppointmentPageObjects/Visit_Date'

12-07-2024T21:24:40 - [MESSAGE][PASSED] - Text '20/07/2024' is set on object 'Object Repository/CURAHealthcareService/AppointmentPageObjects/Visit_Date'

12-07-2024T21:24:40 - [TEST_STEP][PASSED] - click(findTestObject("CURAHealthcareService/AppointmentPageObjects/Comment")): Object: 'Object Repository/CURAHealthcareService/AppointmentPageObjects/Comment' is clicked on

12-07-2024T21:24:41 - [MESSAGE][PASSED] - Object: 'Object Repository/CURAHealthcareService/AppointmentPageObjects/Comment' is clicked on

12-07-2024T21:24:41 - [TEST_STEP][PASSED] - setText(findTestObject("CURAHealthcareService/AppointmentPageObjects/Comment"), Comments): Text 'My Second Appointment' is set on object 'Object Repository/CURAHealthcareService/AppointmentPageObjects/Comment'

12-07-2024T21:24:41 - [MESSAGE][PASSED] - Text 'My Second Appointment' is set on object 'Object Repository/CURAHealthcareService/AppointmentPageObjects/Comment'

12-07-2024T21:24:41 - [TEST_STEP][PASSED] - click(findTestObject("CURAHealthcareService/AppointmentPageObjects/Book_Appointment_Button")): Object: 'Object Repository/CURAHealthcareService/AppointmentPageObjects/Book_Appointment_Button' is clicked on

12-07-2024T21:24:42 - [MESSAGE][PASSED] - Object: 'Object Repository/CURAHealthcareService/AppointmentPageObjects/Book_Appointment_Button' is clicked on

12-07-2024T21:24:42 - [TEST_STEP][PASSED] - click(findTestObject("CURAHealthcareService/AppointmentPageObjects/Menu_Button")): Object: 'Object Repository/CURAHealthcareService/AppointmentPageObjects/Menu_Button' is clicked on

12-07-2024T21:24:42 - [MESSAGE][PASSED] - Object: 'Object Repository/CURAHealthcareService/AppointmentPageObjects/Menu_Button' is clicked on

12-07-2024T21:24:42 - [TEST_STEP][PASSED] - click(findTestObject("CURAHealthcareService/AppointmentPageObjects/Logout")): Object: 'Object Repository/CURAHealthcareService/AppointmentPageObjects/Logout' is clicked on

12-07-2024T21:24:43 - [MESSAGE][PASSED] - Object: 'Object Repository/CURAHealthcareService/AppointmentPageObjects/Logout' is clicked on

12-07-2024T21:24:43 - [TEST_STEP][PASSED] - closeBrowser(): Browser is closed

12-07-2024T21:24:44 - [MESSAGE][PASSED] - Browser is closed]]></system-out>
         <system-err><![CDATA[]]></system-err>
      </testcase>
      <testcase name="Test Cases/CURAHealthcareService/Appontment_TestCases/Book_Appointment_Medicare_DataDriven" time="10.557" classname="Test Cases/CURAHealthcareService/Appontment_TestCases/Book_Appointment_Medicare_DataDriven" status="PASSED">
         <system-out><![CDATA[12-07-2024T21:24:44 - [TEST_CASE][PASSED] - Test Cases/CURAHealthcareService/Appontment_TestCases/Book_Appointment_Medicare_DataDriven: Test Cases/CURAHealthcareService/Appontment_TestCases/Book_Appointment_Medicare_DataDriven

12-07-2024T21:24:44 - [TEST_STEP][PASSED] - callTestCase(findTestCase("CURAHealthcareService/Login"), [:], STOP_ON_FAILURE): Call Test Case 'Test Cases/CURAHealthcareService/Login' successfully

12-07-2024T21:24:44 - [TEST_CASE][PASSED] - Test Cases/CURAHealthcareService/Login: Test Cases/CURAHealthcareService/Login

12-07-2024T21:24:44 - [TEST_STEP][PASSED] - openBrowser("https://katalon-demo-cura.herokuapp.com/"): Browser is opened with url: 'https://katalon-demo-cura.herokuapp.com/'

12-07-2024T21:24:44 - [MESSAGE][INFO] - Starting 'Chrome' driver

12-07-2024T21:24:45 - [MESSAGE][INFO] - Action delay is set to 0 milliseconds

12-07-2024T21:24:47 - [MESSAGE][PASSED] - Browser is opened with url: 'https://katalon-demo-cura.herokuapp.com/'

12-07-2024T21:24:47 - [TEST_STEP][PASSED] - click(findTestObject("CURAHealthcareService/Page_CURA Healthcare Service/MakeAppointment_button")): Object: 'Object Repository/CURAHealthcareService/Page_CURA Healthcare Service/MakeAppointment_button' is clicked on

12-07-2024T21:24:48 - [MESSAGE][PASSED] - Object: 'Object Repository/CURAHealthcareService/Page_CURA Healthcare Service/MakeAppointment_button' is clicked on

12-07-2024T21:24:48 - [TEST_STEP][PASSED] - setText(findTestObject("CURAHealthcareService/Page_CURA Healthcare Service/input_Username_username"), "John Doe"): Text 'John Doe' is set on object 'Object Repository/CURAHealthcareService/Page_CURA Healthcare Service/input_Username_username'

12-07-2024T21:24:49 - [MESSAGE][PASSED] - Text 'John Doe' is set on object 'Object Repository/CURAHealthcareService/Page_CURA Healthcare Service/input_Username_username'

12-07-2024T21:24:49 - [TEST_STEP][PASSED] - setText(findTestObject("CURAHealthcareService/Page_CURA Healthcare Service/input_Password_password"), "ThisIsNotAPassword"): Text 'ThisIsNotAPassword' is set on object 'Object Repository/CURAHealthcareService/Page_CURA Healthcare Service/input_Password_password'

12-07-2024T21:24:49 - [MESSAGE][PASSED] - Text 'ThisIsNotAPassword' is set on object 'Object Repository/CURAHealthcareService/Page_CURA Healthcare Service/input_Password_password'

12-07-2024T21:24:49 - [TEST_STEP][PASSED] - click(findTestObject("CURAHealthcareService/Page_CURA Healthcare Service/button_Login")): Object: 'Object Repository/CURAHealthcareService/Page_CURA Healthcare Service/button_Login' is clicked on

12-07-2024T21:24:50 - [MESSAGE][PASSED] - Object: 'Object Repository/CURAHealthcareService/Page_CURA Healthcare Service/button_Login' is clicked on

12-07-2024T21:24:50 - [MESSAGE][PASSED] - Call Test Case 'Test Cases/CURAHealthcareService/Login' successfully

12-07-2024T21:24:50 - [TEST_STEP][PASSED] - selectOptionByValue(findTestObject("CURAHealthcareService/AppointmentPageObjects/Select_Facility"), "Hongkong CURA Healthcare Center", false): All options with value 'Hongkong CURA Healthcare Center' are selected in object 'Object Repository/CURAHealthcareService/AppointmentPageObjects/Select_Facility' 

12-07-2024T21:24:51 - [MESSAGE][PASSED] - All options with value 'Hongkong CURA Healthcare Center' are selected in object 'Object Repository/CURAHealthcareService/AppointmentPageObjects/Select_Facility' 

12-07-2024T21:24:51 - [TEST_STEP][PASSED] - click(findTestObject("CURAHealthcareService/AppointmentPageObjects/Select_Healthcare_Program_Medicare")): Object: 'Object Repository/CURAHealthcareService/AppointmentPageObjects/Select_Healthcare_Program_Medicare' is clicked on

12-07-2024T21:24:51 - [MESSAGE][PASSED] - Object: 'Object Repository/CURAHealthcareService/AppointmentPageObjects/Select_Healthcare_Program_Medicare' is clicked on

12-07-2024T21:24:51 - [TEST_STEP][PASSED] - setText(findTestObject("CURAHealthcareService/AppointmentPageObjects/Visit_Date"), "20/07/2024"): Text '20/07/2024' is set on object 'Object Repository/CURAHealthcareService/AppointmentPageObjects/Visit_Date'

12-07-2024T21:24:52 - [MESSAGE][PASSED] - Text '20/07/2024' is set on object 'Object Repository/CURAHealthcareService/AppointmentPageObjects/Visit_Date'

12-07-2024T21:24:52 - [TEST_STEP][PASSED] - click(findTestObject("CURAHealthcareService/AppointmentPageObjects/Comment")): Object: 'Object Repository/CURAHealthcareService/AppointmentPageObjects/Comment' is clicked on

12-07-2024T21:24:53 - [MESSAGE][PASSED] - Object: 'Object Repository/CURAHealthcareService/AppointmentPageObjects/Comment' is clicked on

12-07-2024T21:24:53 - [TEST_STEP][PASSED] - setText(findTestObject("CURAHealthcareService/AppointmentPageObjects/Comment"), Comments): Text 'My Third Appointment' is set on object 'Object Repository/CURAHealthcareService/AppointmentPageObjects/Comment'

12-07-2024T21:24:53 - [MESSAGE][PASSED] - Text 'My Third Appointment' is set on object 'Object Repository/CURAHealthcareService/AppointmentPageObjects/Comment'

12-07-2024T21:24:53 - [TEST_STEP][PASSED] - click(findTestObject("CURAHealthcareService/AppointmentPageObjects/Book_Appointment_Button")): Object: 'Object Repository/CURAHealthcareService/AppointmentPageObjects/Book_Appointment_Button' is clicked on

12-07-2024T21:24:54 - [MESSAGE][PASSED] - Object: 'Object Repository/CURAHealthcareService/AppointmentPageObjects/Book_Appointment_Button' is clicked on

12-07-2024T21:24:54 - [TEST_STEP][PASSED] - click(findTestObject("CURAHealthcareService/AppointmentPageObjects/Menu_Button")): Object: 'Object Repository/CURAHealthcareService/AppointmentPageObjects/Menu_Button' is clicked on

12-07-2024T21:24:54 - [MESSAGE][PASSED] - Object: 'Object Repository/CURAHealthcareService/AppointmentPageObjects/Menu_Button' is clicked on

12-07-2024T21:24:54 - [TEST_STEP][PASSED] - click(findTestObject("CURAHealthcareService/AppointmentPageObjects/Logout")): Object: 'Object Repository/CURAHealthcareService/AppointmentPageObjects/Logout' is clicked on

12-07-2024T21:24:55 - [MESSAGE][PASSED] - Object: 'Object Repository/CURAHealthcareService/AppointmentPageObjects/Logout' is clicked on

12-07-2024T21:24:55 - [TEST_STEP][PASSED] - closeBrowser(): Browser is closed

12-07-2024T21:24:55 - [MESSAGE][PASSED] - Browser is closed]]></system-out>
         <system-err><![CDATA[]]></system-err>
      </testcase>
      <testcase name="Test Cases/CURAHealthcareService/Appontment_TestCases/ViewAppointmentHistory" time="11.309" classname="Test Cases/CURAHealthcareService/Appontment_TestCases/ViewAppointmentHistory" status="PASSED">
         <system-out><![CDATA[12-07-2024T21:24:55 - [TEST_CASE][PASSED] - Test Cases/CURAHealthcareService/Appontment_TestCases/ViewAppointmentHistory: Test Cases/CURAHealthcareService/Appontment_TestCases/ViewAppointmentHistory

12-07-2024T21:24:55 - [TEST_STEP][PASSED] - callTestCase(findTestCase("CURAHealthcareService/Appontment_TestCases/Book_Appointment_Medicare_Basic"), [:], STOP_ON_FAILURE): Call Test Case 'Test Cases/CURAHealthcareService/Appontment_TestCases/Book_Appointment_Medicare_Basic' successfully

12-07-2024T21:24:55 - [TEST_CASE][PASSED] - Test Cases/CURAHealthcareService/Appontment_TestCases/Book_Appointment_Medicare_Basic: Test Cases/CURAHealthcareService/Appontment_TestCases/Book_Appointment_Medicare_Basic

12-07-2024T21:24:55 - [TEST_STEP][PASSED] - callTestCase(findTestCase("CURAHealthcareService/Login"), [:], STOP_ON_FAILURE): Call Test Case 'Test Cases/CURAHealthcareService/Login' successfully

12-07-2024T21:24:55 - [TEST_CASE][PASSED] - Test Cases/CURAHealthcareService/Login: Test Cases/CURAHealthcareService/Login

12-07-2024T21:24:55 - [TEST_STEP][PASSED] - openBrowser("https://katalon-demo-cura.herokuapp.com/"): Browser is opened with url: 'https://katalon-demo-cura.herokuapp.com/'

12-07-2024T21:24:55 - [MESSAGE][INFO] - Starting 'Chrome' driver

12-07-2024T21:24:55 - [MESSAGE][INFO] - Action delay is set to 0 milliseconds

12-07-2024T21:24:58 - [MESSAGE][PASSED] - Browser is opened with url: 'https://katalon-demo-cura.herokuapp.com/'

12-07-2024T21:24:58 - [TEST_STEP][PASSED] - click(findTestObject("CURAHealthcareService/Page_CURA Healthcare Service/MakeAppointment_button")): Object: 'Object Repository/CURAHealthcareService/Page_CURA Healthcare Service/MakeAppointment_button' is clicked on

12-07-2024T21:24:59 - [MESSAGE][PASSED] - Object: 'Object Repository/CURAHealthcareService/Page_CURA Healthcare Service/MakeAppointment_button' is clicked on

12-07-2024T21:24:59 - [TEST_STEP][PASSED] - setText(findTestObject("CURAHealthcareService/Page_CURA Healthcare Service/input_Username_username"), "John Doe"): Text 'John Doe' is set on object 'Object Repository/CURAHealthcareService/Page_CURA Healthcare Service/input_Username_username'

12-07-2024T21:24:59 - [MESSAGE][PASSED] - Text 'John Doe' is set on object 'Object Repository/CURAHealthcareService/Page_CURA Healthcare Service/input_Username_username'

12-07-2024T21:24:59 - [TEST_STEP][PASSED] - setText(findTestObject("CURAHealthcareService/Page_CURA Healthcare Service/input_Password_password"), "ThisIsNotAPassword"): Text 'ThisIsNotAPassword' is set on object 'Object Repository/CURAHealthcareService/Page_CURA Healthcare Service/input_Password_password'

12-07-2024T21:25:00 - [MESSAGE][PASSED] - Text 'ThisIsNotAPassword' is set on object 'Object Repository/CURAHealthcareService/Page_CURA Healthcare Service/input_Password_password'

12-07-2024T21:25:00 - [TEST_STEP][PASSED] - click(findTestObject("CURAHealthcareService/Page_CURA Healthcare Service/button_Login")): Object: 'Object Repository/CURAHealthcareService/Page_CURA Healthcare Service/button_Login' is clicked on

12-07-2024T21:25:01 - [MESSAGE][PASSED] - Object: 'Object Repository/CURAHealthcareService/Page_CURA Healthcare Service/button_Login' is clicked on

12-07-2024T21:25:01 - [MESSAGE][PASSED] - Call Test Case 'Test Cases/CURAHealthcareService/Login' successfully

12-07-2024T21:25:01 - [TEST_STEP][PASSED] - selectOptionByValue(findTestObject("CURAHealthcareService/AppointmentPageObjects/Select_Facility"), "Hongkong CURA Healthcare Center", false): All options with value 'Hongkong CURA Healthcare Center' are selected in object 'Object Repository/CURAHealthcareService/AppointmentPageObjects/Select_Facility' 

12-07-2024T21:25:01 - [MESSAGE][PASSED] - All options with value 'Hongkong CURA Healthcare Center' are selected in object 'Object Repository/CURAHealthcareService/AppointmentPageObjects/Select_Facility' 

12-07-2024T21:25:01 - [TEST_STEP][PASSED] - click(findTestObject("CURAHealthcareService/AppointmentPageObjects/Select_Healthcare_Program_Medicare")): Object: 'Object Repository/CURAHealthcareService/AppointmentPageObjects/Select_Healthcare_Program_Medicare' is clicked on

12-07-2024T21:25:02 - [MESSAGE][PASSED] - Object: 'Object Repository/CURAHealthcareService/AppointmentPageObjects/Select_Healthcare_Program_Medicare' is clicked on

12-07-2024T21:25:02 - [TEST_STEP][PASSED] - setText(findTestObject("CURAHealthcareService/AppointmentPageObjects/Visit_Date"), "20/07/2024"): Text '20/07/2024' is set on object 'Object Repository/CURAHealthcareService/AppointmentPageObjects/Visit_Date'

12-07-2024T21:25:03 - [MESSAGE][PASSED] - Text '20/07/2024' is set on object 'Object Repository/CURAHealthcareService/AppointmentPageObjects/Visit_Date'

12-07-2024T21:25:03 - [TEST_STEP][PASSED] - click(findTestObject("CURAHealthcareService/AppointmentPageObjects/Comment")): Object: 'Object Repository/CURAHealthcareService/AppointmentPageObjects/Comment' is clicked on

12-07-2024T21:25:03 - [MESSAGE][PASSED] - Object: 'Object Repository/CURAHealthcareService/AppointmentPageObjects/Comment' is clicked on

12-07-2024T21:25:03 - [TEST_STEP][PASSED] - setText(findTestObject("CURAHealthcareService/AppointmentPageObjects/Comment"), "Test Apppointment"): Text 'Test Apppointment' is set on object 'Object Repository/CURAHealthcareService/AppointmentPageObjects/Comment'

12-07-2024T21:25:04 - [MESSAGE][PASSED] - Text 'Test Apppointment' is set on object 'Object Repository/CURAHealthcareService/AppointmentPageObjects/Comment'

12-07-2024T21:25:04 - [TEST_STEP][PASSED] - click(findTestObject("CURAHealthcareService/AppointmentPageObjects/Book_Appointment_Button")): Object: 'Object Repository/CURAHealthcareService/AppointmentPageObjects/Book_Appointment_Button' is clicked on

12-07-2024T21:25:04 - [MESSAGE][PASSED] - Object: 'Object Repository/CURAHealthcareService/AppointmentPageObjects/Book_Appointment_Button' is clicked on

12-07-2024T21:25:04 - [MESSAGE][PASSED] - Call Test Case 'Test Cases/CURAHealthcareService/Appontment_TestCases/Book_Appointment_Medicare_Basic' successfully

12-07-2024T21:25:04 - [TEST_STEP][PASSED] - click(findTestObject("CURAHealthcareService/AppointmentPageObjects/Menu_Button")): Object: 'Object Repository/CURAHealthcareService/AppointmentPageObjects/Menu_Button' is clicked on

12-07-2024T21:25:05 - [MESSAGE][PASSED] - Object: 'Object Repository/CURAHealthcareService/AppointmentPageObjects/Menu_Button' is clicked on

12-07-2024T21:25:05 - [TEST_STEP][PASSED] - click(findTestObject("CURAHealthcareService/AppointmentPageObjects/History")): Object: 'Object Repository/CURAHealthcareService/AppointmentPageObjects/History' is clicked on

12-07-2024T21:25:05 - [MESSAGE][PASSED] - Object: 'Object Repository/CURAHealthcareService/AppointmentPageObjects/History' is clicked on

12-07-2024T21:25:05 - [TEST_STEP][PASSED] - click(findTestObject("CURAHealthcareService/AppointmentPageObjects/Menu_Button")): Object: 'Object Repository/CURAHealthcareService/AppointmentPageObjects/Menu_Button' is clicked on

12-07-2024T21:25:06 - [MESSAGE][PASSED] - Object: 'Object Repository/CURAHealthcareService/AppointmentPageObjects/Menu_Button' is clicked on

12-07-2024T21:25:06 - [TEST_STEP][PASSED] - click(findTestObject("CURAHealthcareService/AppointmentPageObjects/Logout")): Object: 'Object Repository/CURAHealthcareService/AppointmentPageObjects/Logout' is clicked on

12-07-2024T21:25:06 - [MESSAGE][PASSED] - Object: 'Object Repository/CURAHealthcareService/AppointmentPageObjects/Logout' is clicked on]]></system-out>
         <system-err><![CDATA[]]></system-err>
      </testcase>
      <testcase name="Test Cases/CURAHealthcareService/Login" time="6.811" classname="Test Cases/CURAHealthcareService/Login" status="PASSED">
         <system-out><![CDATA[12-07-2024T21:25:06 - [TEST_CASE][PASSED] - Test Cases/CURAHealthcareService/Login: Test Cases/CURAHealthcareService/Login

12-07-2024T21:25:06 - [TEST_STEP][PASSED] - openBrowser("https://katalon-demo-cura.herokuapp.com/"): Browser is opened with url: 'https://katalon-demo-cura.herokuapp.com/'

12-07-2024T21:25:06 - [MESSAGE][WARNING] - A browser is already opened. Closing browser and opening a new one

12-07-2024T21:25:07 - [MESSAGE][INFO] - Starting 'Chrome' driver

12-07-2024T21:25:07 - [MESSAGE][INFO] - Action delay is set to 0 milliseconds

12-07-2024T21:25:10 - [MESSAGE][PASSED] - Browser is opened with url: 'https://katalon-demo-cura.herokuapp.com/'

12-07-2024T21:25:10 - [TEST_STEP][PASSED] - click(findTestObject("CURAHealthcareService/Page_CURA Healthcare Service/MakeAppointment_button")): Object: 'Object Repository/CURAHealthcareService/Page_CURA Healthcare Service/MakeAppointment_button' is clicked on

12-07-2024T21:25:11 - [MESSAGE][PASSED] - Object: 'Object Repository/CURAHealthcareService/Page_CURA Healthcare Service/MakeAppointment_button' is clicked on

12-07-2024T21:25:11 - [TEST_STEP][PASSED] - setText(findTestObject("CURAHealthcareService/Page_CURA Healthcare Service/input_Username_username"), "John Doe"): Text 'John Doe' is set on object 'Object Repository/CURAHealthcareService/Page_CURA Healthcare Service/input_Username_username'

12-07-2024T21:25:12 - [MESSAGE][PASSED] - Text 'John Doe' is set on object 'Object Repository/CURAHealthcareService/Page_CURA Healthcare Service/input_Username_username'

12-07-2024T21:25:12 - [TEST_STEP][PASSED] - setText(findTestObject("CURAHealthcareService/Page_CURA Healthcare Service/input_Password_password"), "ThisIsNotAPassword"): Text 'ThisIsNotAPassword' is set on object 'Object Repository/CURAHealthcareService/Page_CURA Healthcare Service/input_Password_password'

12-07-2024T21:25:12 - [MESSAGE][PASSED] - Text 'ThisIsNotAPassword' is set on object 'Object Repository/CURAHealthcareService/Page_CURA Healthcare Service/input_Password_password'

12-07-2024T21:25:12 - [TEST_STEP][PASSED] - click(findTestObject("CURAHealthcareService/Page_CURA Healthcare Service/button_Login")): Object: 'Object Repository/CURAHealthcareService/Page_CURA Healthcare Service/button_Login' is clicked on

12-07-2024T21:25:13 - [MESSAGE][PASSED] - Object: 'Object Repository/CURAHealthcareService/Page_CURA Healthcare Service/button_Login' is clicked on]]></system-out>
         <system-err><![CDATA[]]></system-err>
      </testcase>
      <system-out><![CDATA[12-07-2024T21:24:21 - [TEST_SUITE][PASSED] - CURAHealthcareServices: Test Cases/CURAHealthcareService/Login]]></system-out>
      <system-err><![CDATA[]]></system-err>
   </testsuite>
</testsuites>
