<?xml version="1.0" encoding="UTF-8"?>
<testsuites name="Full Regression" time="48.45" tests="7" failures="0" errors="0">
   <testsuite name="Data Driven" tests="5" failures="0" errors="0" time="41.303" skipped="0" timestamp="10-07-2024T05:04:46" hostname="usman - 192.168.0.125" id="Test Suites/Data Driven">
      <properties>
         <property name="deviceName" value=""/>
         <property name="devicePlatform"/>
         <property name="logFolder" value="C:\\Users\\usman\\Katalon Studio\\SauceDemo\\Reports\\20240710_050436\\Data Driven\\20240710_050437"/>
         <property name="logFiles" value="C:\\Users\\usman\\Katalon Studio\\SauceDemo\\Reports\\20240710_050436\\Data Driven\\20240710_050437\\execution0.log"/>
         <property name="attachments" value=""/>
         <property name="hostName" value="usman - 192.168.0.125"/>
         <property name="os" value="Windows 11 64bit"/>
         <property name="katalonVersion" value="9.5.0.217"/>
         <property name="browser" value="Chrome 126.0.0.0"/>
         <property name="hostAddress" value="192.168.0.125"/>
         <property name="sessionId" value="f1808439d774f15ab036ba82c005616d"/>
         <property name="seleniumVersion" value="3.141.59"/>
         <property name="proxyInformation" value="ProxyInformation { proxyOption=USE_SYSTEM, proxyServerType=HTTP, username=, password=********, proxyServerAddress=, proxyServerPort=0, executionList=&quot;&quot;, isApplyToDesiredCapabilities=true }"/>
         <property name="platform" value="Windows 11"/>
      </properties>
      <testcase name="Test Cases/Data Driven/Login_DataDriven" time="9.985" classname="Test Cases/Data Driven/Login_DataDriven" status="PASSED">
         <system-out><![CDATA[10-07-2024T05:04:46 - [TEST_CASE][PASSED] - Test Cases/Data Driven/Login_DataDriven: Test Cases/Data Driven/Login_DataDriven

10-07-2024T05:04:47 - [TEST_STEP][PASSED] - openBrowser(""): Browser is opened with url: ''

10-07-2024T05:04:47 - [MESSAGE][INFO] - Starting 'Chrome' driver

10-07-2024T05:04:48 - [MESSAGE][INFO] - Action delay is set to 0 milliseconds

10-07-2024T05:04:50 - [MESSAGE][PASSED] - Browser is opened with url: ''

10-07-2024T05:04:50 - [TEST_STEP][PASSED] - navigateToUrl("https://www.saucedemo.com/"): Navigate to 'https://www.saucedemo.com/' successfully

10-07-2024T05:04:52 - [MESSAGE][PASSED] - Navigate to 'https://www.saucedemo.com/' successfully

10-07-2024T05:04:52 - [TEST_STEP][PASSED] - verifyElementPresent(findTestObject("Logo"), 0): Object 'Object Repository/Logo' is present

10-07-2024T05:04:52 - [MESSAGE][WARNING] - Timeout '0' is invalid. Using default page load timeout: '30'

10-07-2024T05:04:53 - [MESSAGE][PASSED] - Object 'Object Repository/Logo' is present

10-07-2024T05:04:53 - [TEST_STEP][PASSED] - setText(findTestObject("Object Repository/Page_Swag Labs/input_Swag Labs_user-name"), Username): Text 'standard_user' is set on object 'Object Repository/Page_Swag Labs/input_Swag Labs_user-name'

10-07-2024T05:04:53 - [MESSAGE][PASSED] - Text 'standard_user' is set on object 'Object Repository/Page_Swag Labs/input_Swag Labs_user-name'

10-07-2024T05:04:53 - [TEST_STEP][PASSED] - setText(findTestObject("Object Repository/Page_Swag Labs/input_Swag Labs_password"), Password): Text 'secret_sauce' is set on object 'Object Repository/Page_Swag Labs/input_Swag Labs_password'

10-07-2024T05:04:54 - [MESSAGE][PASSED] - Text 'secret_sauce' is set on object 'Object Repository/Page_Swag Labs/input_Swag Labs_password'

10-07-2024T05:04:54 - [TEST_STEP][PASSED] - click(findTestObject("Object Repository/Page_Swag Labs/input_Swag Labs_login-button")): Object: 'Object Repository/Page_Swag Labs/input_Swag Labs_login-button' is clicked on

10-07-2024T05:04:55 - [MESSAGE][PASSED] - Object: 'Object Repository/Page_Swag Labs/input_Swag Labs_login-button' is clicked on

10-07-2024T05:04:55 - [TEST_STEP][PASSED] - click(findTestObject("Object Repository/Page_Swag Labs/div_Swag Labs")): Object: 'Object Repository/Page_Swag Labs/div_Swag Labs' is clicked on

10-07-2024T05:04:55 - [MESSAGE][PASSED] - Object: 'Object Repository/Page_Swag Labs/div_Swag Labs' is clicked on

10-07-2024T05:04:55 - [TEST_STEP][PASSED] - verifyElementText(findTestObject("Object Repository/Page_Swag Labs/div_Swag Labs"), "Swag Labs"): Actual text and expected text of test object 'Object Repository/Page_Swag Labs/div_Swag Labs' are matched.

10-07-2024T05:04:56 - [MESSAGE][PASSED] - Actual text and expected text of test object 'Object Repository/Page_Swag Labs/div_Swag Labs' are matched.

10-07-2024T05:04:56 - [TEST_STEP][PASSED] - click(findTestObject("HomePage/MenuButton")): Object: 'Object Repository/HomePage/MenuButton' is clicked on

10-07-2024T05:04:56 - [MESSAGE][PASSED] - Object: 'Object Repository/HomePage/MenuButton' is clicked on

10-07-2024T05:04:56 - [TEST_STEP][PASSED] - click(findTestObject("HomePage/Logout")): Object: 'Object Repository/HomePage/Logout' is clicked on

10-07-2024T05:04:56 - [MESSAGE][PASSED] - Object: 'Object Repository/HomePage/Logout' is clicked on]]></system-out>
         <system-err><![CDATA[]]></system-err>
      </testcase>
      <testcase name="Test Cases/Data Driven/Login_DataDriven" time="6.68" classname="Test Cases/Data Driven/Login_DataDriven" status="PASSED">
         <system-out><![CDATA[10-07-2024T05:04:57 - [TEST_CASE][PASSED] - Test Cases/Data Driven/Login_DataDriven: Test Cases/Data Driven/Login_DataDriven

10-07-2024T05:04:57 - [TEST_STEP][PASSED] - openBrowser(""): Browser is opened with url: ''

10-07-2024T05:04:57 - [MESSAGE][WARNING] - A browser is already opened. Closing browser and opening a new one

10-07-2024T05:04:57 - [MESSAGE][INFO] - Starting 'Chrome' driver

10-07-2024T05:04:57 - [MESSAGE][INFO] - Action delay is set to 0 milliseconds

10-07-2024T05:04:58 - [MESSAGE][PASSED] - Browser is opened with url: ''

10-07-2024T05:04:58 - [TEST_STEP][PASSED] - navigateToUrl("https://www.saucedemo.com/"): Navigate to 'https://www.saucedemo.com/' successfully

10-07-2024T05:04:59 - [MESSAGE][PASSED] - Navigate to 'https://www.saucedemo.com/' successfully

10-07-2024T05:04:59 - [TEST_STEP][PASSED] - verifyElementPresent(findTestObject("Logo"), 0): Object 'Object Repository/Logo' is present

10-07-2024T05:04:59 - [MESSAGE][WARNING] - Timeout '0' is invalid. Using default page load timeout: '30'

10-07-2024T05:05:00 - [MESSAGE][PASSED] - Object 'Object Repository/Logo' is present

10-07-2024T05:05:00 - [TEST_STEP][PASSED] - setText(findTestObject("Object Repository/Page_Swag Labs/input_Swag Labs_user-name"), Username): Text 'problem_user' is set on object 'Object Repository/Page_Swag Labs/input_Swag Labs_user-name'

10-07-2024T05:05:01 - [MESSAGE][PASSED] - Text 'problem_user' is set on object 'Object Repository/Page_Swag Labs/input_Swag Labs_user-name'

10-07-2024T05:05:01 - [TEST_STEP][PASSED] - setText(findTestObject("Object Repository/Page_Swag Labs/input_Swag Labs_password"), Password): Text 'secret_sauce' is set on object 'Object Repository/Page_Swag Labs/input_Swag Labs_password'

10-07-2024T05:05:01 - [MESSAGE][PASSED] - Text 'secret_sauce' is set on object 'Object Repository/Page_Swag Labs/input_Swag Labs_password'

10-07-2024T05:05:01 - [TEST_STEP][PASSED] - click(findTestObject("Object Repository/Page_Swag Labs/input_Swag Labs_login-button")): Object: 'Object Repository/Page_Swag Labs/input_Swag Labs_login-button' is clicked on

10-07-2024T05:05:02 - [MESSAGE][PASSED] - Object: 'Object Repository/Page_Swag Labs/input_Swag Labs_login-button' is clicked on

10-07-2024T05:05:02 - [TEST_STEP][PASSED] - click(findTestObject("Object Repository/Page_Swag Labs/div_Swag Labs")): Object: 'Object Repository/Page_Swag Labs/div_Swag Labs' is clicked on

10-07-2024T05:05:02 - [MESSAGE][PASSED] - Object: 'Object Repository/Page_Swag Labs/div_Swag Labs' is clicked on

10-07-2024T05:05:02 - [TEST_STEP][PASSED] - verifyElementText(findTestObject("Object Repository/Page_Swag Labs/div_Swag Labs"), "Swag Labs"): Actual text and expected text of test object 'Object Repository/Page_Swag Labs/div_Swag Labs' are matched.

10-07-2024T05:05:03 - [MESSAGE][PASSED] - Actual text and expected text of test object 'Object Repository/Page_Swag Labs/div_Swag Labs' are matched.

10-07-2024T05:05:03 - [TEST_STEP][PASSED] - click(findTestObject("HomePage/MenuButton")): Object: 'Object Repository/HomePage/MenuButton' is clicked on

10-07-2024T05:05:03 - [MESSAGE][PASSED] - Object: 'Object Repository/HomePage/MenuButton' is clicked on

10-07-2024T05:05:03 - [TEST_STEP][PASSED] - click(findTestObject("HomePage/Logout")): Object: 'Object Repository/HomePage/Logout' is clicked on

10-07-2024T05:05:03 - [MESSAGE][PASSED] - Object: 'Object Repository/HomePage/Logout' is clicked on]]></system-out>
         <system-err><![CDATA[]]></system-err>
      </testcase>
      <testcase name="Test Cases/Data Driven/Login_DataDriven" time="10.902" classname="Test Cases/Data Driven/Login_DataDriven" status="PASSED">
         <system-out><![CDATA[10-07-2024T05:05:03 - [TEST_CASE][PASSED] - Test Cases/Data Driven/Login_DataDriven: Test Cases/Data Driven/Login_DataDriven

10-07-2024T05:05:03 - [TEST_STEP][PASSED] - openBrowser(""): Browser is opened with url: ''

10-07-2024T05:05:03 - [MESSAGE][WARNING] - A browser is already opened. Closing browser and opening a new one

10-07-2024T05:05:03 - [MESSAGE][INFO] - Starting 'Chrome' driver

10-07-2024T05:05:03 - [MESSAGE][INFO] - Action delay is set to 0 milliseconds

10-07-2024T05:05:04 - [MESSAGE][PASSED] - Browser is opened with url: ''

10-07-2024T05:05:04 - [TEST_STEP][PASSED] - navigateToUrl("https://www.saucedemo.com/"): Navigate to 'https://www.saucedemo.com/' successfully

10-07-2024T05:05:05 - [MESSAGE][PASSED] - Navigate to 'https://www.saucedemo.com/' successfully

10-07-2024T05:05:05 - [TEST_STEP][PASSED] - verifyElementPresent(findTestObject("Logo"), 0): Object 'Object Repository/Logo' is present

10-07-2024T05:05:05 - [MESSAGE][WARNING] - Timeout '0' is invalid. Using default page load timeout: '30'

10-07-2024T05:05:06 - [MESSAGE][PASSED] - Object 'Object Repository/Logo' is present

10-07-2024T05:05:06 - [TEST_STEP][PASSED] - setText(findTestObject("Object Repository/Page_Swag Labs/input_Swag Labs_user-name"), Username): Text 'performance_glitch_user' is set on object 'Object Repository/Page_Swag Labs/input_Swag Labs_user-name'

10-07-2024T05:05:07 - [MESSAGE][PASSED] - Text 'performance_glitch_user' is set on object 'Object Repository/Page_Swag Labs/input_Swag Labs_user-name'

10-07-2024T05:05:07 - [TEST_STEP][PASSED] - setText(findTestObject("Object Repository/Page_Swag Labs/input_Swag Labs_password"), Password): Text 'secret_sauce' is set on object 'Object Repository/Page_Swag Labs/input_Swag Labs_password'

10-07-2024T05:05:07 - [MESSAGE][PASSED] - Text 'secret_sauce' is set on object 'Object Repository/Page_Swag Labs/input_Swag Labs_password'

10-07-2024T05:05:07 - [TEST_STEP][PASSED] - click(findTestObject("Object Repository/Page_Swag Labs/input_Swag Labs_login-button")): Object: 'Object Repository/Page_Swag Labs/input_Swag Labs_login-button' is clicked on

10-07-2024T05:05:13 - [MESSAGE][PASSED] - Object: 'Object Repository/Page_Swag Labs/input_Swag Labs_login-button' is clicked on

10-07-2024T05:05:13 - [TEST_STEP][PASSED] - click(findTestObject("Object Repository/Page_Swag Labs/div_Swag Labs")): Object: 'Object Repository/Page_Swag Labs/div_Swag Labs' is clicked on

10-07-2024T05:05:13 - [MESSAGE][PASSED] - Object: 'Object Repository/Page_Swag Labs/div_Swag Labs' is clicked on

10-07-2024T05:05:13 - [TEST_STEP][PASSED] - verifyElementText(findTestObject("Object Repository/Page_Swag Labs/div_Swag Labs"), "Swag Labs"): Actual text and expected text of test object 'Object Repository/Page_Swag Labs/div_Swag Labs' are matched.

10-07-2024T05:05:13 - [MESSAGE][PASSED] - Actual text and expected text of test object 'Object Repository/Page_Swag Labs/div_Swag Labs' are matched.

10-07-2024T05:05:13 - [TEST_STEP][PASSED] - click(findTestObject("HomePage/MenuButton")): Object: 'Object Repository/HomePage/MenuButton' is clicked on

10-07-2024T05:05:14 - [MESSAGE][PASSED] - Object: 'Object Repository/HomePage/MenuButton' is clicked on

10-07-2024T05:05:14 - [TEST_STEP][PASSED] - click(findTestObject("HomePage/Logout")): Object: 'Object Repository/HomePage/Logout' is clicked on

10-07-2024T05:05:14 - [MESSAGE][PASSED] - Object: 'Object Repository/HomePage/Logout' is clicked on]]></system-out>
         <system-err><![CDATA[]]></system-err>
      </testcase>
      <testcase name="Test Cases/Data Driven/Login_DataDriven" time="7.169" classname="Test Cases/Data Driven/Login_DataDriven" status="PASSED">
         <system-out><![CDATA[10-07-2024T05:05:14 - [TEST_CASE][PASSED] - Test Cases/Data Driven/Login_DataDriven: Test Cases/Data Driven/Login_DataDriven

10-07-2024T05:05:14 - [TEST_STEP][PASSED] - openBrowser(""): Browser is opened with url: ''

10-07-2024T05:05:14 - [MESSAGE][WARNING] - A browser is already opened. Closing browser and opening a new one

10-07-2024T05:05:15 - [MESSAGE][INFO] - Starting 'Chrome' driver

10-07-2024T05:05:15 - [MESSAGE][INFO] - Action delay is set to 0 milliseconds

10-07-2024T05:05:16 - [MESSAGE][PASSED] - Browser is opened with url: ''

10-07-2024T05:05:16 - [TEST_STEP][PASSED] - navigateToUrl("https://www.saucedemo.com/"): Navigate to 'https://www.saucedemo.com/' successfully

10-07-2024T05:05:17 - [MESSAGE][PASSED] - Navigate to 'https://www.saucedemo.com/' successfully

10-07-2024T05:05:17 - [TEST_STEP][PASSED] - verifyElementPresent(findTestObject("Logo"), 0): Object 'Object Repository/Logo' is present

10-07-2024T05:05:17 - [MESSAGE][WARNING] - Timeout '0' is invalid. Using default page load timeout: '30'

10-07-2024T05:05:18 - [MESSAGE][PASSED] - Object 'Object Repository/Logo' is present

10-07-2024T05:05:18 - [TEST_STEP][PASSED] - setText(findTestObject("Object Repository/Page_Swag Labs/input_Swag Labs_user-name"), Username): Text 'error_user' is set on object 'Object Repository/Page_Swag Labs/input_Swag Labs_user-name'

10-07-2024T05:05:19 - [MESSAGE][PASSED] - Text 'error_user' is set on object 'Object Repository/Page_Swag Labs/input_Swag Labs_user-name'

10-07-2024T05:05:19 - [TEST_STEP][PASSED] - setText(findTestObject("Object Repository/Page_Swag Labs/input_Swag Labs_password"), Password): Text 'secret_sauce' is set on object 'Object Repository/Page_Swag Labs/input_Swag Labs_password'

10-07-2024T05:05:20 - [MESSAGE][PASSED] - Text 'secret_sauce' is set on object 'Object Repository/Page_Swag Labs/input_Swag Labs_password'

10-07-2024T05:05:20 - [TEST_STEP][PASSED] - click(findTestObject("Object Repository/Page_Swag Labs/input_Swag Labs_login-button")): Object: 'Object Repository/Page_Swag Labs/input_Swag Labs_login-button' is clicked on

10-07-2024T05:05:20 - [MESSAGE][PASSED] - Object: 'Object Repository/Page_Swag Labs/input_Swag Labs_login-button' is clicked on

10-07-2024T05:05:20 - [TEST_STEP][PASSED] - click(findTestObject("Object Repository/Page_Swag Labs/div_Swag Labs")): Object: 'Object Repository/Page_Swag Labs/div_Swag Labs' is clicked on

10-07-2024T05:05:20 - [MESSAGE][PASSED] - Object: 'Object Repository/Page_Swag Labs/div_Swag Labs' is clicked on

10-07-2024T05:05:20 - [TEST_STEP][PASSED] - verifyElementText(findTestObject("Object Repository/Page_Swag Labs/div_Swag Labs"), "Swag Labs"): Actual text and expected text of test object 'Object Repository/Page_Swag Labs/div_Swag Labs' are matched.

10-07-2024T05:05:21 - [MESSAGE][PASSED] - Actual text and expected text of test object 'Object Repository/Page_Swag Labs/div_Swag Labs' are matched.

10-07-2024T05:05:21 - [TEST_STEP][PASSED] - click(findTestObject("HomePage/MenuButton")): Object: 'Object Repository/HomePage/MenuButton' is clicked on

10-07-2024T05:05:21 - [MESSAGE][PASSED] - Object: 'Object Repository/HomePage/MenuButton' is clicked on

10-07-2024T05:05:21 - [TEST_STEP][PASSED] - click(findTestObject("HomePage/Logout")): Object: 'Object Repository/HomePage/Logout' is clicked on

10-07-2024T05:05:21 - [MESSAGE][PASSED] - Object: 'Object Repository/HomePage/Logout' is clicked on]]></system-out>
         <system-err><![CDATA[]]></system-err>
      </testcase>
      <testcase name="Test Cases/Data Driven/Login_DataDriven" time="6.19" classname="Test Cases/Data Driven/Login_DataDriven" status="PASSED">
         <system-out><![CDATA[10-07-2024T05:05:21 - [TEST_CASE][PASSED] - Test Cases/Data Driven/Login_DataDriven: Test Cases/Data Driven/Login_DataDriven

10-07-2024T05:05:21 - [TEST_STEP][PASSED] - openBrowser(""): Browser is opened with url: ''

10-07-2024T05:05:21 - [MESSAGE][WARNING] - A browser is already opened. Closing browser and opening a new one

10-07-2024T05:05:22 - [MESSAGE][INFO] - Starting 'Chrome' driver

10-07-2024T05:05:22 - [MESSAGE][INFO] - Action delay is set to 0 milliseconds

10-07-2024T05:05:22 - [MESSAGE][PASSED] - Browser is opened with url: ''

10-07-2024T05:05:22 - [TEST_STEP][PASSED] - navigateToUrl("https://www.saucedemo.com/"): Navigate to 'https://www.saucedemo.com/' successfully

10-07-2024T05:05:23 - [MESSAGE][PASSED] - Navigate to 'https://www.saucedemo.com/' successfully

10-07-2024T05:05:23 - [TEST_STEP][PASSED] - verifyElementPresent(findTestObject("Logo"), 0): Object 'Object Repository/Logo' is present

10-07-2024T05:05:23 - [MESSAGE][WARNING] - Timeout '0' is invalid. Using default page load timeout: '30'

10-07-2024T05:05:24 - [MESSAGE][PASSED] - Object 'Object Repository/Logo' is present

10-07-2024T05:05:24 - [TEST_STEP][PASSED] - setText(findTestObject("Object Repository/Page_Swag Labs/input_Swag Labs_user-name"), Username): Text 'visual_user' is set on object 'Object Repository/Page_Swag Labs/input_Swag Labs_user-name'

10-07-2024T05:05:25 - [MESSAGE][PASSED] - Text 'visual_user' is set on object 'Object Repository/Page_Swag Labs/input_Swag Labs_user-name'

10-07-2024T05:05:25 - [TEST_STEP][PASSED] - setText(findTestObject("Object Repository/Page_Swag Labs/input_Swag Labs_password"), Password): Text 'secret_sauce' is set on object 'Object Repository/Page_Swag Labs/input_Swag Labs_password'

10-07-2024T05:05:26 - [MESSAGE][PASSED] - Text 'secret_sauce' is set on object 'Object Repository/Page_Swag Labs/input_Swag Labs_password'

10-07-2024T05:05:26 - [TEST_STEP][PASSED] - click(findTestObject("Object Repository/Page_Swag Labs/input_Swag Labs_login-button")): Object: 'Object Repository/Page_Swag Labs/input_Swag Labs_login-button' is clicked on

10-07-2024T05:05:26 - [MESSAGE][PASSED] - Object: 'Object Repository/Page_Swag Labs/input_Swag Labs_login-button' is clicked on

10-07-2024T05:05:26 - [TEST_STEP][PASSED] - click(findTestObject("Object Repository/Page_Swag Labs/div_Swag Labs")): Object: 'Object Repository/Page_Swag Labs/div_Swag Labs' is clicked on

10-07-2024T05:05:27 - [MESSAGE][PASSED] - Object: 'Object Repository/Page_Swag Labs/div_Swag Labs' is clicked on

10-07-2024T05:05:27 - [TEST_STEP][PASSED] - verifyElementText(findTestObject("Object Repository/Page_Swag Labs/div_Swag Labs"), "Swag Labs"): Actual text and expected text of test object 'Object Repository/Page_Swag Labs/div_Swag Labs' are matched.

10-07-2024T05:05:27 - [MESSAGE][PASSED] - Actual text and expected text of test object 'Object Repository/Page_Swag Labs/div_Swag Labs' are matched.

10-07-2024T05:05:27 - [TEST_STEP][PASSED] - click(findTestObject("HomePage/MenuButton")): Object: 'Object Repository/HomePage/MenuButton' is clicked on

10-07-2024T05:05:27 - [MESSAGE][PASSED] - Object: 'Object Repository/HomePage/MenuButton' is clicked on

10-07-2024T05:05:27 - [TEST_STEP][PASSED] - click(findTestObject("HomePage/Logout")): Object: 'Object Repository/HomePage/Logout' is clicked on

10-07-2024T05:05:28 - [MESSAGE][PASSED] - Object: 'Object Repository/HomePage/Logout' is clicked on]]></system-out>
         <system-err><![CDATA[]]></system-err>
      </testcase>
      <system-out><![CDATA[10-07-2024T05:04:46 - [TEST_SUITE][PASSED] - Data Driven: Test Cases/Data Driven/Login_DataDriven]]></system-out>
      <system-err><![CDATA[]]></system-err>
   </testsuite>
   <testsuite name="Regression" tests="2" failures="0" errors="0" time="15.675" skipped="0" timestamp="10-07-2024T05:04:46" hostname="usman - 192.168.0.125" id="Test Suites/Regression">
      <properties>
         <property name="deviceName" value=""/>
         <property name="devicePlatform"/>
         <property name="logFolder" value="C:\\Users\\usman\\Katalon Studio\\SauceDemo\\Reports\\20240710_050436\\Regression\\20240710_050439"/>
         <property name="logFiles" value="C:\\Users\\usman\\Katalon Studio\\SauceDemo\\Reports\\20240710_050436\\Regression\\20240710_050439\\execution0.log"/>
         <property name="attachments" value=""/>
         <property name="hostName" value="usman - 192.168.0.125"/>
         <property name="os" value="Windows 11 64bit"/>
         <property name="katalonVersion" value="9.5.0.217"/>
         <property name="browser" value="Chrome 126.0.0.0"/>
         <property name="hostAddress" value="192.168.0.125"/>
         <property name="sessionId" value="ed46614f0ec07d212b2563515cb7facf"/>
         <property name="seleniumVersion" value="3.141.59"/>
         <property name="proxyInformation" value="ProxyInformation { proxyOption=USE_SYSTEM, proxyServerType=HTTP, username=, password=********, proxyServerAddress=, proxyServerPort=0, executionList=&quot;&quot;, isApplyToDesiredCapabilities=true }"/>
         <property name="platform" value="Windows 11"/>
      </properties>
      <testcase name="Test Cases/Login" time="8.489" classname="Test Cases/Login" status="PASSED">
         <system-out><![CDATA[10-07-2024T05:04:47 - [TEST_CASE][PASSED] - Test Cases/Login: Test Cases/Login

10-07-2024T05:04:47 - [TEST_STEP][PASSED] - openBrowser(""): Browser is opened with url: ''

10-07-2024T05:04:48 - [MESSAGE][INFO] - Starting 'Chrome' driver

10-07-2024T05:04:48 - [MESSAGE][INFO] - Action delay is set to 0 milliseconds

10-07-2024T05:04:50 - [MESSAGE][PASSED] - Browser is opened with url: ''

10-07-2024T05:04:50 - [TEST_STEP][PASSED] - navigateToUrl("https://www.saucedemo.com/"): Navigate to 'https://www.saucedemo.com/' successfully

10-07-2024T05:04:52 - [MESSAGE][PASSED] - Navigate to 'https://www.saucedemo.com/' successfully

10-07-2024T05:04:52 - [TEST_STEP][PASSED] - verifyElementPresent(findTestObject("Logo"), 0): Object 'Object Repository/Logo' is present

10-07-2024T05:04:52 - [MESSAGE][WARNING] - Timeout '0' is invalid. Using default page load timeout: '30'

10-07-2024T05:04:53 - [MESSAGE][PASSED] - Object 'Object Repository/Logo' is present

10-07-2024T05:04:53 - [TEST_STEP][PASSED] - setText(findTestObject("Object Repository/Page_Swag Labs/input_Swag Labs_user-name"), "standard_user"): Text 'standard_user' is set on object 'Object Repository/Page_Swag Labs/input_Swag Labs_user-name'

10-07-2024T05:04:53 - [MESSAGE][PASSED] - Text 'standard_user' is set on object 'Object Repository/Page_Swag Labs/input_Swag Labs_user-name'

10-07-2024T05:04:53 - [TEST_STEP][PASSED] - setEncryptedText(findTestObject("Object Repository/Page_Swag Labs/input_Swag Labs_password"), "qcu24s4901FyWDTwXGr6XA=="): Text ****** has been set on object 'Object Repository/Page_Swag Labs/input_Swag Labs_password'

10-07-2024T05:04:54 - [MESSAGE][PASSED] - Text ****** has been set on object 'Object Repository/Page_Swag Labs/input_Swag Labs_password'

10-07-2024T05:04:54 - [TEST_STEP][PASSED] - click(findTestObject("Object Repository/Page_Swag Labs/input_Swag Labs_login-button")): Object: 'Object Repository/Page_Swag Labs/input_Swag Labs_login-button' is clicked on

10-07-2024T05:04:54 - [MESSAGE][PASSED] - Object: 'Object Repository/Page_Swag Labs/input_Swag Labs_login-button' is clicked on

10-07-2024T05:04:54 - [TEST_STEP][PASSED] - click(findTestObject("Object Repository/Page_Swag Labs/div_Swag Labs")): Object: 'Object Repository/Page_Swag Labs/div_Swag Labs' is clicked on

10-07-2024T05:04:55 - [MESSAGE][PASSED] - Object: 'Object Repository/Page_Swag Labs/div_Swag Labs' is clicked on

10-07-2024T05:04:55 - [TEST_STEP][PASSED] - verifyElementText(findTestObject("Object Repository/Page_Swag Labs/div_Swag Labs"), "Swag Labs"): Actual text and expected text of test object 'Object Repository/Page_Swag Labs/div_Swag Labs' are matched.

10-07-2024T05:04:55 - [MESSAGE][PASSED] - Actual text and expected text of test object 'Object Repository/Page_Swag Labs/div_Swag Labs' are matched.]]></system-out>
         <system-err><![CDATA[]]></system-err>
      </testcase>
      <testcase name="Test Cases/SelectMenu" time="6.847" classname="Test Cases/SelectMenu" status="PASSED">
         <system-out><![CDATA[10-07-2024T05:04:55 - [TEST_CASE][PASSED] - Test Cases/SelectMenu: Test Cases/SelectMenu

10-07-2024T05:04:55 - [TEST_STEP][PASSED] - callTestCase(findTestCase("Login"), [:], STOP_ON_FAILURE): Call Test Case 'Test Cases/Login' successfully

10-07-2024T05:04:56 - [TEST_CASE][PASSED] - Test Cases/Login: Test Cases/Login

10-07-2024T05:04:56 - [TEST_STEP][PASSED] - openBrowser(""): Browser is opened with url: ''

10-07-2024T05:04:56 - [MESSAGE][WARNING] - A browser is already opened. Closing browser and opening a new one

10-07-2024T05:04:56 - [MESSAGE][INFO] - Starting 'Chrome' driver

10-07-2024T05:04:56 - [MESSAGE][INFO] - Action delay is set to 0 milliseconds

10-07-2024T05:04:57 - [MESSAGE][PASSED] - Browser is opened with url: ''

10-07-2024T05:04:57 - [TEST_STEP][PASSED] - navigateToUrl("https://www.saucedemo.com/"): Navigate to 'https://www.saucedemo.com/' successfully

10-07-2024T05:04:57 - [MESSAGE][PASSED] - Navigate to 'https://www.saucedemo.com/' successfully

10-07-2024T05:04:57 - [TEST_STEP][PASSED] - verifyElementPresent(findTestObject("Logo"), 0): Object 'Object Repository/Logo' is present

10-07-2024T05:04:57 - [MESSAGE][WARNING] - Timeout '0' is invalid. Using default page load timeout: '30'

10-07-2024T05:04:59 - [MESSAGE][PASSED] - Object 'Object Repository/Logo' is present

10-07-2024T05:04:59 - [TEST_STEP][PASSED] - setText(findTestObject("Object Repository/Page_Swag Labs/input_Swag Labs_user-name"), "standard_user"): Text 'standard_user' is set on object 'Object Repository/Page_Swag Labs/input_Swag Labs_user-name'

10-07-2024T05:04:59 - [MESSAGE][PASSED] - Text 'standard_user' is set on object 'Object Repository/Page_Swag Labs/input_Swag Labs_user-name'

10-07-2024T05:04:59 - [TEST_STEP][PASSED] - setEncryptedText(findTestObject("Object Repository/Page_Swag Labs/input_Swag Labs_password"), "qcu24s4901FyWDTwXGr6XA=="): Text ****** has been set on object 'Object Repository/Page_Swag Labs/input_Swag Labs_password'

10-07-2024T05:05:00 - [MESSAGE][PASSED] - Text ****** has been set on object 'Object Repository/Page_Swag Labs/input_Swag Labs_password'

10-07-2024T05:05:00 - [TEST_STEP][PASSED] - click(findTestObject("Object Repository/Page_Swag Labs/input_Swag Labs_login-button")): Object: 'Object Repository/Page_Swag Labs/input_Swag Labs_login-button' is clicked on

10-07-2024T05:05:00 - [MESSAGE][PASSED] - Object: 'Object Repository/Page_Swag Labs/input_Swag Labs_login-button' is clicked on

10-07-2024T05:05:00 - [TEST_STEP][PASSED] - click(findTestObject("Object Repository/Page_Swag Labs/div_Swag Labs")): Object: 'Object Repository/Page_Swag Labs/div_Swag Labs' is clicked on

10-07-2024T05:05:01 - [MESSAGE][PASSED] - Object: 'Object Repository/Page_Swag Labs/div_Swag Labs' is clicked on

10-07-2024T05:05:01 - [TEST_STEP][PASSED] - verifyElementText(findTestObject("Object Repository/Page_Swag Labs/div_Swag Labs"), "Swag Labs"): Actual text and expected text of test object 'Object Repository/Page_Swag Labs/div_Swag Labs' are matched.

10-07-2024T05:05:01 - [MESSAGE][PASSED] - Actual text and expected text of test object 'Object Repository/Page_Swag Labs/div_Swag Labs' are matched.

10-07-2024T05:05:01 - [MESSAGE][PASSED] - Call Test Case 'Test Cases/Login' successfully

10-07-2024T05:05:01 - [TEST_STEP][PASSED] - click(findTestObject("HomePage/MenuButton")): Object: 'Object Repository/HomePage/MenuButton' is clicked on

10-07-2024T05:05:01 - [MESSAGE][PASSED] - Object: 'Object Repository/HomePage/MenuButton' is clicked on

10-07-2024T05:05:01 - [TEST_STEP][PASSED] - click(findTestObject("HomePage/AllItems")): Object: 'Object Repository/HomePage/AllItems' is clicked on

10-07-2024T05:05:02 - [MESSAGE][PASSED] - Object: 'Object Repository/HomePage/AllItems' is clicked on

10-07-2024T05:05:02 - [TEST_STEP][PASSED] - click(findTestObject("HomePage/CloseMenu")): Object: 'Object Repository/HomePage/CloseMenu' is clicked on

10-07-2024T05:05:02 - [MESSAGE][PASSED] - Object: 'Object Repository/HomePage/CloseMenu' is clicked on]]></system-out>
         <system-err><![CDATA[]]></system-err>
      </testcase>
      <system-out><![CDATA[10-07-2024T05:04:46 - [TEST_SUITE][PASSED] - Regression: Test Cases/SelectMenu]]></system-out>
      <system-err><![CDATA[]]></system-err>
   </testsuite>
</testsuites>
