<?xml version="1.0" encoding="UTF-8"?>
<testsuites name="Regression" time="292.256" tests="2" failures="0" errors="0">
   <testsuite name="Regression" tests="2" failures="0" errors="0" time="292.256" skipped="0" timestamp="09-07-2024T20:24:22" hostname="usman - 192.168.0.125" id="Test Suites/Regression">
      <properties>
         <property name="deviceName" value=""/>
         <property name="devicePlatform"/>
         <property name="logFolder" value="C:\\Users\\usman\\Katalon Studio\\SauceDemo\\Reports\\20240709_202405\\Regression\\20240709_202409"/>
         <property name="logFiles" value="C:\\Users\\usman\\Katalon Studio\\SauceDemo\\Reports\\20240709_202405\\Regression\\20240709_202409\\execution0.log"/>
         <property name="attachments" value=""/>
         <property name="hostName" value="usman - 192.168.0.125"/>
         <property name="os" value="Windows 11 64bit"/>
         <property name="katalonVersion" value="9.5.0.217"/>
         <property name="browser" value="Chrome 126.0.0.0"/>
         <property name="hostAddress" value="192.168.0.125"/>
         <property name="sessionId" value="801f3171468644f00784d14ac2dda967"/>
         <property name="seleniumVersion" value="3.141.59"/>
         <property name="proxyInformation" value="ProxyInformation { proxyOption=USE_SYSTEM, proxyServerType=HTTP, username=, password=********, proxyServerAddress=, proxyServerPort=0, executionList=&quot;&quot;, isApplyToDesiredCapabilities=true }"/>
         <property name="platform" value="Windows 11"/>
      </properties>
      <testcase name="Test Cases/Login" time="12.426" classname="Test Cases/Login" status="PASSED">
         <system-out><![CDATA[09-07-2024T20:24:23 - [TEST_CASE][PASSED] - Test Cases/Login: Test Cases/Login

09-07-2024T20:24:23 - [TEST_STEP][PASSED] - openBrowser(""): Browser is opened with url: ''

09-07-2024T20:24:24 - [MESSAGE][INFO] - Starting 'Chrome' driver

09-07-2024T20:24:24 - [MESSAGE][INFO] - Action delay is set to 0 milliseconds

09-07-2024T20:24:29 - [MESSAGE][PASSED] - Browser is opened with url: ''

09-07-2024T20:24:29 - [TEST_STEP][PASSED] - navigateToUrl("https://www.saucedemo.com/"): Navigate to 'https://www.saucedemo.com/' successfully

09-07-2024T20:24:30 - [MESSAGE][PASSED] - Navigate to 'https://www.saucedemo.com/' successfully

09-07-2024T20:24:30 - [TEST_STEP][PASSED] - verifyElementPresent(findTestObject("Logo"), 0): Object 'Object Repository/Logo' is present

09-07-2024T20:24:30 - [MESSAGE][WARNING] - Timeout '0' is invalid. Using default page load timeout: '30'

09-07-2024T20:24:32 - [MESSAGE][PASSED] - Object 'Object Repository/Logo' is present

09-07-2024T20:24:32 - [TEST_STEP][PASSED] - setText(findTestObject("Object Repository/Page_Swag Labs/input_Swag Labs_user-name"), "standard_user"): Text 'standard_user' is set on object 'Object Repository/Page_Swag Labs/input_Swag Labs_user-name'

09-07-2024T20:24:33 - [MESSAGE][PASSED] - Text 'standard_user' is set on object 'Object Repository/Page_Swag Labs/input_Swag Labs_user-name'

09-07-2024T20:24:33 - [TEST_STEP][PASSED] - setEncryptedText(findTestObject("Object Repository/Page_Swag Labs/input_Swag Labs_password"), "qcu24s4901FyWDTwXGr6XA=="): Text ****** has been set on object 'Object Repository/Page_Swag Labs/input_Swag Labs_password'

09-07-2024T20:24:34 - [MESSAGE][PASSED] - Text ****** has been set on object 'Object Repository/Page_Swag Labs/input_Swag Labs_password'

09-07-2024T20:24:34 - [TEST_STEP][PASSED] - click(findTestObject("Object Repository/Page_Swag Labs/input_Swag Labs_login-button")): Object: 'Object Repository/Page_Swag Labs/input_Swag Labs_login-button' is clicked on

09-07-2024T20:24:34 - [MESSAGE][PASSED] - Object: 'Object Repository/Page_Swag Labs/input_Swag Labs_login-button' is clicked on

09-07-2024T20:24:34 - [TEST_STEP][PASSED] - click(findTestObject("Object Repository/Page_Swag Labs/div_Swag Labs")): Object: 'Object Repository/Page_Swag Labs/div_Swag Labs' is clicked on

09-07-2024T20:24:35 - [MESSAGE][PASSED] - Object: 'Object Repository/Page_Swag Labs/div_Swag Labs' is clicked on

09-07-2024T20:24:35 - [TEST_STEP][PASSED] - verifyElementText(findTestObject("Object Repository/Page_Swag Labs/div_Swag Labs"), "Swag Labs"): Actual text and expected text of test object 'Object Repository/Page_Swag Labs/div_Swag Labs' are matched.

09-07-2024T20:24:35 - [MESSAGE][PASSED] - Actual text and expected text of test object 'Object Repository/Page_Swag Labs/div_Swag Labs' are matched.]]></system-out>
         <system-err><![CDATA[]]></system-err>
      </testcase>
      <testcase name="Test Cases/SelectMenu" time="279.105" classname="Test Cases/SelectMenu" status="PASSED">
         <system-out><![CDATA[09-07-2024T20:24:35 - [TEST_CASE][PASSED] - Test Cases/SelectMenu: Test Cases/SelectMenu

09-07-2024T20:24:36 - [TEST_STEP][PASSED] - callTestCase(findTestCase("Login"), [:], STOP_ON_FAILURE): Call Test Case 'Test Cases/Login' successfully

09-07-2024T20:24:36 - [TEST_CASE][PASSED] - Test Cases/Login: Test Cases/Login

09-07-2024T20:24:36 - [TEST_STEP][PASSED] - openBrowser(""): Browser is opened with url: ''

09-07-2024T20:24:36 - [MESSAGE][WARNING] - A browser is already opened. Closing browser and opening a new one

09-07-2024T20:24:37 - [MESSAGE][INFO] - Starting 'Chrome' driver

09-07-2024T20:24:37 - [MESSAGE][INFO] - Action delay is set to 0 milliseconds

09-07-2024T20:24:38 - [MESSAGE][PASSED] - Browser is opened with url: ''

09-07-2024T20:24:38 - [TEST_STEP][PASSED] - navigateToUrl("https://www.saucedemo.com/"): Navigate to 'https://www.saucedemo.com/' successfully

09-07-2024T20:24:40 - [MESSAGE][PASSED] - Navigate to 'https://www.saucedemo.com/' successfully

09-07-2024T20:24:40 - [TEST_STEP][PASSED] - verifyElementPresent(findTestObject("Logo"), 0): Object 'Object Repository/Logo' is present

09-07-2024T20:24:40 - [MESSAGE][WARNING] - Timeout '0' is invalid. Using default page load timeout: '30'

09-07-2024T20:25:08 - [MESSAGE][PASSED] - Object 'Object Repository/Logo' is present

09-07-2024T20:25:08 - [TEST_STEP][PASSED] - setText(findTestObject("Object Repository/Page_Swag Labs/input_Swag Labs_user-name"), "standard_user"): Text 'standard_user' is set on object 'Object Repository/Page_Swag Labs/input_Swag Labs_user-name'

09-07-2024T20:26:09 - [MESSAGE][PASSED] - Text 'standard_user' is set on object 'Object Repository/Page_Swag Labs/input_Swag Labs_user-name'

09-07-2024T20:26:09 - [TEST_STEP][PASSED] - setEncryptedText(findTestObject("Object Repository/Page_Swag Labs/input_Swag Labs_password"), "qcu24s4901FyWDTwXGr6XA=="): Text ****** has been set on object 'Object Repository/Page_Swag Labs/input_Swag Labs_password'

09-07-2024T20:26:39 - [MESSAGE][PASSED] - Text ****** has been set on object 'Object Repository/Page_Swag Labs/input_Swag Labs_password'

09-07-2024T20:26:39 - [TEST_STEP][PASSED] - click(findTestObject("Object Repository/Page_Swag Labs/input_Swag Labs_login-button")): Object: 'Object Repository/Page_Swag Labs/input_Swag Labs_login-button' is clicked on

09-07-2024T20:27:09 - [MESSAGE][PASSED] - Object: 'Object Repository/Page_Swag Labs/input_Swag Labs_login-button' is clicked on

09-07-2024T20:27:09 - [TEST_STEP][PASSED] - click(findTestObject("Object Repository/Page_Swag Labs/div_Swag Labs")): Object: 'Object Repository/Page_Swag Labs/div_Swag Labs' is clicked on

09-07-2024T20:27:30 - [MESSAGE][PASSED] - Object: 'Object Repository/Page_Swag Labs/div_Swag Labs' is clicked on

09-07-2024T20:27:30 - [TEST_STEP][PASSED] - verifyElementText(findTestObject("Object Repository/Page_Swag Labs/div_Swag Labs"), "Swag Labs"): Actual text and expected text of test object 'Object Repository/Page_Swag Labs/div_Swag Labs' are matched.

09-07-2024T20:28:00 - [MESSAGE][PASSED] - Actual text and expected text of test object 'Object Repository/Page_Swag Labs/div_Swag Labs' are matched.

09-07-2024T20:28:01 - [MESSAGE][PASSED] - Call Test Case 'Test Cases/Login' successfully

09-07-2024T20:28:01 - [TEST_STEP][PASSED] - click(findTestObject("HomePage/MenuButton")): Object: 'Object Repository/HomePage/MenuButton' is clicked on

09-07-2024T20:28:29 - [MESSAGE][PASSED] - Object: 'Object Repository/HomePage/MenuButton' is clicked on

09-07-2024T20:28:29 - [TEST_STEP][PASSED] - click(findTestObject("HomePage/AllItems")): Object: 'Object Repository/HomePage/AllItems' is clicked on

09-07-2024T20:29:00 - [MESSAGE][PASSED] - Object: 'Object Repository/HomePage/AllItems' is clicked on

09-07-2024T20:29:00 - [TEST_STEP][PASSED] - click(findTestObject("HomePage/CloseMenu")): Object: 'Object Repository/HomePage/CloseMenu' is clicked on

09-07-2024T20:29:14 - [MESSAGE][PASSED] - Object: 'Object Repository/HomePage/CloseMenu' is clicked on]]></system-out>
         <system-err><![CDATA[]]></system-err>
      </testcase>
      <system-out><![CDATA[09-07-2024T20:24:22 - [TEST_SUITE][PASSED] - Regression: Test Cases/SelectMenu]]></system-out>
      <system-err><![CDATA[]]></system-err>
   </testsuite>
</testsuites>
